0:0:0:0:0:0:0:1 -  -  [03/四月/2015:14:11:06 +0000] "GET /openhab.app?sitemap=demo HTTP/1.1" 200 7711 
0:0:0:0:0:0:0:1 -  -  [03/四月/2015:14:11:08 +0000] "GET /jquery.miniColors.css HTTP/1.1" 200 3525 
0:0:0:0:0:0:0:1 -  -  [03/四月/2015:14:11:08 +0000] "GET /WebApp/Design/openHAB.css HTTP/1.1" 200 101 
0:0:0:0:0:0:0:1 -  -  [03/四月/2015:14:11:08 +0000] "GET /WebApp/Design/Firefox.css HTTP/1.1" 200 3505 
0:0:0:0:0:0:0:1 -  -  [03/四月/2015:14:11:08 +0000] "GET /WebApp/Action/Logic.js HTTP/1.1" 200 22591 
0:0:0:0:0:0:0:1 -  -  [03/四月/2015:14:11:08 +0000] "GET /WebApp/Design/RenderRTL.css HTTP/1.1" 200 2903 
0:0:0:0:0:0:0:1 -  -  [03/四月/2015:14:11:08 +0000] "GET /jquery.miniColors.js HTTP/1.1" 200 20436 
0:0:0:0:0:0:0:1 -  -  [03/四月/2015:14:11:08 +0000] "GET /WebApp/Design/Render.css HTTP/1.1" 200 16314 
0:0:0:0:0:0:0:1 -  -  [03/四月/2015:14:11:08 +0000] "GET /jquery.min.js HTTP/1.1" 200 93637 
0:0:0:0:0:0:0:1 -  -  [03/四月/2015:14:11:08 +0000] "GET /images/temperature.png HTTP/1.1" 200 4361 
0:0:0:0:0:0:0:1 -  -  [03/四月/2015:14:11:08 +0000] "GET /images/firstfloor.png HTTP/1.1" 200 4473 
0:0:0:0:0:0:0:1 -  -  [03/四月/2015:14:11:08 +0000] "GET /images/garden.png HTTP/1.1" 200 5237 
0:0:0:0:0:0:0:1 -  -  [03/四月/2015:14:11:08 +0000] "GET /images/calendar.png HTTP/1.1" 200 4333 
0:0:0:0:0:0:0:1 -  -  [03/四月/2015:14:11:08 +0000] "GET /images/groundfloor.png HTTP/1.1" 200 5194 
0:0:0:0:0:0:0:1 -  -  [03/四月/2015:14:11:08 +0000] "GET /images/cellar.png HTTP/1.1" 200 5294 
0:0:0:0:0:0:0:1 -  -  [03/四月/2015:14:11:08 +0000] "GET /images/chart.png HTTP/1.1" 200 3772 
0:0:0:0:0:0:0:1 -  -  [03/四月/2015:14:11:08 +0000] "GET /images/video.png HTTP/1.1" 200 5269 
0:0:0:0:0:0:0:1 -  -  [03/四月/2015:14:11:08 +0000] "GET /images/none.png HTTP/1.1" 200 132 
0:0:0:0:0:0:0:1 -  -  [03/四月/2015:14:11:09 +0000] "GET /WebApp/Design/Img/bg.png HTTP/1.1" 200 115 
0:0:0:0:0:0:0:1 -  -  [03/四月/2015:14:11:09 +0000] "GET /WebApp/Design/Img/select.png HTTP/1.1" 200 135 
0:0:0:0:0:0:0:1 -  -  [03/四月/2015:14:11:09 +0000] "GET /WebApp/Design/Img/loader-white-100x12x2.png HTTP/1.1" 200 621 
0:0:0:0:0:0:0:1 -  -  [03/四月/2015:14:11:09 +0000] "GET /WebApp/Design/Img/loader-white-100x12x1.png HTTP/1.1" 200 608 
0:0:0:0:0:0:0:1 -  -  [03/四月/2015:14:11:09 +0000] "GET /WebApp/Design/Img/loader-white-100x12x3.png HTTP/1.1" 200 615 
0:0:0:0:0:0:0:1 -  -  [03/四月/2015:14:11:09 +0000] "GET /WebApp/Design/Img/loader-white-100x12x4.png HTTP/1.1" 200 615 
0:0:0:0:0:0:0:1 -  -  [03/四月/2015:14:11:09 +0000] "GET /WebApp/Design/Img/loader-white-100x12x5.png HTTP/1.1" 200 608 
0:0:0:0:0:0:0:1 -  -  [03/四月/2015:14:11:10 +0000] "GET /WebApp/Design/Img/loader-white-100x12x6.png HTTP/1.1" 200 601 
0:0:0:0:0:0:0:1 -  -  [03/四月/2015:14:11:10 +0000] "GET /WebApp/Design/Img/loader-white-100x12x7.png HTTP/1.1" 200 607 
0:0:0:0:0:0:0:1 -  -  [03/四月/2015:14:11:10 +0000] "GET /WebApp/Design/Img/loader-white-100x12x8.png HTTP/1.1" 200 616 
0:0:0:0:0:0:0:1 -  -  [03/四月/2015:14:11:10 +0000] "GET /WebApp/Design/Img/loader-white-100x12x9.png HTTP/1.1" 200 604 
0:0:0:0:0:0:0:1 -  -  [03/四月/2015:14:11:10 +0000] "GET /WebApp/Design/Img/loader-white-100x12x10.png HTTP/1.1" 200 608 
0:0:0:0:0:0:0:1 -  -  [03/四月/2015:14:11:10 +0000] "GET /WebApp/Design/Img/loader-white-100x12x11.png HTTP/1.1" 200 606 
0:0:0:0:0:0:0:1 -  -  [03/四月/2015:14:11:10 +0000] "GET /WebApp/Design/Img/loader-white-100x12x12.png HTTP/1.1" 200 616 
0:0:0:0:0:0:0:1 -  -  [03/四月/2015:14:11:10 +0000] "GET /WebApp/Design/Img/loader-gray-100x12x1.png HTTP/1.1" 200 701 
0:0:0:0:0:0:0:1 -  -  [03/四月/2015:14:11:10 +0000] "GET /WebApp/Design/Img/loader-gray-100x12x2.png HTTP/1.1" 200 693 
0:0:0:0:0:0:0:1 -  -  [03/四月/2015:14:11:10 +0000] "GET /WebApp/Design/Img/loader-gray-100x12x3.png HTTP/1.1" 200 700 
0:0:0:0:0:0:0:1 -  -  [03/四月/2015:14:11:10 +0000] "GET /WebApp/Design/Img/loader-gray-100x12x4.png HTTP/1.1" 200 689 
0:0:0:0:0:0:0:1 -  -  [03/四月/2015:14:11:10 +0000] "GET /WebApp/Design/Img/loader-gray-100x12x5.png HTTP/1.1" 200 699 
0:0:0:0:0:0:0:1 -  -  [03/四月/2015:14:11:10 +0000] "GET /WebApp/Design/Img/loader-gray-100x12x6.png HTTP/1.1" 200 689 
0:0:0:0:0:0:0:1 -  -  [03/四月/2015:14:11:11 +0000] "GET /WebApp/Design/Img/bg-head.png HTTP/1.1" 200 152 
0:0:0:0:0:0:0:1 -  -  [03/四月/2015:14:11:11 +0000] "GET /WebApp/Design/Img/loader-gray-100x12x10.png HTTP/1.1" 200 692 
0:0:0:0:0:0:0:1 -  -  [03/四月/2015:14:11:11 +0000] "GET /WebApp/Design/Img/chevron-select.png HTTP/1.1" 200 196 
0:0:0:0:0:0:0:1 -  -  [03/四月/2015:14:11:11 +0000] "GET /WebApp/Design/Img/loader-big-white-100x12x8.png HTTP/1.1" 200 1897 
0:0:0:0:0:0:0:1 -  -  [03/四月/2015:14:11:11 +0000] "GET /WebApp/Design/Img/loader-gray-100x12x12.png HTTP/1.1" 200 694 
0:0:0:0:0:0:0:1 -  -  [03/四月/2015:14:11:11 +0000] "GET /WebApp/Design/Img/button-simple-touch.png HTTP/1.1" 200 665 
0:0:0:0:0:0:0:1 -  -  [03/四月/2015:14:11:11 +0000] "GET /WebApp/Design/Img/loader-big-white-100x12x11.png HTTP/1.1" 200 1889 
0:0:0:0:0:0:0:1 -  -  [03/四月/2015:14:11:11 +0000] "GET /WebApp/Design/Img/loader-big-white-100x12x3.png HTTP/1.1" 200 1849 
0:0:0:0:0:0:0:1 -  -  [03/四月/2015:14:11:11 +0000] "GET /WebApp/Design/Img/loader-big-white-100x12x6.png HTTP/1.1" 200 1901 
0:0:0:0:0:0:0:1 -  -  [03/四月/2015:14:11:13 +0000] "GET /WebApp/Design/Img/loader-big-white-100x12x12.png HTTP/1.1" 200 1873 
0:0:0:0:0:0:0:1 -  -  [03/四月/2015:14:11:13 +0000] "GET /WebApp/Design/Img/loader-gray-100x12x9.png HTTP/1.1" 200 692 
0:0:0:0:0:0:0:1 -  -  [03/四月/2015:14:11:13 +0000] "GET /WebApp/Design/Img/loader-gray-100x12x8.png HTTP/1.1" 200 688 
0:0:0:0:0:0:0:1 -  -  [03/四月/2015:14:11:13 +0000] "GET /WebApp/Design/Img/loader-big-white-100x12x9.png HTTP/1.1" 200 1876 
0:0:0:0:0:0:0:1 -  -  [03/四月/2015:14:11:13 +0000] "GET /WebApp/Design/Img/loader-gray-100x12x7.png HTTP/1.1" 200 689 
0:0:0:0:0:0:0:1 -  -  [03/四月/2015:14:11:14 +0000] "GET /WebApp/Design/Img/loader-big-white-100x12x2.png HTTP/1.1" 200 1870 
0:0:0:0:0:0:0:1 -  -  [03/四月/2015:14:11:15 +0000] "GET /WebApp/Design/Img/loader-big-white-100x12x1.png HTTP/1.1" 200 1873 
0:0:0:0:0:0:0:1 -  -  [03/四月/2015:14:11:16 +0000] "GET /WebApp/Design/Img/loader-big-white-100x12x10.png HTTP/1.1" 200 1893 
0:0:0:0:0:0:0:1 -  -  [03/四月/2015:14:11:16 +0000] "GET /WebApp/Design/Img/check-sel.png HTTP/1.1" 200 290 
0:0:0:0:0:0:0:1 -  -  [03/四月/2015:14:11:17 +0000] "GET /WebApp/Design/Img/loader-big-white-100x12x4.png HTTP/1.1" 200 1923 
0:0:0:0:0:0:0:1 -  -  [03/四月/2015:14:11:18 +0000] "GET /WebApp/Design/Img/loader-big-white-100x12x5.png HTTP/1.1" 200 1914 
0:0:0:0:0:0:0:1 -  -  [03/四月/2015:14:11:18 +0000] "GET /WebApp/Design/Img/button-back-touch.png HTTP/1.1" 200 932 
0:0:0:0:0:0:0:1 -  -  [03/四月/2015:14:11:18 +0000] "GET /WebApp/Design/Img/loader-gray-100x12x11.png HTTP/1.1" 200 688 
0:0:0:0:0:0:0:1 -  -  [03/四月/2015:14:11:19 +0000] "GET /WebApp/Design/Img/loader-big-white-100x12x7.png HTTP/1.1" 200 1859 
0:0:0:0:0:0:0:1 -  -  [03/四月/2015:14:11:19 +0000] "GET /WebApp/Design/Img/button-back.png HTTP/1.1" 200 940 
0:0:0:0:0:0:0:1 -  -  [03/四月/2015:14:11:20 +0000] "GET /WebApp/Design/Img/button-simple.png HTTP/1.1" 200 670 
0:0:0:0:0:0:0:1 -  -  [03/四月/2015:14:11:22 +0000] "GET /WebApp/Design/Img/chevron.png HTTP/1.1" 200 254 
0:0:0:0:0:0:0:1 -  -  [03/四月/2015:14:11:23 +0000] "GET /jquery.minicolors.png HTTP/1.1" 200 50867 
0:0:0:0:0:0:0:1 -  -  [03/四月/2015:14:11:23 +0000] "GET /images/favicon.ico HTTP/1.1" 200 1150 
0:0:0:0:0:0:0:1 -  -  [03/四月/2015:14:11:34 +0000] "GET /openhab.app?sitemap=demo&w=0000&__async=true&__source=waHome HTTP/1.1" 200 1078 
0:0:0:0:0:0:0:1 -  -  [03/四月/2015:14:11:36 +0000] "GET /images/bath.png HTTP/1.1" 200 386 
0:0:0:0:0:0:0:1 -  -  [03/四月/2015:14:11:37 +0000] "GET /images/bedroom.png HTTP/1.1" 200 2690 
0:0:0:0:0:0:0:1 -  -  [03/四月/2015:14:11:37 +0000] "GET /images/corridor.png HTTP/1.1" 200 4365 
0:0:0:0:0:0:0:1 -  -  [03/四月/2015:14:11:37 +0000] "GET /images/boy1.png HTTP/1.1" 200 4483 
0:0:0:0:0:0:0:1 -  -  [03/四月/2015:14:11:36 +0000] "GET /images/office.png HTTP/1.1" 200 5131 
0:0:0:0:0:0:0:1 -  -  [03/四月/2015:14:11:27 +0000] "GET /openhab.app?sitemap=demo&poll=true&__async=true&__source=waHome HTTP/1.1" 200 92 
0:0:0:0:0:0:0:1 -  -  [03/四月/2015:14:11:48 +0000] "GET /openhab.app?sitemap=demo&w=0100&__async=true&__source=waHome HTTP/1.1" 200 1743 
0:0:0:0:0:0:0:1 -  -  [03/四月/2015:14:11:49 +0000] "GET /WebApp/Design/Img/button-blue.png HTTP/1.1" 200 741 
0:0:0:0:0:0:0:1 -  -  [03/四月/2015:14:11:40 +0000] "GET /openhab.app?sitemap=demo&sitemap=demo&w=0000&poll=true&__async=true&__source=wa0000 HTTP/1.1" 200 92 
0:0:0:0:0:0:0:1 -  -  [03/四月/2015:14:11:42 +0000] "GET /openhab.app?sitemap=demo&sitemap=demo&w=&poll=true&__async=true&__source=waHome HTTP/1.1" 200 92 
0:0:0:0:0:0:0:1 -  -  [03/四月/2015:14:11:49 +0000] "GET /chart?groups=Weather_Chart&period=h&random=1 HTTP/1.1" 200 3041 
0:0:0:0:0:0:0:1 -  -  [03/四月/2015:14:11:49 +0000] "GET /openhab.app?sitemap=demo&sitemap=demo&w=0100&poll=true&__async=true&__source=wa0100 HTTP/1.1" 200 92 
0:0:0:0:0:0:0:1 -  -  [03/四月/2015:14:11:51 +0000] "GET /openhab.app?sitemap=demo&sitemap=demo&w=0000&poll=true&__async=true&__source=waHome HTTP/1.1" 200 92 
0:0:0:0:0:0:0:1 -  -  [03/四月/2015:14:11:53 +0000] "GET /openhab.app?sitemap=demo&sitemap=demo&w=Home&poll=true&__async=true&__source=waHome HTTP/1.1" 200 92 
0:0:0:0:0:0:0:1 -  -  [03/四月/2015:14:11:53 +0000] "GET /openhab.app?sitemap=demo&sitemap=demo&w=&poll=true&__async=true&__source=waHome HTTP/1.1" 200 92 
0:0:0:0:0:0:0:1 -  -  [03/四月/2015:14:12:00 +0000] "GET /openhab.app?sitemap=demo&sitemap=demo&w=0100&poll=true&__async=true&__source=waHome HTTP/1.1" 200 92 
0:0:0:0:0:0:0:1 -  -  [03/四月/2015:14:12:01 +0000] "GET /openhab.app?sitemap=demo&sitemap=demo&w=0000&poll=true&__async=true&__source=waHome HTTP/1.1" 200 92 
0:0:0:0:0:0:0:1 -  -  [03/四月/2015:14:12:03 +0000] "GET /openhab.app?sitemap=demo&sitemap=demo&w=Home&poll=true&__async=true&__source=waHome HTTP/1.1" 200 92 
0:0:0:0:0:0:0:1 -  -  [03/四月/2015:14:12:04 +0000] "GET /openhab.app?sitemap=demo&sitemap=demo&w=&poll=true&__async=true&__source=waHome HTTP/1.1" 200 92 
0:0:0:0:0:0:0:1 -  -  [03/四月/2015:14:12:11 +0000] "GET /openhab.app?sitemap=demo&sitemap=demo&w=0100&poll=true&__async=true&__source=waHome HTTP/1.1" 200 92 
0:0:0:0:0:0:0:1 -  -  [03/四月/2015:14:12:12 +0000] "GET /openhab.app?sitemap=demo&sitemap=demo&w=0000&poll=true&__async=true&__source=waHome HTTP/1.1" 200 92 
0:0:0:0:0:0:0:1 -  -  [03/四月/2015:14:12:14 +0000] "GET /openhab.app?sitemap=demo&sitemap=demo&w=&poll=true&__async=true&__source=waHome HTTP/1.1" 200 92 
0:0:0:0:0:0:0:1 -  -  [03/四月/2015:14:12:14 +0000] "GET /openhab.app?sitemap=demo&sitemap=demo&w=Home&poll=true&__async=true&__source=waHome HTTP/1.1" 200 92 
0:0:0:0:0:0:0:1 -  -  [03/四月/2015:14:12:21 +0000] "GET /openhab.app?sitemap=demo&sitemap=demo&w=0100&poll=true&__async=true&__source=waHome HTTP/1.1" 200 92 
0:0:0:0:0:0:0:1 -  -  [03/四月/2015:14:12:23 +0000] "GET /openhab.app?sitemap=demo&sitemap=demo&w=0000&poll=true&__async=true&__source=waHome HTTP/1.1" 200 92 
0:0:0:0:0:0:0:1 -  -  [03/四月/2015:14:12:25 +0000] "GET /openhab.app?sitemap=demo&sitemap=demo&w=&poll=true&__async=true&__source=waHome HTTP/1.1" 200 92 
0:0:0:0:0:0:0:1 -  -  [03/四月/2015:14:12:25 +0000] "GET /openhab.app?sitemap=demo&sitemap=demo&w=Home&poll=true&__async=true&__source=waHome HTTP/1.1" 200 92 
0:0:0:0:0:0:0:1 -  -  [03/四月/2015:14:12:32 +0000] "GET /openhab.app?sitemap=demo&sitemap=demo&w=0100&poll=true&__async=true&__source=waHome HTTP/1.1" 200 92 
0:0:0:0:0:0:0:1 -  -  [03/四月/2015:14:12:33 +0000] "GET /openhab.app?sitemap=demo&sitemap=demo&w=0000&poll=true&__async=true&__source=waHome HTTP/1.1" 200 92 
0:0:0:0:0:0:0:1 -  -  [03/四月/2015:14:12:35 +0000] "GET /openhab.app?sitemap=demo&sitemap=demo&w=&poll=true&__async=true&__source=waHome HTTP/1.1" 200 92 
0:0:0:0:0:0:0:1 -  -  [03/四月/2015:14:12:35 +0000] "GET /openhab.app?sitemap=demo&sitemap=demo&w=Home&poll=true&__async=true&__source=waHome HTTP/1.1" 200 92 
0:0:0:0:0:0:0:1 -  -  [03/四月/2015:14:12:42 +0000] "GET /openhab.app?sitemap=demo&sitemap=demo&w=0100&poll=true&__async=true&__source=waHome HTTP/1.1" 200 92 
0:0:0:0:0:0:0:1 -  -  [03/四月/2015:14:12:44 +0000] "GET /openhab.app?sitemap=demo&sitemap=demo&w=0000&poll=true&__async=true&__source=waHome HTTP/1.1" 200 92 
0:0:0:0:0:0:0:1 -  -  [03/四月/2015:14:12:46 +0000] "GET /openhab.app?sitemap=demo&sitemap=demo&w=&poll=true&__async=true&__source=waHome HTTP/1.1" 200 92 
0:0:0:0:0:0:0:1 -  -  [03/四月/2015:14:12:46 +0000] "GET /openhab.app?sitemap=demo&sitemap=demo&w=Home&poll=true&__async=true&__source=waHome HTTP/1.1" 200 92 
0:0:0:0:0:0:0:1 -  -  [03/四月/2015:14:12:53 +0000] "GET /openhab.app?sitemap=demo&sitemap=demo&w=0100&poll=true&__async=true&__source=waHome HTTP/1.1" 200 92 
0:0:0:0:0:0:0:1 -  -  [03/四月/2015:14:12:54 +0000] "GET /openhab.app?sitemap=demo&sitemap=demo&w=0000&poll=true&__async=true&__source=waHome HTTP/1.1" 200 92 
0:0:0:0:0:0:0:1 -  -  [03/四月/2015:14:12:56 +0000] "GET /openhab.app?sitemap=demo&sitemap=demo&w=&poll=true&__async=true&__source=waHome HTTP/1.1" 200 92 
0:0:0:0:0:0:0:1 -  -  [03/四月/2015:14:12:56 +0000] "GET /openhab.app?sitemap=demo&sitemap=demo&w=Home&poll=true&__async=true&__source=waHome HTTP/1.1" 200 92 
0:0:0:0:0:0:0:1 -  -  [03/四月/2015:14:13:03 +0000] "GET /openhab.app?sitemap=demo&sitemap=demo&w=0100&poll=true&__async=true&__source=waHome HTTP/1.1" 200 92 
0:0:0:0:0:0:0:1 -  -  [03/四月/2015:14:13:05 +0000] "GET /openhab.app?sitemap=demo&sitemap=demo&w=0000&poll=true&__async=true&__source=waHome HTTP/1.1" 200 92 
0:0:0:0:0:0:0:1 -  -  [03/四月/2015:14:13:07 +0000] "GET /openhab.app?sitemap=demo&sitemap=demo&w=&poll=true&__async=true&__source=waHome HTTP/1.1" 200 92 
0:0:0:0:0:0:0:1 -  -  [03/四月/2015:14:13:07 +0000] "GET /openhab.app?sitemap=demo&sitemap=demo&w=Home&poll=true&__async=true&__source=waHome HTTP/1.1" 200 92 
0:0:0:0:0:0:0:1 -  -  [03/四月/2015:14:13:14 +0000] "GET /openhab.app?sitemap=demo&sitemap=demo&w=0100&poll=true&__async=true&__source=waHome HTTP/1.1" 200 92 
0:0:0:0:0:0:0:1 -  -  [03/四月/2015:14:13:15 +0000] "GET /openhab.app?sitemap=demo&sitemap=demo&w=0000&poll=true&__async=true&__source=waHome HTTP/1.1" 200 92 
0:0:0:0:0:0:0:1 -  -  [03/四月/2015:14:13:17 +0000] "GET /openhab.app?sitemap=demo&sitemap=demo&w=&poll=true&__async=true&__source=waHome HTTP/1.1" 200 92 
0:0:0:0:0:0:0:1 -  -  [03/四月/2015:14:13:17 +0000] "GET /openhab.app?sitemap=demo&sitemap=demo&w=Home&poll=true&__async=true&__source=waHome HTTP/1.1" 200 92 
0:0:0:0:0:0:0:1 -  -  [03/四月/2015:14:13:24 +0000] "GET /openhab.app?sitemap=demo&sitemap=demo&w=0100&poll=true&__async=true&__source=waHome HTTP/1.1" 200 92 
0:0:0:0:0:0:0:1 -  -  [03/四月/2015:14:13:26 +0000] "GET /openhab.app?sitemap=demo&sitemap=demo&w=0000&poll=true&__async=true&__source=waHome HTTP/1.1" 200 92 
0:0:0:0:0:0:0:1 -  -  [03/四月/2015:14:13:28 +0000] "GET /openhab.app?sitemap=demo&sitemap=demo&w=&poll=true&__async=true&__source=waHome HTTP/1.1" 200 92 
0:0:0:0:0:0:0:1 -  -  [03/四月/2015:14:13:28 +0000] "GET /openhab.app?sitemap=demo&sitemap=demo&w=Home&poll=true&__async=true&__source=waHome HTTP/1.1" 200 92 
0:0:0:0:0:0:0:1 -  -  [03/四月/2015:14:13:35 +0000] "GET /openhab.app?sitemap=demo&sitemap=demo&w=0100&poll=true&__async=true&__source=waHome HTTP/1.1" 200 92 
0:0:0:0:0:0:0:1 -  -  [03/四月/2015:14:13:36 +0000] "GET /openhab.app?sitemap=demo&sitemap=demo&w=0000&poll=true&__async=true&__source=waHome HTTP/1.1" 200 92 
0:0:0:0:0:0:0:1 -  -  [03/四月/2015:14:13:38 +0000] "GET /openhab.app?sitemap=demo&sitemap=demo&w=&poll=true&__async=true&__source=waHome HTTP/1.1" 200 92 
0:0:0:0:0:0:0:1 -  -  [03/四月/2015:14:13:38 +0000] "GET /openhab.app?sitemap=demo&sitemap=demo&w=Home&poll=true&__async=true&__source=waHome HTTP/1.1" 200 92 
0:0:0:0:0:0:0:1 -  -  [03/四月/2015:14:13:45 +0000] "GET /openhab.app?sitemap=demo&sitemap=demo&w=0100&poll=true&__async=true&__source=waHome HTTP/1.1" 200 92 
0:0:0:0:0:0:0:1 -  -  [03/四月/2015:14:13:47 +0000] "GET /openhab.app?sitemap=demo&sitemap=demo&w=0000&poll=true&__async=true&__source=waHome HTTP/1.1" 200 92 
0:0:0:0:0:0:0:1 -  -  [03/四月/2015:14:13:49 +0000] "GET /openhab.app?sitemap=demo&sitemap=demo&w=&poll=true&__async=true&__source=waHome HTTP/1.1" 200 92 
0:0:0:0:0:0:0:1 -  -  [03/四月/2015:14:13:49 +0000] "GET /openhab.app?sitemap=demo&sitemap=demo&w=Home&poll=true&__async=true&__source=waHome HTTP/1.1" 200 92 
0:0:0:0:0:0:0:1 -  -  [03/四月/2015:14:13:56 +0000] "GET /openhab.app?sitemap=demo&sitemap=demo&w=0100&poll=true&__async=true&__source=waHome HTTP/1.1" 200 92 
0:0:0:0:0:0:0:1 -  -  [03/四月/2015:14:13:57 +0000] "GET /openhab.app?sitemap=demo&sitemap=demo&w=0000&poll=true&__async=true&__source=waHome HTTP/1.1" 200 92 
0:0:0:0:0:0:0:1 -  -  [03/四月/2015:14:13:59 +0000] "GET /openhab.app?sitemap=demo&sitemap=demo&w=&poll=true&__async=true&__source=waHome HTTP/1.1" 200 92 
0:0:0:0:0:0:0:1 -  -  [03/四月/2015:14:14:00 +0000] "GET /openhab.app?sitemap=demo&sitemap=demo&w=Home&poll=true&__async=true&__source=waHome HTTP/1.1" 200 92 
0:0:0:0:0:0:0:1 -  -  [03/四月/2015:14:14:07 +0000] "GET /openhab.app?sitemap=demo&sitemap=demo&w=0100&poll=true&__async=true&__source=waHome HTTP/1.1" 200 92 
0:0:0:0:0:0:0:1 -  -  [03/四月/2015:14:14:08 +0000] "GET /openhab.app?sitemap=demo&sitemap=demo&w=0000&poll=true&__async=true&__source=waHome HTTP/1.1" 200 92 
0:0:0:0:0:0:0:1 -  -  [03/四月/2015:14:14:10 +0000] "GET /openhab.app?sitemap=demo&sitemap=demo&w=&poll=true&__async=true&__source=waHome HTTP/1.1" 200 92 
0:0:0:0:0:0:0:1 -  -  [03/四月/2015:14:14:10 +0000] "GET /openhab.app?sitemap=demo&sitemap=demo&w=Home&poll=true&__async=true&__source=waHome HTTP/1.1" 200 92 
0:0:0:0:0:0:0:1 -  -  [03/四月/2015:14:14:17 +0000] "GET /openhab.app?sitemap=demo&sitemap=demo&w=0100&poll=true&__async=true&__source=waHome HTTP/1.1" 200 1746 
0:0:0:0:0:0:0:1 -  -  [03/四月/2015:14:14:19 +0000] "GET /openhab.app?sitemap=demo&sitemap=demo&w=0000&poll=true&__async=true&__source=waHome HTTP/1.1" 200 92 
0:0:0:0:0:0:0:1 -  -  [03/四月/2015:14:14:21 +0000] "GET /openhab.app?sitemap=demo&sitemap=demo&w=&poll=true&__async=true&__source=waHome HTTP/1.1" 200 92 
0:0:0:0:0:0:0:1 -  -  [03/四月/2015:14:14:21 +0000] "GET /openhab.app?sitemap=demo&sitemap=demo&w=Home&poll=true&__async=true&__source=waHome HTTP/1.1" 200 92 
0:0:0:0:0:0:0:1 -  -  [03/四月/2015:14:14:27 +0000] "GET /openhab.app?sitemap=demo&sitemap=demo&w=0100&poll=true&__async=true&__source=waHome HTTP/1.1" 200 92 
0:0:0:0:0:0:0:1 -  -  [03/四月/2015:14:14:29 +0000] "GET /openhab.app?sitemap=demo&sitemap=demo&w=0000&poll=true&__async=true&__source=waHome HTTP/1.1" 200 92 
0:0:0:0:0:0:0:1 -  -  [03/四月/2015:14:14:31 +0000] "GET /openhab.app?sitemap=demo&sitemap=demo&w=&poll=true&__async=true&__source=waHome HTTP/1.1" 200 92 
0:0:0:0:0:0:0:1 -  -  [03/四月/2015:14:14:31 +0000] "GET /openhab.app?sitemap=demo&sitemap=demo&w=Home&poll=true&__async=true&__source=waHome HTTP/1.1" 200 92 
0:0:0:0:0:0:0:1 -  -  [03/四月/2015:14:14:37 +0000] "GET /openhab.app?sitemap=demo&sitemap=demo&w=0100&poll=true&__async=true&__source=waHome HTTP/1.1" 200 92 
0:0:0:0:0:0:0:1 -  -  [03/四月/2015:14:14:40 +0000] "GET /openhab.app?sitemap=demo&sitemap=demo&w=0000&poll=true&__async=true&__source=waHome HTTP/1.1" 200 92 
0:0:0:0:0:0:0:1 -  -  [03/四月/2015:14:14:42 +0000] "GET /openhab.app?sitemap=demo&sitemap=demo&w=&poll=true&__async=true&__source=waHome HTTP/1.1" 200 92 
0:0:0:0:0:0:0:1 -  -  [03/四月/2015:14:14:42 +0000] "GET /openhab.app?sitemap=demo&sitemap=demo&w=Home&poll=true&__async=true&__source=waHome HTTP/1.1" 200 92 
0:0:0:0:0:0:0:1 -  -  [03/四月/2015:14:14:48 +0000] "GET /openhab.app?sitemap=demo&sitemap=demo&w=0100&poll=true&__async=true&__source=waHome HTTP/1.1" 200 92 
0:0:0:0:0:0:0:1 -  -  [03/四月/2015:14:14:52 +0000] "GET /openhab.app?sitemap=demo&sitemap=demo&w=&poll=true&__async=true&__source=waHome HTTP/1.1" 200 1847 
0:0:0:0:0:0:0:1 -  -  [03/四月/2015:14:14:52 +0000] "GET /openhab.app?sitemap=demo&sitemap=demo&w=Home&poll=true&__async=true&__source=waHome HTTP/1.1" 200 1847 
0:0:0:0:0:0:0:1 -  -  [03/四月/2015:14:14:50 +0000] "GET /openhab.app?sitemap=demo&sitemap=demo&w=0000&poll=true&__async=true&__source=waHome HTTP/1.1" 200 1078 
0:0:0:0:0:0:0:1 -  -  [03/四月/2015:14:15:00 +0000] "GET /openhab.app?sitemap=demo&sitemap=demo&w=&poll=true&__async=true&__source=waHome HTTP/1.1" 200 1847 
0:0:0:0:0:0:0:1 -  -  [03/四月/2015:14:15:00 +0000] "GET /openhab.app?sitemap=demo&sitemap=demo&w=Home&poll=true&__async=true&__source=waHome HTTP/1.1" 200 1847 
0:0:0:0:0:0:0:1 -  -  [03/四月/2015:14:14:58 +0000] "GET /openhab.app?sitemap=demo&sitemap=demo&w=0100&poll=true&__async=true&__source=waHome HTTP/1.1" 200 92 
0:0:0:0:0:0:0:1 -  -  [03/四月/2015:14:15:00 +0000] "GET /openhab.app?sitemap=demo&sitemap=demo&w=0000&poll=true&__async=true&__source=waHome HTTP/1.1" 200 92 
0:0:0:0:0:0:0:1 -  -  [03/四月/2015:14:15:00 +0000] "GET /openhab.app?sitemap=demo&sitemap=demo&w=&poll=true&__async=true&__source=waHome HTTP/1.1" 200 92 
0:0:0:0:0:0:0:1 -  -  [03/四月/2015:14:15:00 +0000] "GET /openhab.app?sitemap=demo&sitemap=demo&w=Home&poll=true&__async=true&__source=waHome HTTP/1.1" 200 92 
0:0:0:0:0:0:0:1 -  -  [03/四月/2015:14:15:09 +0000] "GET /openhab.app?sitemap=demo&sitemap=demo&w=0100&poll=true&__async=true&__source=waHome HTTP/1.1" 200 92 
0:0:0:0:0:0:0:1 -  -  [03/四月/2015:14:15:11 +0000] "GET /openhab.app?sitemap=demo&sitemap=demo&w=0000&poll=true&__async=true&__source=waHome HTTP/1.1" 200 92 
0:0:0:0:0:0:0:1 -  -  [03/四月/2015:14:15:11 +0000] "GET /openhab.app?sitemap=demo&sitemap=demo&w=&poll=true&__async=true&__source=waHome HTTP/1.1" 200 92 
0:0:0:0:0:0:0:1 -  -  [03/四月/2015:14:15:11 +0000] "GET /openhab.app?sitemap=demo&sitemap=demo&w=Home&poll=true&__async=true&__source=waHome HTTP/1.1" 200 92 
0:0:0:0:0:0:0:1 -  -  [03/四月/2015:14:15:19 +0000] "GET /openhab.app?sitemap=demo&sitemap=demo&w=0100&poll=true&__async=true&__source=waHome HTTP/1.1" 200 92 
0:0:0:0:0:0:0:1 -  -  [03/四月/2015:14:15:21 +0000] "GET /openhab.app?sitemap=demo&sitemap=demo&w=0000&poll=true&__async=true&__source=waHome HTTP/1.1" 200 92 
0:0:0:0:0:0:0:1 -  -  [03/四月/2015:14:15:21 +0000] "GET /openhab.app?sitemap=demo&sitemap=demo&w=&poll=true&__async=true&__source=waHome HTTP/1.1" 200 92 
0:0:0:0:0:0:0:1 -  -  [03/四月/2015:14:15:21 +0000] "GET /openhab.app?sitemap=demo&sitemap=demo&w=Home&poll=true&__async=true&__source=waHome HTTP/1.1" 200 92 
0:0:0:0:0:0:0:1 -  -  [03/四月/2015:14:15:30 +0000] "GET /openhab.app?sitemap=demo&sitemap=demo&w=0100&poll=true&__async=true&__source=waHome HTTP/1.1" 200 1748 
0:0:0:0:0:0:0:1 -  -  [03/四月/2015:14:15:32 +0000] "GET /openhab.app?sitemap=demo&sitemap=demo&w=&poll=true&__async=true&__source=waHome HTTP/1.1" 200 1847 
0:0:0:0:0:0:0:1 -  -  [03/四月/2015:14:15:32 +0000] "GET /openhab.app?sitemap=demo&sitemap=demo&w=Home&poll=true&__async=true&__source=waHome HTTP/1.1" 200 1847 
0:0:0:0:0:0:0:1 -  -  [03/四月/2015:14:15:36 +0000] "GET /openhab.app?sitemap=demo&sitemap=demo&w=0100&poll=true&__async=true&__source=waHome HTTP/1.1" 200 1778 
0:0:0:0:0:0:0:1 -  -  [03/四月/2015:14:15:36 +0000] "GET /openhab.app?sitemap=demo&sitemap=demo&w=0100&poll=true&__async=true&__source=waHome HTTP/1.1" 200 1783 
0:0:0:0:0:0:0:1 -  -  [03/四月/2015:14:15:32 +0000] "GET /openhab.app?sitemap=demo&sitemap=demo&w=0000&poll=true&__async=true&__source=waHome HTTP/1.1" 200 92 
0:0:0:0:0:0:0:1 -  -  [03/四月/2015:14:15:36 +0000] "GET /openhab.app?sitemap=demo&sitemap=demo&w=&poll=true&__async=true&__source=waHome HTTP/1.1" 200 92 
0:0:0:0:0:0:0:1 -  -  [03/四月/2015:14:15:36 +0000] "GET /openhab.app?sitemap=demo&sitemap=demo&w=Home&poll=true&__async=true&__source=waHome HTTP/1.1" 200 92 
0:0:0:0:0:0:0:1 -  -  [03/四月/2015:14:15:37 +0000] "GET /openhab.app?sitemap=demo&sitemap=demo&w=0100&poll=true&__async=true&__source=waHome HTTP/1.1" 200 92 
0:0:0:0:0:0:0:1 -  -  [03/四月/2015:14:15:42 +0000] "GET /openhab.app?sitemap=demo&sitemap=demo&w=0000&poll=true&__async=true&__source=waHome HTTP/1.1" 200 92 
0:0:0:0:0:0:0:1 -  -  [03/四月/2015:14:15:46 +0000] "GET /openhab.app?sitemap=demo&sitemap=demo&w=&poll=true&__async=true&__source=waHome HTTP/1.1" 200 92 
0:0:0:0:0:0:0:1 -  -  [03/四月/2015:14:15:47 +0000] "GET /openhab.app?sitemap=demo&sitemap=demo&w=Home&poll=true&__async=true&__source=waHome HTTP/1.1" 200 92 
0:0:0:0:0:0:0:1 -  -  [03/四月/2015:14:15:47 +0000] "GET /openhab.app?sitemap=demo&sitemap=demo&w=0100&poll=true&__async=true&__source=waHome HTTP/1.1" 200 92 
0:0:0:0:0:0:0:1 -  -  [03/四月/2015:14:15:53 +0000] "GET /openhab.app?sitemap=demo&sitemap=demo&w=0000&poll=true&__async=true&__source=waHome HTTP/1.1" 200 92 
0:0:0:0:0:0:0:1 -  -  [03/四月/2015:14:15:57 +0000] "GET /openhab.app?sitemap=demo&sitemap=demo&w=&poll=true&__async=true&__source=waHome HTTP/1.1" 200 92 
0:0:0:0:0:0:0:1 -  -  [03/四月/2015:14:15:57 +0000] "GET /openhab.app?sitemap=demo&sitemap=demo&w=Home&poll=true&__async=true&__source=waHome HTTP/1.1" 200 92 
0:0:0:0:0:0:0:1 -  -  [03/四月/2015:14:15:58 +0000] "GET /openhab.app?sitemap=demo&sitemap=demo&w=0100&poll=true&__async=true&__source=waHome HTTP/1.1" 200 92 
0:0:0:0:0:0:0:1 -  -  [03/四月/2015:14:16:03 +0000] "GET /openhab.app?sitemap=demo&sitemap=demo&w=0000&poll=true&__async=true&__source=waHome HTTP/1.1" 200 92 
0:0:0:0:0:0:0:1 -  -  [03/四月/2015:14:16:08 +0000] "GET /openhab.app?sitemap=demo&sitemap=demo&w=&poll=true&__async=true&__source=waHome HTTP/1.1" 200 92 
0:0:0:0:0:0:0:1 -  -  [03/四月/2015:14:16:08 +0000] "GET /openhab.app?sitemap=demo&sitemap=demo&w=Home&poll=true&__async=true&__source=waHome HTTP/1.1" 200 92 
0:0:0:0:0:0:0:1 -  -  [03/四月/2015:14:16:08 +0000] "GET /openhab.app?sitemap=demo&sitemap=demo&w=0100&poll=true&__async=true&__source=waHome HTTP/1.1" 200 92 
0:0:0:0:0:0:0:1 -  -  [03/四月/2015:14:16:14 +0000] "GET /openhab.app?sitemap=demo&sitemap=demo&w=0000&poll=true&__async=true&__source=waHome HTTP/1.1" 200 92 
0:0:0:0:0:0:0:1 -  -  [03/四月/2015:14:16:18 +0000] "GET /openhab.app?sitemap=demo&sitemap=demo&w=&poll=true&__async=true&__source=waHome HTTP/1.1" 200 92 
0:0:0:0:0:0:0:1 -  -  [03/四月/2015:14:16:18 +0000] "GET /openhab.app?sitemap=demo&sitemap=demo&w=Home&poll=true&__async=true&__source=waHome HTTP/1.1" 200 92 
0:0:0:0:0:0:0:1 -  -  [03/四月/2015:14:16:19 +0000] "GET /openhab.app?sitemap=demo&sitemap=demo&w=0100&poll=true&__async=true&__source=waHome HTTP/1.1" 200 92 
0:0:0:0:0:0:0:1 -  -  [03/四月/2015:14:16:25 +0000] "GET /openhab.app?sitemap=demo&sitemap=demo&w=0000&poll=true&__async=true&__source=waHome HTTP/1.1" 200 92 
0:0:0:0:0:0:0:1 -  -  [03/四月/2015:14:16:30 +0000] "GET /openhab.app?sitemap=demo&sitemap=demo&w=0100&poll=true&__async=true&__source=waHome HTTP/1.1" 200 1901 
0:0:0:0:0:0:0:1 -  -  [03/四月/2015:14:16:36 +0000] "GET /images/clock.png HTTP/1.1" 200 1176 
0:0:0:0:0:0:0:1 -  -  [03/四月/2015:14:16:29 +0000] "GET /openhab.app?sitemap=demo&sitemap=demo&w=&poll=true&__async=true&__source=waHome HTTP/1.1" 200 92 
0:0:0:0:0:0:0:1 -  -  [03/四月/2015:14:16:29 +0000] "GET /openhab.app?sitemap=demo&sitemap=demo&w=Home&poll=true&__async=true&__source=waHome HTTP/1.1" 200 92 
0:0:0:0:0:0:0:1 -  -  [03/四月/2015:14:16:35 +0000] "GET /openhab.app?sitemap=demo&sitemap=demo&w=0000&poll=true&__async=true&__source=waHome HTTP/1.1" 200 92 
0:0:0:0:0:0:0:1 -  -  [03/四月/2015:14:16:36 +0000] "GET /openhab.app?sitemap=demo&sitemap=demo&w=0100&poll=true&__async=true&__source=waHome HTTP/1.1" 200 92 
0:0:0:0:0:0:0:1 -  -  [03/四月/2015:14:16:39 +0000] "GET /openhab.app?sitemap=demo&sitemap=demo&w=&poll=true&__async=true&__source=waHome HTTP/1.1" 200 92 
0:0:0:0:0:0:0:1 -  -  [03/四月/2015:14:16:39 +0000] "GET /openhab.app?sitemap=demo&sitemap=demo&w=Home&poll=true&__async=true&__source=waHome HTTP/1.1" 200 92 
0:0:0:0:0:0:0:1 -  -  [03/四月/2015:14:16:46 +0000] "GET /openhab.app?sitemap=demo&sitemap=demo&w=0000&poll=true&__async=true&__source=waHome HTTP/1.1" 200 92 
0:0:0:0:0:0:0:1 -  -  [03/四月/2015:14:16:46 +0000] "GET /openhab.app?sitemap=demo&sitemap=demo&w=0100&poll=true&__async=true&__source=waHome HTTP/1.1" 200 92 
0:0:0:0:0:0:0:1 -  -  [03/四月/2015:14:16:50 +0000] "GET /openhab.app?sitemap=demo&sitemap=demo&w=&poll=true&__async=true&__source=waHome HTTP/1.1" 200 92 
0:0:0:0:0:0:0:1 -  -  [03/四月/2015:14:16:50 +0000] "GET /openhab.app?sitemap=demo&sitemap=demo&w=Home&poll=true&__async=true&__source=waHome HTTP/1.1" 200 92 
0:0:0:0:0:0:0:1 -  -  [03/四月/2015:14:16:56 +0000] "GET /openhab.app?sitemap=demo&sitemap=demo&w=0000&poll=true&__async=true&__source=waHome HTTP/1.1" 200 92 
0:0:0:0:0:0:0:1 -  -  [03/四月/2015:14:16:57 +0000] "GET /openhab.app?sitemap=demo&sitemap=demo&w=0100&poll=true&__async=true&__source=waHome HTTP/1.1" 200 92 
0:0:0:0:0:0:0:1 -  -  [03/四月/2015:14:17:00 +0000] "GET /openhab.app?sitemap=demo&sitemap=demo&w=&poll=true&__async=true&__source=waHome HTTP/1.1" 200 92 
0:0:0:0:0:0:0:1 -  -  [03/四月/2015:14:17:00 +0000] "GET /openhab.app?sitemap=demo&sitemap=demo&w=Home&poll=true&__async=true&__source=waHome HTTP/1.1" 200 92 
0:0:0:0:0:0:0:1 -  -  [03/四月/2015:14:17:07 +0000] "GET /openhab.app?sitemap=demo&sitemap=demo&w=0000&poll=true&__async=true&__source=waHome HTTP/1.1" 200 92 
0:0:0:0:0:0:0:1 -  -  [03/四月/2015:14:17:07 +0000] "GET /openhab.app?sitemap=demo&sitemap=demo&w=0100&poll=true&__async=true&__source=waHome HTTP/1.1" 200 92 
0:0:0:0:0:0:0:1 -  -  [03/四月/2015:14:17:11 +0000] "GET /openhab.app?sitemap=demo&sitemap=demo&w=&poll=true&__async=true&__source=waHome HTTP/1.1" 200 92 
0:0:0:0:0:0:0:1 -  -  [03/四月/2015:14:17:11 +0000] "GET /openhab.app?sitemap=demo&sitemap=demo&w=Home&poll=true&__async=true&__source=waHome HTTP/1.1" 200 92 
0:0:0:0:0:0:0:1 -  -  [03/四月/2015:14:17:17 +0000] "GET /openhab.app?sitemap=demo&sitemap=demo&w=0000&poll=true&__async=true&__source=waHome HTTP/1.1" 200 92 
0:0:0:0:0:0:0:1 -  -  [03/四月/2015:14:17:18 +0000] "GET /openhab.app?sitemap=demo&sitemap=demo&w=0100&poll=true&__async=true&__source=waHome HTTP/1.1" 200 92 
0:0:0:0:0:0:0:1 -  -  [03/四月/2015:14:17:21 +0000] "GET /openhab.app?sitemap=demo&sitemap=demo&w=&poll=true&__async=true&__source=waHome HTTP/1.1" 200 92 
0:0:0:0:0:0:0:1 -  -  [03/四月/2015:14:17:21 +0000] "GET /openhab.app?sitemap=demo&sitemap=demo&w=Home&poll=true&__async=true&__source=waHome HTTP/1.1" 200 92 
0:0:0:0:0:0:0:1 -  -  [03/四月/2015:14:17:28 +0000] "GET /openhab.app?sitemap=demo&sitemap=demo&w=0000&poll=true&__async=true&__source=waHome HTTP/1.1" 200 92 
0:0:0:0:0:0:0:1 -  -  [03/四月/2015:14:17:28 +0000] "GET /openhab.app?sitemap=demo&sitemap=demo&w=0100&poll=true&__async=true&__source=waHome HTTP/1.1" 200 92 
0:0:0:0:0:0:0:1 -  -  [03/四月/2015:14:17:32 +0000] "GET /openhab.app?sitemap=demo&sitemap=demo&w=&poll=true&__async=true&__source=waHome HTTP/1.1" 200 92 
0:0:0:0:0:0:0:1 -  -  [03/四月/2015:14:17:32 +0000] "GET /openhab.app?sitemap=demo&sitemap=demo&w=Home&poll=true&__async=true&__source=waHome HTTP/1.1" 200 92 
0:0:0:0:0:0:0:1 -  -  [03/四月/2015:14:17:44 +0000] "GET /openhab.app?sitemap=demo&w=0000&__async=true&__source=waHome HTTP/1.1" 200 1078 
0:0:0:0:0:0:0:1 -  -  [03/四月/2015:14:17:45 +0000] "GET /openhab.app?sitemap=demo&w=FF_Bath&__async=true&__source=wa0000 HTTP/1.1" 200 2426 
0:0:0:0:0:0:0:1 -  -  [03/四月/2015:14:17:45 +0000] "GET /images/switch-off.png HTTP/1.1" 200 1467 
0:0:0:0:0:0:0:1 -  -  [03/四月/2015:14:17:45 +0000] "GET /images/heating-off.png HTTP/1.1" 200 4710 
0:0:0:0:0:0:0:1 -  -  [03/四月/2015:14:17:45 +0000] "GET /images/rollershutter.png HTTP/1.1" 200 4037 
0:0:0:0:0:0:0:1 -  -  [03/四月/2015:14:17:45 +0000] "GET /images/_down.png HTTP/1.1" 200 1690 
0:0:0:0:0:0:0:1 -  -  [03/四月/2015:14:17:45 +0000] "GET /images/_stop.png HTTP/1.1" 200 1911 
0:0:0:0:0:0:0:1 -  -  [03/四月/2015:14:17:45 +0000] "GET /images/_up.png HTTP/1.1" 200 1697 
0:0:0:0:0:0:0:1 -  -  [03/四月/2015:14:17:45 +0000] "GET /images/contact-open.png HTTP/1.1" 200 4596 
0:0:0:0:0:0:0:1 -  -  [03/四月/2015:14:17:46 +0000] "GET /WebApp/Design/Img/bg-switch.png HTTP/1.1" 200 157 
0:0:0:0:0:0:0:1 -  -  [03/四月/2015:14:17:46 +0000] "GET /WebApp/Design/Img/form-check-text.png HTTP/1.1" 200 122 
0:0:0:0:0:0:0:1 -  -  [03/四月/2015:14:17:46 +0000] "GET /WebApp/Design/Img/bg-switch-thumb.png HTTP/1.1" 200 164 
0:0:0:0:0:0:0:1 -  -  [03/四月/2015:14:17:48 +0000] "GET /CMD?Light_FF_Bath_Ceiling=TOGGLE&__async=true&__source=waFF_Bath HTTP/1.1" 200 0 
0:0:0:0:0:0:0:1 -  -  [03/四月/2015:14:17:44 +0000] "GET /openhab.app?sitemap=demo&sitemap=demo&w=0000&poll=true&__async=true&__source=wa0000 HTTP/1.1" 200 1078 
0:0:0:0:0:0:0:1 -  -  [03/四月/2015:14:17:48 +0000] "GET /WebApp/Design/Img/form-check-texton.png HTTP/1.1" 200 121 
0:0:0:0:0:0:0:1 -  -  [03/四月/2015:14:17:46 +0000] "GET /openhab.app?sitemap=demo&sitemap=demo&w=FF_Bath&poll=true&__async=true&__source=waFF_Bath HTTP/1.1" 200 2437 
0:0:0:0:0:0:0:1 -  -  [03/四月/2015:14:17:42 +0000] "GET /openhab.app?sitemap=demo&sitemap=demo&w=Home&poll=true&__async=true&__source=waHome HTTP/1.1" 200 1849 
0:0:0:0:0:0:0:1 -  -  [03/四月/2015:14:17:48 +0000] "GET /images/switch-on.png HTTP/1.1" 200 2076 
0:0:0:0:0:0:0:1 -  -  [03/四月/2015:14:17:38 +0000] "GET /openhab.app?sitemap=demo&sitemap=demo&w=0000&poll=true&__async=true&__source=waHome HTTP/1.1" 200 92 
0:0:0:0:0:0:0:1 -  -  [03/四月/2015:14:17:42 +0000] "GET /openhab.app?sitemap=demo&sitemap=demo&w=&poll=true&__async=true&__source=waHome HTTP/1.1" 200 1849 
0:0:0:0:0:0:0:1 -  -  [03/四月/2015:14:17:39 +0000] "GET /openhab.app?sitemap=demo&sitemap=demo&w=0100&poll=true&__async=true&__source=waHome HTTP/1.1" 200 92 
0:0:0:0:0:0:0:1 -  -  [03/四月/2015:14:17:57 +0000] "GET /CMD?Shutter_FF_Bath=UP&__async=true&__source=waFF_Bath HTTP/1.1" 200 0 
0:0:0:0:0:0:0:1 -  -  [03/四月/2015:14:17:48 +0000] "GET /openhab.app?sitemap=demo&sitemap=demo&w=FF_Bath&poll=true&__async=true&__source=waFF_Bath HTTP/1.1" 200 2439 
0:0:0:0:0:0:0:1 -  -  [03/四月/2015:14:17:58 +0000] "GET /images/rollershutter-0.png HTTP/1.1" 200 3856 
0:0:0:0:0:0:0:1 -  -  [03/四月/2015:14:17:59 +0000] "GET /CMD?Shutter_FF_Bath=UP&__async=true&__source=waFF_Bath HTTP/1.1" 200 0 
0:0:0:0:0:0:0:1 -  -  [03/四月/2015:14:17:58 +0000] "GET /openhab.app?sitemap=demo&sitemap=demo&w=FF_Bath&poll=true&__async=true&__source=waFF_Bath HTTP/1.1" 200 2439 
0:0:0:0:0:0:0:1 -  -  [03/四月/2015:14:18:00 +0000] "GET /CMD?Shutter_FF_Bath=UP&__async=true&__source=waFF_Bath HTTP/1.1" 200 0 
0:0:0:0:0:0:0:1 -  -  [03/四月/2015:14:18:00 +0000] "GET /openhab.app?sitemap=demo&sitemap=demo&w=FF_Bath&poll=true&__async=true&__source=waFF_Bath HTTP/1.1" 200 2439 
0:0:0:0:0:0:0:1 -  -  [03/四月/2015:14:18:00 +0000] "GET /CMD?Shutter_FF_Bath=UP&__async=true&__source=waFF_Bath HTTP/1.1" 200 0 
0:0:0:0:0:0:0:1 -  -  [03/四月/2015:14:18:00 +0000] "GET /openhab.app?sitemap=demo&sitemap=demo&w=FF_Bath&poll=true&__async=true&__source=waFF_Bath HTTP/1.1" 200 2439 
0:0:0:0:0:0:0:1 -  -  [03/四月/2015:14:18:01 +0000] "GET /CMD?Shutter_FF_Bath=DOWN&__async=true&__source=waFF_Bath HTTP/1.1" 200 0 
0:0:0:0:0:0:0:1 -  -  [03/四月/2015:14:18:01 +0000] "GET /openhab.app?sitemap=demo&sitemap=demo&w=FF_Bath&poll=true&__async=true&__source=waFF_Bath HTTP/1.1" 200 2441 
0:0:0:0:0:0:0:1 -  -  [03/四月/2015:14:18:02 +0000] "GET /images/rollershutter-100.png HTTP/1.1" 200 3992 
0:0:0:0:0:0:0:1 -  -  [03/四月/2015:14:18:02 +0000] "GET /CMD?Shutter_FF_Bath=DOWN&__async=true&__source=waFF_Bath HTTP/1.1" 200 0 
0:0:0:0:0:0:0:1 -  -  [03/四月/2015:14:18:02 +0000] "GET /openhab.app?sitemap=demo&sitemap=demo&w=FF_Bath&poll=true&__async=true&__source=waFF_Bath HTTP/1.1" 200 2441 
0:0:0:0:0:0:0:1 -  -  [03/四月/2015:14:18:03 +0000] "GET /CMD?Shutter_FF_Bath=DOWN&__async=true&__source=waFF_Bath HTTP/1.1" 200 0 
0:0:0:0:0:0:0:1 -  -  [03/四月/2015:14:18:02 +0000] "GET /openhab.app?sitemap=demo&sitemap=demo&w=FF_Bath&poll=true&__async=true&__source=waFF_Bath HTTP/1.1" 200 2441 
0:0:0:0:0:0:0:1 -  -  [03/四月/2015:14:18:04 +0000] "GET /CMD?Shutter_FF_Bath=UP&__async=true&__source=waFF_Bath HTTP/1.1" 200 0 
0:0:0:0:0:0:0:1 -  -  [03/四月/2015:14:18:03 +0000] "GET /openhab.app?sitemap=demo&sitemap=demo&w=FF_Bath&poll=true&__async=true&__source=waFF_Bath HTTP/1.1" 200 2439 
0:0:0:0:0:0:0:1 -  -  [03/四月/2015:14:18:07 +0000] "GET /CMD?Shutter_FF_Bath=DOWN&__async=true&__source=waFF_Bath HTTP/1.1" 200 0 
0:0:0:0:0:0:0:1 -  -  [03/四月/2015:14:18:04 +0000] "GET /openhab.app?sitemap=demo&sitemap=demo&w=FF_Bath&poll=true&__async=true&__source=waFF_Bath HTTP/1.1" 200 2441 
0:0:0:0:0:0:0:1 -  -  [03/四月/2015:14:18:08 +0000] "GET /CMD?Shutter_FF_Bath=DOWN&__async=true&__source=waFF_Bath HTTP/1.1" 200 0 
0:0:0:0:0:0:0:1 -  -  [03/四月/2015:14:18:07 +0000] "GET /openhab.app?sitemap=demo&sitemap=demo&w=FF_Bath&poll=true&__async=true&__source=waFF_Bath HTTP/1.1" 200 2441 
0:0:0:0:0:0:0:1 -  -  [03/四月/2015:14:18:09 +0000] "GET /CMD?Shutter_FF_Bath=STOP&__async=true&__source=waFF_Bath HTTP/1.1" 200 0 
0:0:0:0:0:0:0:1 -  -  [03/四月/2015:14:18:11 +0000] "GET /CMD?Shutter_FF_Bath=STOP&__async=true&__source=waFF_Bath HTTP/1.1" 200 0 
0:0:0:0:0:0:0:1 -  -  [03/四月/2015:14:18:12 +0000] "GET /CMD?Shutter_FF_Bath=UP&__async=true&__source=waFF_Bath HTTP/1.1" 200 0 
0:0:0:0:0:0:0:1 -  -  [03/四月/2015:14:18:08 +0000] "GET /openhab.app?sitemap=demo&sitemap=demo&w=FF_Bath&poll=true&__async=true&__source=waFF_Bath HTTP/1.1" 200 2439 
0:0:0:0:0:0:0:1 -  -  [03/四月/2015:14:18:13 +0000] "GET /CMD?Shutter_FF_Bath=STOP&__async=true&__source=waFF_Bath HTTP/1.1" 200 0 
0:0:0:0:0:0:0:1 -  -  [03/四月/2015:14:18:14 +0000] "GET /CMD?Shutter_FF_Bath=STOP&__async=true&__source=waFF_Bath HTTP/1.1" 200 0 
0:0:0:0:0:0:0:1 -  -  [03/四月/2015:14:18:15 +0000] "GET /CMD?Shutter_FF_Bath=DOWN&__async=true&__source=waFF_Bath HTTP/1.1" 200 0 
0:0:0:0:0:0:0:1 -  -  [03/四月/2015:14:18:12 +0000] "GET /openhab.app?sitemap=demo&sitemap=demo&w=FF_Bath&poll=true&__async=true&__source=waFF_Bath HTTP/1.1" 200 2441 
0:0:0:0:0:0:0:1 -  -  [03/四月/2015:14:18:15 +0000] "GET /openhab.app?sitemap=demo&sitemap=demo&w=FF_Bath&poll=true&__async=true&__source=waFF_Bath HTTP/1.1" 200 2452 
0:0:0:0:0:0:0:1 -  -  [03/四月/2015:14:18:20 +0000] "GET /CMD?Heating_FF_Bath=TOGGLE&__async=true&__source=waFF_Bath HTTP/1.1" 200 0 
0:0:0:0:0:0:0:1 -  -  [03/四月/2015:14:18:20 +0000] "GET /images/heating-on.png HTTP/1.1" 200 5038 
0:0:0:0:0:0:0:1 -  -  [03/四月/2015:14:18:21 +0000] "GET /CMD?Heating_FF_Bath=TOGGLE&__async=true&__source=waFF_Bath HTTP/1.1" 200 0 
0:0:0:0:0:0:0:1 -  -  [03/四月/2015:14:18:20 +0000] "GET /openhab.app?sitemap=demo&sitemap=demo&w=FF_Bath&poll=true&__async=true&__source=waFF_Bath HTTP/1.1" 200 2441 
0:0:0:0:0:0:0:1 -  -  [03/四月/2015:14:18:23 +0000] "GET /CMD?Light_FF_Bath_Mirror=TOGGLE&__async=true&__source=waFF_Bath HTTP/1.1" 200 0 
0:0:0:0:0:0:0:1 -  -  [03/四月/2015:14:18:21 +0000] "GET /openhab.app?sitemap=demo&sitemap=demo&w=FF_Bath&poll=true&__async=true&__source=waFF_Bath HTTP/1.1" 200 2452 
0:0:0:0:0:0:0:1 -  -  [03/四月/2015:14:18:24 +0000] "GET /CMD?Light_FF_Bath_Mirror=TOGGLE&__async=true&__source=waFF_Bath HTTP/1.1" 200 0 
0:0:0:0:0:0:0:1 -  -  [03/四月/2015:14:18:23 +0000] "GET /openhab.app?sitemap=demo&sitemap=demo&w=FF_Bath&poll=true&__async=true&__source=waFF_Bath HTTP/1.1" 200 2441 
0:0:0:0:0:0:0:1 -  -  [03/四月/2015:14:18:25 +0000] "GET /CMD?Light_FF_Bath_Ceiling=TOGGLE&__async=true&__source=waFF_Bath HTTP/1.1" 200 0 
0:0:0:0:0:0:0:1 -  -  [03/四月/2015:14:18:24 +0000] "GET /openhab.app?sitemap=demo&sitemap=demo&w=FF_Bath&poll=true&__async=true&__source=waFF_Bath HTTP/1.1" 200 2430 
0:0:0:0:0:0:0:1 -  -  [03/四月/2015:14:18:30 +0000] "GET /openhab.app?sitemap=demo&w=0001&__async=true&__source=waHome HTTP/1.1" 200 958 
0:0:0:0:0:0:0:1 -  -  [03/四月/2015:14:18:30 +0000] "GET /images/kitchen.png HTTP/1.1" 200 5021 
0:0:0:0:0:0:0:1 -  -  [03/四月/2015:14:18:32 +0000] "GET /openhab.app?sitemap=demo&w=GF_Living&__async=true&__source=wa0001 HTTP/1.1" 200 2948 
0:0:0:0:0:0:0:1 -  -  [03/四月/2015:14:18:32 +0000] "GET /images/slider-0.png HTTP/1.1" 200 1467 
0:0:0:0:0:0:0:1 -  -  [03/四月/2015:14:18:32 +0000] "GET /images/contact-closed.png HTTP/1.1" 200 4262 
0:0:0:0:0:0:0:1 -  -  [03/四月/2015:14:18:25 +0000] "GET /openhab.app?sitemap=demo&sitemap=demo&w=FF_Bath&poll=true&__async=true&__source=waFF_Bath HTTP/1.1" 200 92 
0:0:0:0:0:0:0:1 -  -  [03/四月/2015:14:18:30 +0000] "GET /openhab.app?sitemap=demo&sitemap=demo&w=0001&poll=true&__async=true&__source=wa0001 HTTP/1.1" 200 958 
0:0:0:0:0:0:0:1 -  -  [03/四月/2015:14:18:37 +0000] "GET /CMD?Heating_GF_Living=TOGGLE&__async=true&__source=waGF_Living HTTP/1.1" 200 0 
0:0:0:0:0:0:0:1 -  -  [03/四月/2015:14:18:32 +0000] "GET /openhab.app?sitemap=demo&sitemap=demo&w=GF_Living&poll=true&__async=true&__source=waGF_Living HTTP/1.1" 200 2959 
0:0:0:0:0:0:0:1 -  -  [03/四月/2015:14:18:29 +0000] "GET /openhab.app?sitemap=demo&sitemap=demo&w=Home&poll=true&__async=true&__source=waHome HTTP/1.1" 200 1849 
0:0:0:0:0:0:0:1 -  -  [03/四月/2015:14:18:39 +0000] "GET /CMD?Heating_GF_Living=TOGGLE&__async=true&__source=waGF_Living HTTP/1.1" 200 0 
0:0:0:0:0:0:0:1 -  -  [03/四月/2015:14:18:38 +0000] "GET /openhab.app?sitemap=demo&sitemap=demo&w=GF_Living&poll=true&__async=true&__source=waGF_Living HTTP/1.1" 200 2948 
0:0:0:0:0:0:0:1 -  -  [03/四月/2015:14:18:40 +0000] "GET /CMD?Light_GF_Living_Table=ON&__async=true&__source=waGF_Living HTTP/1.1" 200 0 
0:0:0:0:0:0:0:1 -  -  [03/四月/2015:14:18:39 +0000] "GET /openhab.app?sitemap=demo&sitemap=demo&w=GF_Living&poll=true&__async=true&__source=waGF_Living HTTP/1.1" 200 2950 
0:0:0:0:0:0:0:1 -  -  [03/四月/2015:14:18:41 +0000] "GET /images/slider-100.png HTTP/1.1" 200 2076 
0:0:0:0:0:0:0:1 -  -  [03/四月/2015:14:18:42 +0000] "GET /CMD?Light_GF_Living_Table=ON&__async=true&__source=waGF_Living HTTP/1.1" 200 0 
0:0:0:0:0:0:0:1 -  -  [03/四月/2015:14:18:41 +0000] "GET /openhab.app?sitemap=demo&sitemap=demo&w=GF_Living&poll=true&__async=true&__source=waGF_Living HTTP/1.1" 200 2950 
0:0:0:0:0:0:0:1 -  -  [03/四月/2015:14:18:44 +0000] "GET /CMD?Light_GF_Living_Table=ON&__async=true&__source=waGF_Living HTTP/1.1" 200 0 
0:0:0:0:0:0:0:1 -  -  [03/四月/2015:14:18:42 +0000] "GET /openhab.app?sitemap=demo&sitemap=demo&w=GF_Living&poll=true&__async=true&__source=waGF_Living HTTP/1.1" 200 2950 
0:0:0:0:0:0:0:1 -  -  [03/四月/2015:14:18:45 +0000] "GET /CMD?Light_GF_Living_Table=ON&__async=true&__source=waGF_Living HTTP/1.1" 200 0 
0:0:0:0:0:0:0:1 -  -  [03/四月/2015:14:18:45 +0000] "GET /CMD?Light_GF_Living_Table=INCREASE&__async=true&__source=waGF_Living HTTP/1.1" 200 0 
0:0:0:0:0:0:0:1 -  -  [03/四月/2015:14:18:46 +0000] "GET /CMD?Light_GF_Living_Table=INCREASE&__async=true&__source=waGF_Living HTTP/1.1" 200 0 
0:0:0:0:0:0:0:1 -  -  [03/四月/2015:14:18:44 +0000] "GET /openhab.app?sitemap=demo&sitemap=demo&w=GF_Living&poll=true&__async=true&__source=waGF_Living HTTP/1.1" 200 2950 
0:0:0:0:0:0:0:1 -  -  [03/四月/2015:14:18:46 +0000] "GET /CMD?Light_GF_Living_Table=INCREASE&__async=true&__source=waGF_Living HTTP/1.1" 200 0 
0:0:0:0:0:0:0:1 -  -  [03/四月/2015:14:18:46 +0000] "GET /CMD?Light_GF_Living_Table=INCREASE&__async=true&__source=waGF_Living HTTP/1.1" 200 0 
0:0:0:0:0:0:0:1 -  -  [03/四月/2015:14:18:47 +0000] "GET /CMD?Light_GF_Living_Table=OFF&__async=true&__source=waGF_Living HTTP/1.1" 200 0 
0:0:0:0:0:0:0:1 -  -  [03/四月/2015:14:18:46 +0000] "GET /openhab.app?sitemap=demo&sitemap=demo&w=GF_Living&poll=true&__async=true&__source=waGF_Living HTTP/1.1" 200 2948 
0:0:0:0:0:0:0:1 -  -  [03/四月/2015:14:18:51 +0000] "GET /openhab.app?sitemap=demo&w=GF_Kitchen&__async=true&__source=wa0001 HTTP/1.1" 200 2505 
0:0:0:0:0:0:0:1 -  -  [03/四月/2015:14:18:47 +0000] "GET /openhab.app?sitemap=demo&sitemap=demo&w=GF_Living&poll=true&__async=true&__source=waGF_Living HTTP/1.1" 200 92 
0:0:0:0:0:0:0:1 -  -  [03/四月/2015:14:18:58 +0000] "GET /CMD?Shutter_GF_Kitchen=UP&__async=true&__source=waGF_Kitchen HTTP/1.1" 200 0 
0:0:0:0:0:0:0:1 -  -  [03/四月/2015:14:18:50 +0000] "GET /openhab.app?sitemap=demo&sitemap=demo&w=0001&poll=true&__async=true&__source=wa0001 HTTP/1.1" 200 958 
0:0:0:0:0:0:0:1 -  -  [03/四月/2015:14:18:52 +0000] "GET /openhab.app?sitemap=demo&sitemap=demo&w=GF_Kitchen&poll=true&__async=true&__source=waGF_Kitchen HTTP/1.1" 200 2507 
0:0:0:0:0:0:0:1 -  -  [03/四月/2015:14:18:59 +0000] "GET /CMD?Shutter_GF_Kitchen=UP&__async=true&__source=waGF_Kitchen HTTP/1.1" 200 0 
0:0:0:0:0:0:0:1 -  -  [03/四月/2015:14:18:59 +0000] "GET /openhab.app?sitemap=demo&sitemap=demo&w=GF_Kitchen&poll=true&__async=true&__source=waGF_Kitchen HTTP/1.1" 200 2507 
0:0:0:0:0:0:0:1 -  -  [03/四月/2015:14:19:00 +0000] "GET /CMD?Heating_GF_Kitchen=TOGGLE&__async=true&__source=waGF_Kitchen HTTP/1.1" 200 0 
0:0:0:0:0:0:0:1 -  -  [03/四月/2015:14:19:00 +0000] "GET /openhab.app?sitemap=demo&sitemap=demo&w=GF_Kitchen&poll=true&__async=true&__source=waGF_Kitchen HTTP/1.1" 200 2518 
0:0:0:0:0:0:0:1 -  -  [03/四月/2015:14:19:01 +0000] "GET /CMD?Heating_GF_Kitchen=TOGGLE&__async=true&__source=waGF_Kitchen HTTP/1.1" 200 0 
0:0:0:0:0:0:0:1 -  -  [03/四月/2015:14:19:01 +0000] "GET /openhab.app?sitemap=demo&sitemap=demo&w=GF_Kitchen&poll=true&__async=true&__source=waGF_Kitchen HTTP/1.1" 200 2507 
0:0:0:0:0:0:0:1 -  -  [03/四月/2015:14:19:02 +0000] "GET /CMD?Light_GF_Kitchen_Table=TOGGLE&__async=true&__source=waGF_Kitchen HTTP/1.1" 200 0 
0:0:0:0:0:0:0:1 -  -  [03/四月/2015:14:19:01 +0000] "GET /openhab.app?sitemap=demo&sitemap=demo&w=GF_Kitchen&poll=true&__async=true&__source=waGF_Kitchen HTTP/1.1" 200 2518 
0:0:0:0:0:0:0:1 -  -  [03/四月/2015:14:19:02 +0000] "GET /CMD?Light_GF_Kitchen_Table=TOGGLE&__async=true&__source=waGF_Kitchen HTTP/1.1" 200 0 
0:0:0:0:0:0:0:1 -  -  [03/四月/2015:14:19:02 +0000] "GET /openhab.app?sitemap=demo&sitemap=demo&w=GF_Kitchen&poll=true&__async=true&__source=waGF_Kitchen HTTP/1.1" 200 2507 
0:0:0:0:0:0:0:1 -  -  [03/四月/2015:14:19:08 +0000] "GET /openhab.app?sitemap=demo&w=0000&__async=true&__source=waHome HTTP/1.1" 200 1078 
0:0:0:0:0:0:0:1 -  -  [03/四月/2015:14:19:09 +0000] "GET /openhab.app?sitemap=demo&w=FF_Bath&__async=true&__source=wa0000 HTTP/1.1" 200 2430 
0:0:0:0:0:0:0:1 -  -  [03/四月/2015:14:19:03 +0000] "GET /openhab.app?sitemap=demo&sitemap=demo&w=GF_Kitchen&poll=true&__async=true&__source=waGF_Kitchen HTTP/1.1" 200 92 
0:0:0:0:0:0:0:1 -  -  [03/四月/2015:14:19:05 +0000] "GET /openhab.app?sitemap=demo&sitemap=demo&w=0001&poll=true&__async=true&__source=wa0001 HTTP/1.1" 200 92 
0:0:0:0:0:0:0:1 -  -  [03/四月/2015:14:19:06 +0000] "GET /openhab.app?sitemap=demo&sitemap=demo&w=Home&poll=true&__async=true&__source=waHome HTTP/1.1" 200 92 
0:0:0:0:0:0:0:1 -  -  [03/四月/2015:14:19:08 +0000] "GET /openhab.app?sitemap=demo&sitemap=demo&w=0000&poll=true&__async=true&__source=wa0000 HTTP/1.1" 200 92 
0:0:0:0:0:0:0:1 -  -  [03/四月/2015:14:19:09 +0000] "GET /openhab.app?sitemap=demo&sitemap=demo&w=FF_Bath&poll=true&__async=true&__source=waFF_Bath HTTP/1.1" 200 92 
0:0:0:0:0:0:0:1 -  -  [03/四月/2015:14:19:13 +0000] "GET /openhab.app?sitemap=demo&sitemap=demo&w=GF_Kitchen&poll=true&__async=true&__source=waHome HTTP/1.1" 200 92 
0:0:0:0:0:0:0:1 -  -  [03/四月/2015:14:19:16 +0000] "GET /openhab.app?sitemap=demo&sitemap=demo&w=0001&poll=true&__async=true&__source=waHome HTTP/1.1" 200 92 
0:0:0:0:0:0:0:1 -  -  [03/四月/2015:14:19:17 +0000] "GET /openhab.app?sitemap=demo&sitemap=demo&w=Home&poll=true&__async=true&__source=waHome HTTP/1.1" 200 92 
0:0:0:0:0:0:0:1 -  -  [03/四月/2015:14:19:19 +0000] "GET /openhab.app?sitemap=demo&sitemap=demo&w=0000&poll=true&__async=true&__source=wa0000 HTTP/1.1" 200 92 
0:0:0:0:0:0:0:1 -  -  [03/四月/2015:14:19:19 +0000] "GET /openhab.app?sitemap=demo&sitemap=demo&w=0000&poll=true&__async=true&__source=waHome HTTP/1.1" 200 92 
0:0:0:0:0:0:0:1 -  -  [03/四月/2015:14:19:20 +0000] "GET /openhab.app?sitemap=demo&sitemap=demo&w=FF_Bath&poll=true&__async=true&__source=waHome HTTP/1.1" 200 92 
0:0:0:0:0:0:0:1 -  -  [03/四月/2015:14:19:24 +0000] "GET /openhab.app?sitemap=demo&sitemap=demo&w=GF_Kitchen&poll=true&__async=true&__source=waHome HTTP/1.1" 200 92 
0:0:0:0:0:0:0:1 -  -  [03/四月/2015:14:19:26 +0000] "GET /openhab.app?sitemap=demo&sitemap=demo&w=0001&poll=true&__async=true&__source=waHome HTTP/1.1" 200 92 
0:0:0:0:0:0:0:1 -  -  [03/四月/2015:14:19:27 +0000] "GET /openhab.app?sitemap=demo&sitemap=demo&w=Home&poll=true&__async=true&__source=waHome HTTP/1.1" 200 92 
0:0:0:0:0:0:0:1 -  -  [03/四月/2015:14:19:29 +0000] "GET /openhab.app?sitemap=demo&sitemap=demo&w=0000&poll=true&__async=true&__source=waHome HTTP/1.1" 200 92 
0:0:0:0:0:0:0:1 -  -  [03/四月/2015:14:19:31 +0000] "GET /openhab.app?sitemap=demo&sitemap=demo&w=FF_Bath&poll=true&__async=true&__source=waHome HTTP/1.1" 200 92 
0:0:0:0:0:0:0:1 -  -  [03/四月/2015:14:19:34 +0000] "GET /openhab.app?sitemap=demo&sitemap=demo&w=GF_Kitchen&poll=true&__async=true&__source=waHome HTTP/1.1" 200 92 
0:0:0:0:0:0:0:1 -  -  [03/四月/2015:14:19:37 +0000] "GET /openhab.app?sitemap=demo&sitemap=demo&w=0001&poll=true&__async=true&__source=waHome HTTP/1.1" 200 92 
0:0:0:0:0:0:0:1 -  -  [03/四月/2015:14:19:38 +0000] "GET /openhab.app?sitemap=demo&sitemap=demo&w=Home&poll=true&__async=true&__source=waHome HTTP/1.1" 200 92 
0:0:0:0:0:0:0:1 -  -  [03/四月/2015:14:19:40 +0000] "GET /openhab.app?sitemap=demo&sitemap=demo&w=0000&poll=true&__async=true&__source=waHome HTTP/1.1" 200 92 
0:0:0:0:0:0:0:1 -  -  [03/四月/2015:14:19:41 +0000] "GET /openhab.app?sitemap=demo&sitemap=demo&w=FF_Bath&poll=true&__async=true&__source=waHome HTTP/1.1" 200 92 
0:0:0:0:0:0:0:1 -  -  [03/四月/2015:14:19:45 +0000] "GET /openhab.app?sitemap=demo&sitemap=demo&w=GF_Kitchen&poll=true&__async=true&__source=waHome HTTP/1.1" 200 92 
0:0:0:0:0:0:0:1 -  -  [03/四月/2015:14:19:47 +0000] "GET /openhab.app?sitemap=demo&sitemap=demo&w=0001&poll=true&__async=true&__source=waHome HTTP/1.1" 200 92 
0:0:0:0:0:0:0:1 -  -  [03/四月/2015:14:19:48 +0000] "GET /openhab.app?sitemap=demo&sitemap=demo&w=Home&poll=true&__async=true&__source=waHome HTTP/1.1" 200 92 
0:0:0:0:0:0:0:1 -  -  [03/四月/2015:14:19:59 +0000] "GET /openhab.app?sitemap=demo&sitemap=demo&w=Home&poll=true&__async=true&__source=waHome HTTP/1.1" 200 1849 
0:0:0:0:0:0:0:1 -  -  [03/四月/2015:14:19:55 +0000] "GET /openhab.app?sitemap=demo&sitemap=demo&w=GF_Kitchen&poll=true&__async=true&__source=waHome HTTP/1.1" 200 2507 
0:0:0:0:0:0:0:1 -  -  [03/四月/2015:14:19:50 +0000] "GET /openhab.app?sitemap=demo&sitemap=demo&w=0000&poll=true&__async=true&__source=waHome HTTP/1.1" 200 1078 
0:0:0:0:0:0:0:1 -  -  [03/四月/2015:14:19:58 +0000] "GET /openhab.app?sitemap=demo&sitemap=demo&w=0001&poll=true&__async=true&__source=waHome HTTP/1.1" 200 958 
0:0:0:0:0:0:0:1 -  -  [03/四月/2015:14:19:52 +0000] "GET /openhab.app?sitemap=demo&sitemap=demo&w=FF_Bath&poll=true&__async=true&__source=waHome HTTP/1.1" 200 2430 
0:0:0:0:0:0:0:1 -  -  [03/四月/2015:14:20:00 +0000] "GET /openhab.app?sitemap=demo&sitemap=demo&w=Home&poll=true&__async=true&__source=waHome HTTP/1.1" 200 92 
0:0:0:0:0:0:0:1 -  -  [03/四月/2015:14:20:00 +0000] "GET /openhab.app?sitemap=demo&sitemap=demo&w=GF_Kitchen&poll=true&__async=true&__source=waHome HTTP/1.1" 200 92 
0:0:0:0:0:0:0:1 -  -  [03/四月/2015:14:20:00 +0000] "GET /openhab.app?sitemap=demo&sitemap=demo&w=0000&poll=true&__async=true&__source=waHome HTTP/1.1" 200 92 
0:0:0:0:0:0:0:1 -  -  [03/四月/2015:14:20:00 +0000] "GET /openhab.app?sitemap=demo&sitemap=demo&w=0001&poll=true&__async=true&__source=waHome HTTP/1.1" 200 92 
0:0:0:0:0:0:0:1 -  -  [03/四月/2015:14:20:00 +0000] "GET /openhab.app?sitemap=demo&sitemap=demo&w=FF_Bath&poll=true&__async=true&__source=waHome HTTP/1.1" 200 92 
0:0:0:0:0:0:0:1 -  -  [03/四月/2015:14:20:10 +0000] "GET /openhab.app?sitemap=demo&sitemap=demo&w=Home&poll=true&__async=true&__source=waHome HTTP/1.1" 200 92 
0:0:0:0:0:0:0:1 -  -  [03/四月/2015:14:20:10 +0000] "GET /openhab.app?sitemap=demo&sitemap=demo&w=GF_Kitchen&poll=true&__async=true&__source=waHome HTTP/1.1" 200 92 
0:0:0:0:0:0:0:1 -  -  [03/四月/2015:14:20:10 +0000] "GET /openhab.app?sitemap=demo&sitemap=demo&w=0000&poll=true&__async=true&__source=waHome HTTP/1.1" 200 92 
0:0:0:0:0:0:0:1 -  -  [03/四月/2015:14:20:10 +0000] "GET /openhab.app?sitemap=demo&sitemap=demo&w=0001&poll=true&__async=true&__source=waHome HTTP/1.1" 200 92 
0:0:0:0:0:0:0:1 -  -  [03/四月/2015:14:20:11 +0000] "GET /openhab.app?sitemap=demo&sitemap=demo&w=FF_Bath&poll=true&__async=true&__source=waHome HTTP/1.1" 200 92 
0:0:0:0:0:0:0:1 -  -  [03/四月/2015:14:20:21 +0000] "GET /openhab.app?sitemap=demo&sitemap=demo&w=Home&poll=true&__async=true&__source=waHome HTTP/1.1" 200 92 
0:0:0:0:0:0:0:1 -  -  [03/四月/2015:14:20:21 +0000] "GET /openhab.app?sitemap=demo&sitemap=demo&w=GF_Kitchen&poll=true&__async=true&__source=waHome HTTP/1.1" 200 92 
0:0:0:0:0:0:0:1 -  -  [03/四月/2015:14:20:21 +0000] "GET /openhab.app?sitemap=demo&sitemap=demo&w=0000&poll=true&__async=true&__source=waHome HTTP/1.1" 200 92 
0:0:0:0:0:0:0:1 -  -  [03/四月/2015:14:20:21 +0000] "GET /openhab.app?sitemap=demo&sitemap=demo&w=0001&poll=true&__async=true&__source=waHome HTTP/1.1" 200 92 
0:0:0:0:0:0:0:1 -  -  [03/四月/2015:14:20:21 +0000] "GET /openhab.app?sitemap=demo&sitemap=demo&w=FF_Bath&poll=true&__async=true&__source=waHome HTTP/1.1" 200 92 
0:0:0:0:0:0:0:1 -  -  [03/四月/2015:14:20:31 +0000] "GET /openhab.app?sitemap=demo&sitemap=demo&w=Home&poll=true&__async=true&__source=waHome HTTP/1.1" 200 92 
0:0:0:0:0:0:0:1 -  -  [03/四月/2015:14:20:31 +0000] "GET /openhab.app?sitemap=demo&sitemap=demo&w=GF_Kitchen&poll=true&__async=true&__source=waHome HTTP/1.1" 200 92 
0:0:0:0:0:0:0:1 -  -  [03/四月/2015:14:20:31 +0000] "GET /openhab.app?sitemap=demo&sitemap=demo&w=0000&poll=true&__async=true&__source=waHome HTTP/1.1" 200 92 
0:0:0:0:0:0:0:1 -  -  [03/四月/2015:14:20:31 +0000] "GET /openhab.app?sitemap=demo&sitemap=demo&w=0001&poll=true&__async=true&__source=waHome HTTP/1.1" 200 92 
0:0:0:0:0:0:0:1 -  -  [03/四月/2015:14:20:32 +0000] "GET /openhab.app?sitemap=demo&sitemap=demo&w=FF_Bath&poll=true&__async=true&__source=waHome HTTP/1.1" 200 92 
0:0:0:0:0:0:0:1 -  -  [03/四月/2015:14:20:42 +0000] "GET /openhab.app?sitemap=demo&sitemap=demo&w=Home&poll=true&__async=true&__source=waHome HTTP/1.1" 200 92 
0:0:0:0:0:0:0:1 -  -  [03/四月/2015:14:20:42 +0000] "GET /openhab.app?sitemap=demo&sitemap=demo&w=GF_Kitchen&poll=true&__async=true&__source=waHome HTTP/1.1" 200 92 
0:0:0:0:0:0:0:1 -  -  [03/四月/2015:14:20:42 +0000] "GET /openhab.app?sitemap=demo&sitemap=demo&w=0000&poll=true&__async=true&__source=waHome HTTP/1.1" 200 92 
0:0:0:0:0:0:0:1 -  -  [03/四月/2015:14:20:42 +0000] "GET /openhab.app?sitemap=demo&sitemap=demo&w=0001&poll=true&__async=true&__source=waHome HTTP/1.1" 200 92 
0:0:0:0:0:0:0:1 -  -  [03/四月/2015:14:20:42 +0000] "GET /openhab.app?sitemap=demo&sitemap=demo&w=FF_Bath&poll=true&__async=true&__source=waHome HTTP/1.1" 200 92 
0:0:0:0:0:0:0:1 -  -  [03/四月/2015:14:20:52 +0000] "GET /openhab.app?sitemap=demo&sitemap=demo&w=Home&poll=true&__async=true&__source=waHome HTTP/1.1" 200 92 
0:0:0:0:0:0:0:1 -  -  [03/四月/2015:14:20:52 +0000] "GET /openhab.app?sitemap=demo&sitemap=demo&w=GF_Kitchen&poll=true&__async=true&__source=waHome HTTP/1.1" 200 92 
0:0:0:0:0:0:0:1 -  -  [03/四月/2015:14:20:52 +0000] "GET /openhab.app?sitemap=demo&sitemap=demo&w=0000&poll=true&__async=true&__source=waHome HTTP/1.1" 200 92 
0:0:0:0:0:0:0:1 -  -  [03/四月/2015:14:20:52 +0000] "GET /openhab.app?sitemap=demo&sitemap=demo&w=0001&poll=true&__async=true&__source=waHome HTTP/1.1" 200 92 
0:0:0:0:0:0:0:1 -  -  [03/四月/2015:14:20:53 +0000] "GET /openhab.app?sitemap=demo&sitemap=demo&w=FF_Bath&poll=true&__async=true&__source=waHome HTTP/1.1" 200 92 
0:0:0:0:0:0:0:1 -  -  [03/四月/2015:14:21:03 +0000] "GET /openhab.app?sitemap=demo&sitemap=demo&w=Home&poll=true&__async=true&__source=waHome HTTP/1.1" 200 92 
0:0:0:0:0:0:0:1 -  -  [03/四月/2015:14:21:03 +0000] "GET /openhab.app?sitemap=demo&sitemap=demo&w=GF_Kitchen&poll=true&__async=true&__source=waHome HTTP/1.1" 200 92 
0:0:0:0:0:0:0:1 -  -  [03/四月/2015:14:21:03 +0000] "GET /openhab.app?sitemap=demo&sitemap=demo&w=0000&poll=true&__async=true&__source=waHome HTTP/1.1" 200 92 
0:0:0:0:0:0:0:1 -  -  [03/四月/2015:14:21:03 +0000] "GET /openhab.app?sitemap=demo&sitemap=demo&w=0001&poll=true&__async=true&__source=waHome HTTP/1.1" 200 92 
0:0:0:0:0:0:0:1 -  -  [03/四月/2015:14:21:03 +0000] "GET /openhab.app?sitemap=demo&sitemap=demo&w=FF_Bath&poll=true&__async=true&__source=waHome HTTP/1.1" 200 92 
0:0:0:0:0:0:0:1 -  -  [03/四月/2015:14:21:13 +0000] "GET /openhab.app?sitemap=demo&sitemap=demo&w=Home&poll=true&__async=true&__source=waHome HTTP/1.1" 200 92 
0:0:0:0:0:0:0:1 -  -  [03/四月/2015:14:21:13 +0000] "GET /openhab.app?sitemap=demo&sitemap=demo&w=GF_Kitchen&poll=true&__async=true&__source=waHome HTTP/1.1" 200 92 
0:0:0:0:0:0:0:1 -  -  [03/四月/2015:14:21:13 +0000] "GET /openhab.app?sitemap=demo&sitemap=demo&w=0000&poll=true&__async=true&__source=waHome HTTP/1.1" 200 92 
0:0:0:0:0:0:0:1 -  -  [03/四月/2015:14:21:13 +0000] "GET /openhab.app?sitemap=demo&sitemap=demo&w=0001&poll=true&__async=true&__source=waHome HTTP/1.1" 200 92 
0:0:0:0:0:0:0:1 -  -  [03/四月/2015:14:21:14 +0000] "GET /openhab.app?sitemap=demo&sitemap=demo&w=FF_Bath&poll=true&__async=true&__source=waHome HTTP/1.1" 200 92 
0:0:0:0:0:0:0:1 -  -  [03/四月/2015:14:21:24 +0000] "GET /openhab.app?sitemap=demo&sitemap=demo&w=Home&poll=true&__async=true&__source=waHome HTTP/1.1" 200 92 
0:0:0:0:0:0:0:1 -  -  [03/四月/2015:14:21:24 +0000] "GET /openhab.app?sitemap=demo&sitemap=demo&w=GF_Kitchen&poll=true&__async=true&__source=waHome HTTP/1.1" 200 92 
0:0:0:0:0:0:0:1 -  -  [03/四月/2015:14:21:24 +0000] "GET /openhab.app?sitemap=demo&sitemap=demo&w=0000&poll=true&__async=true&__source=waHome HTTP/1.1" 200 92 
0:0:0:0:0:0:0:1 -  -  [03/四月/2015:14:21:24 +0000] "GET /openhab.app?sitemap=demo&sitemap=demo&w=0001&poll=true&__async=true&__source=waHome HTTP/1.1" 200 92 
0:0:0:0:0:0:0:1 -  -  [03/四月/2015:14:21:24 +0000] "GET /openhab.app?sitemap=demo&sitemap=demo&w=FF_Bath&poll=true&__async=true&__source=waHome HTTP/1.1" 200 92 
0:0:0:0:0:0:0:1 -  -  [03/四月/2015:14:21:34 +0000] "GET /openhab.app?sitemap=demo&sitemap=demo&w=Home&poll=true&__async=true&__source=waHome HTTP/1.1" 200 92 
0:0:0:0:0:0:0:1 -  -  [03/四月/2015:14:21:34 +0000] "GET /openhab.app?sitemap=demo&sitemap=demo&w=0000&poll=true&__async=true&__source=waHome HTTP/1.1" 200 92 
0:0:0:0:0:0:0:1 -  -  [03/四月/2015:14:21:34 +0000] "GET /openhab.app?sitemap=demo&sitemap=demo&w=GF_Kitchen&poll=true&__async=true&__source=waHome HTTP/1.1" 200 92 
0:0:0:0:0:0:0:1 -  -  [03/四月/2015:14:21:35 +0000] "GET /openhab.app?sitemap=demo&sitemap=demo&w=0001&poll=true&__async=true&__source=waHome HTTP/1.1" 200 92 
0:0:0:0:0:0:0:1 -  -  [03/四月/2015:14:21:35 +0000] "GET /openhab.app?sitemap=demo&sitemap=demo&w=FF_Bath&poll=true&__async=true&__source=waHome HTTP/1.1" 200 92 
0:0:0:0:0:0:0:1 -  -  [03/四月/2015:14:21:45 +0000] "GET /openhab.app?sitemap=demo&sitemap=demo&w=Home&poll=true&__async=true&__source=waHome HTTP/1.1" 200 92 
0:0:0:0:0:0:0:1 -  -  [03/四月/2015:14:21:45 +0000] "GET /openhab.app?sitemap=demo&sitemap=demo&w=0000&poll=true&__async=true&__source=waHome HTTP/1.1" 200 92 
0:0:0:0:0:0:0:1 -  -  [03/四月/2015:14:21:45 +0000] "GET /openhab.app?sitemap=demo&sitemap=demo&w=GF_Kitchen&poll=true&__async=true&__source=waHome HTTP/1.1" 200 92 
0:0:0:0:0:0:0:1 -  -  [03/四月/2015:14:21:45 +0000] "GET /openhab.app?sitemap=demo&sitemap=demo&w=0001&poll=true&__async=true&__source=waHome HTTP/1.1" 200 92 
0:0:0:0:0:0:0:1 -  -  [03/四月/2015:14:21:45 +0000] "GET /openhab.app?sitemap=demo&sitemap=demo&w=FF_Bath&poll=true&__async=true&__source=waHome HTTP/1.1" 200 92 
0:0:0:0:0:0:0:1 -  -  [03/四月/2015:14:21:55 +0000] "GET /openhab.app?sitemap=demo&sitemap=demo&w=Home&poll=true&__async=true&__source=waHome HTTP/1.1" 200 92 
0:0:0:0:0:0:0:1 -  -  [03/四月/2015:14:21:56 +0000] "GET /openhab.app?sitemap=demo&sitemap=demo&w=0000&poll=true&__async=true&__source=waHome HTTP/1.1" 200 92 
0:0:0:0:0:0:0:1 -  -  [03/四月/2015:14:21:56 +0000] "GET /openhab.app?sitemap=demo&sitemap=demo&w=GF_Kitchen&poll=true&__async=true&__source=waHome HTTP/1.1" 200 92 
0:0:0:0:0:0:0:1 -  -  [03/四月/2015:14:21:56 +0000] "GET /openhab.app?sitemap=demo&sitemap=demo&w=0001&poll=true&__async=true&__source=waHome HTTP/1.1" 200 92 
0:0:0:0:0:0:0:1 -  -  [03/四月/2015:14:21:56 +0000] "GET /openhab.app?sitemap=demo&sitemap=demo&w=FF_Bath&poll=true&__async=true&__source=waHome HTTP/1.1" 200 92 
0:0:0:0:0:0:0:1 -  -  [03/四月/2015:14:22:06 +0000] "GET /openhab.app?sitemap=demo&sitemap=demo&w=Home&poll=true&__async=true&__source=waHome HTTP/1.1" 200 92 
0:0:0:0:0:0:0:1 -  -  [03/四月/2015:14:22:06 +0000] "GET /openhab.app?sitemap=demo&sitemap=demo&w=0000&poll=true&__async=true&__source=waHome HTTP/1.1" 200 92 
0:0:0:0:0:0:0:1 -  -  [03/四月/2015:14:22:06 +0000] "GET /openhab.app?sitemap=demo&sitemap=demo&w=GF_Kitchen&poll=true&__async=true&__source=waHome HTTP/1.1" 200 92 
0:0:0:0:0:0:0:1 -  -  [03/四月/2015:14:22:06 +0000] "GET /openhab.app?sitemap=demo&sitemap=demo&w=0001&poll=true&__async=true&__source=waHome HTTP/1.1" 200 92 
0:0:0:0:0:0:0:1 -  -  [03/四月/2015:14:22:06 +0000] "GET /openhab.app?sitemap=demo&sitemap=demo&w=FF_Bath&poll=true&__async=true&__source=waHome HTTP/1.1" 200 92 
0:0:0:0:0:0:0:1 -  -  [03/四月/2015:14:22:16 +0000] "GET /openhab.app?sitemap=demo&sitemap=demo&w=Home&poll=true&__async=true&__source=waHome HTTP/1.1" 200 92 
0:0:0:0:0:0:0:1 -  -  [03/四月/2015:14:22:17 +0000] "GET /openhab.app?sitemap=demo&sitemap=demo&w=0000&poll=true&__async=true&__source=waHome HTTP/1.1" 200 92 
0:0:0:0:0:0:0:1 -  -  [03/四月/2015:14:22:17 +0000] "GET /openhab.app?sitemap=demo&sitemap=demo&w=GF_Kitchen&poll=true&__async=true&__source=waHome HTTP/1.1" 200 92 
0:0:0:0:0:0:0:1 -  -  [03/四月/2015:14:22:17 +0000] "GET /openhab.app?sitemap=demo&sitemap=demo&w=0001&poll=true&__async=true&__source=waHome HTTP/1.1" 200 92 
0:0:0:0:0:0:0:1 -  -  [03/四月/2015:14:22:17 +0000] "GET /openhab.app?sitemap=demo&sitemap=demo&w=FF_Bath&poll=true&__async=true&__source=waHome HTTP/1.1" 200 92 
0:0:0:0:0:0:0:1 -  -  [03/四月/2015:14:22:27 +0000] "GET /openhab.app?sitemap=demo&sitemap=demo&w=Home&poll=true&__async=true&__source=waHome HTTP/1.1" 200 92 
0:0:0:0:0:0:0:1 -  -  [03/四月/2015:14:22:27 +0000] "GET /openhab.app?sitemap=demo&sitemap=demo&w=0000&poll=true&__async=true&__source=waHome HTTP/1.1" 200 92 
0:0:0:0:0:0:0:1 -  -  [03/四月/2015:14:22:27 +0000] "GET /openhab.app?sitemap=demo&sitemap=demo&w=GF_Kitchen&poll=true&__async=true&__source=waHome HTTP/1.1" 200 92 
0:0:0:0:0:0:0:1 -  -  [03/四月/2015:14:22:27 +0000] "GET /openhab.app?sitemap=demo&sitemap=demo&w=0001&poll=true&__async=true&__source=waHome HTTP/1.1" 200 92 
0:0:0:0:0:0:0:1 -  -  [03/四月/2015:14:22:27 +0000] "GET /openhab.app?sitemap=demo&sitemap=demo&w=FF_Bath&poll=true&__async=true&__source=waHome HTTP/1.1" 200 92 
