0:0:0:0:0:0:0:1 -  -  [26/四月/2016:06:47:42 +0000] "GET /openhab.app?sitemap=demo HTTP/1.1" 200 7724 
0:0:0:0:0:0:0:1 -  -  [26/四月/2016:06:47:43 +0000] "GET /WebApp/Design/Render.css HTTP/1.1" 200 16314 
0:0:0:0:0:0:0:1 -  -  [26/四月/2016:06:47:43 +0000] "GET /WebApp/Design/RenderRTL.css HTTP/1.1" 200 2903 
0:0:0:0:0:0:0:1 -  -  [26/四月/2016:06:47:43 +0000] "GET /WebApp/Design/Firefox.css HTTP/1.1" 200 3505 
0:0:0:0:0:0:0:1 -  -  [26/四月/2016:06:47:43 +0000] "GET /WebApp/Design/openHAB.css HTTP/1.1" 200 101 
0:0:0:0:0:0:0:1 -  -  [26/四月/2016:06:47:43 +0000] "GET /jquery.miniColors.css HTTP/1.1" 200 3525 
0:0:0:0:0:0:0:1 -  -  [26/四月/2016:06:47:43 +0000] "GET /WebApp/Action/Logic.js HTTP/1.1" 200 22591 
0:0:0:0:0:0:0:1 -  -  [26/四月/2016:06:47:43 +0000] "GET /jquery.min.js HTTP/1.1" 200 93637 
0:0:0:0:0:0:0:1 -  -  [26/四月/2016:06:47:43 +0000] "GET /jquery.miniColors.js HTTP/1.1" 200 20436 
0:0:0:0:0:0:0:1 -  -  [26/四月/2016:06:47:43 +0000] "GET /images/groundfloor.png HTTP/1.1" 200 5194 
0:0:0:0:0:0:0:1 -  -  [26/四月/2016:06:47:43 +0000] "GET /images/firstfloor.png HTTP/1.1" 200 4473 
0:0:0:0:0:0:0:1 -  -  [26/四月/2016:06:47:43 +0000] "GET /images/cellar.png HTTP/1.1" 200 5294 
0:0:0:0:0:0:0:1 -  -  [26/四月/2016:06:47:43 +0000] "GET /images/garden.png HTTP/1.1" 200 5237 
0:0:0:0:0:0:0:1 -  -  [26/四月/2016:06:47:43 +0000] "GET /images/calendar.png HTTP/1.1" 200 4333 
0:0:0:0:0:0:0:1 -  -  [26/四月/2016:06:47:43 +0000] "GET /images/temperature.png HTTP/1.1" 200 4361 
0:0:0:0:0:0:0:1 -  -  [26/四月/2016:06:47:43 +0000] "GET /images/chart.png HTTP/1.1" 200 3772 
0:0:0:0:0:0:0:1 -  -  [26/四月/2016:06:47:43 +0000] "GET /images/video.png HTTP/1.1" 200 5269 
0:0:0:0:0:0:0:1 -  -  [26/四月/2016:06:47:43 +0000] "GET /images/none.png HTTP/1.1" 200 132 
0:0:0:0:0:0:0:1 -  -  [26/四月/2016:06:47:43 +0000] "GET /WebApp/Design/Img/bg.png HTTP/1.1" 200 115 
0:0:0:0:0:0:0:1 -  -  [26/四月/2016:06:47:43 +0000] "GET /WebApp/Design/Img/select.png HTTP/1.1" 200 135 
0:0:0:0:0:0:0:1 -  -  [26/四月/2016:06:47:43 +0000] "GET /WebApp/Design/Img/loader-white-100x12x1.png HTTP/1.1" 200 608 
0:0:0:0:0:0:0:1 -  -  [26/四月/2016:06:47:43 +0000] "GET /WebApp/Design/Img/loader-white-100x12x2.png HTTP/1.1" 200 621 
0:0:0:0:0:0:0:1 -  -  [26/四月/2016:06:47:43 +0000] "GET /WebApp/Design/Img/loader-white-100x12x3.png HTTP/1.1" 200 615 
0:0:0:0:0:0:0:1 -  -  [26/四月/2016:06:47:43 +0000] "GET /WebApp/Design/Img/loader-white-100x12x4.png HTTP/1.1" 200 615 
0:0:0:0:0:0:0:1 -  -  [26/四月/2016:06:47:43 +0000] "GET /WebApp/Design/Img/loader-white-100x12x5.png HTTP/1.1" 200 608 
0:0:0:0:0:0:0:1 -  -  [26/四月/2016:06:47:43 +0000] "GET /WebApp/Design/Img/bg-head.png HTTP/1.1" 200 152 
0:0:0:0:0:0:0:1 -  -  [26/四月/2016:06:47:43 +0000] "GET /WebApp/Design/Img/loader-big-white-100x12x9.png HTTP/1.1" 200 1876 
0:0:0:0:0:0:0:1 -  -  [26/四月/2016:06:47:44 +0000] "GET /WebApp/Design/Img/loader-big-white-100x12x5.png HTTP/1.1" 200 1914 
0:0:0:0:0:0:0:1 -  -  [26/四月/2016:06:47:44 +0000] "GET /WebApp/Design/Img/loader-gray-100x12x5.png HTTP/1.1" 200 699 
0:0:0:0:0:0:0:1 -  -  [26/四月/2016:06:47:44 +0000] "GET /WebApp/Design/Img/loader-white-100x12x11.png HTTP/1.1" 200 606 
0:0:0:0:0:0:0:1 -  -  [26/四月/2016:06:47:44 +0000] "GET /WebApp/Design/Img/loader-big-white-100x12x1.png HTTP/1.1" 200 1873 
0:0:0:0:0:0:0:1 -  -  [26/四月/2016:06:47:44 +0000] "GET /WebApp/Design/Img/loader-gray-100x12x10.png HTTP/1.1" 200 692 
0:0:0:0:0:0:0:1 -  -  [26/四月/2016:06:47:44 +0000] "GET /WebApp/Design/Img/loader-gray-100x12x3.png HTTP/1.1" 200 700 
0:0:0:0:0:0:0:1 -  -  [26/四月/2016:06:47:44 +0000] "GET /WebApp/Design/Img/button-back-touch.png HTTP/1.1" 200 932 
0:0:0:0:0:0:0:1 -  -  [26/四月/2016:06:47:44 +0000] "GET /WebApp/Design/Img/loader-gray-100x12x8.png HTTP/1.1" 200 688 
0:0:0:0:0:0:0:1 -  -  [26/四月/2016:06:47:44 +0000] "GET /WebApp/Design/Img/loader-white-100x12x10.png HTTP/1.1" 200 608 
0:0:0:0:0:0:0:1 -  -  [26/四月/2016:06:47:44 +0000] "GET /WebApp/Design/Img/loader-big-white-100x12x10.png HTTP/1.1" 200 1893 
0:0:0:0:0:0:0:1 -  -  [26/四月/2016:06:47:44 +0000] "GET /WebApp/Design/Img/loader-gray-100x12x12.png HTTP/1.1" 200 694 
0:0:0:0:0:0:0:1 -  -  [26/四月/2016:06:47:44 +0000] "GET /WebApp/Design/Img/loader-big-white-100x12x8.png HTTP/1.1" 200 1897 
0:0:0:0:0:0:0:1 -  -  [26/四月/2016:06:47:44 +0000] "GET /WebApp/Design/Img/chevron-select.png HTTP/1.1" 200 196 
0:0:0:0:0:0:0:1 -  -  [26/四月/2016:06:47:44 +0000] "GET /WebApp/Design/Img/loader-big-white-100x12x2.png HTTP/1.1" 200 1870 
0:0:0:0:0:0:0:1 -  -  [26/四月/2016:06:47:44 +0000] "GET /WebApp/Design/Img/loader-big-white-100x12x6.png HTTP/1.1" 200 1901 
0:0:0:0:0:0:0:1 -  -  [26/四月/2016:06:47:44 +0000] "GET /WebApp/Design/Img/loader-gray-100x12x7.png HTTP/1.1" 200 689 
0:0:0:0:0:0:0:1 -  -  [26/四月/2016:06:47:44 +0000] "GET /WebApp/Design/Img/loader-gray-100x12x6.png HTTP/1.1" 200 689 
0:0:0:0:0:0:0:1 -  -  [26/四月/2016:06:47:44 +0000] "GET /WebApp/Design/Img/loader-gray-100x12x2.png HTTP/1.1" 200 693 
0:0:0:0:0:0:0:1 -  -  [26/四月/2016:06:47:44 +0000] "GET /WebApp/Design/Img/loader-gray-100x12x9.png HTTP/1.1" 200 692 
0:0:0:0:0:0:0:1 -  -  [26/四月/2016:06:47:44 +0000] "GET /WebApp/Design/Img/check-sel.png HTTP/1.1" 200 290 
0:0:0:0:0:0:0:1 -  -  [26/四月/2016:06:47:44 +0000] "GET /WebApp/Design/Img/loader-white-100x12x12.png HTTP/1.1" 200 616 
0:0:0:0:0:0:0:1 -  -  [26/四月/2016:06:47:44 +0000] "GET /WebApp/Design/Img/loader-big-white-100x12x3.png HTTP/1.1" 200 1849 
0:0:0:0:0:0:0:1 -  -  [26/四月/2016:06:47:44 +0000] "GET /WebApp/Design/Img/loader-white-100x12x7.png HTTP/1.1" 200 607 
0:0:0:0:0:0:0:1 -  -  [26/四月/2016:06:47:44 +0000] "GET /WebApp/Design/Img/loader-gray-100x12x1.png HTTP/1.1" 200 701 
0:0:0:0:0:0:0:1 -  -  [26/四月/2016:06:47:44 +0000] "GET /WebApp/Design/Img/loader-big-white-100x12x4.png HTTP/1.1" 200 1923 
0:0:0:0:0:0:0:1 -  -  [26/四月/2016:06:47:44 +0000] "GET /WebApp/Design/Img/loader-big-white-100x12x12.png HTTP/1.1" 200 1873 
0:0:0:0:0:0:0:1 -  -  [26/四月/2016:06:47:44 +0000] "GET /WebApp/Design/Img/loader-white-100x12x6.png HTTP/1.1" 200 601 
0:0:0:0:0:0:0:1 -  -  [26/四月/2016:06:47:44 +0000] "GET /WebApp/Design/Img/loader-white-100x12x8.png HTTP/1.1" 200 616 
0:0:0:0:0:0:0:1 -  -  [26/四月/2016:06:47:44 +0000] "GET /WebApp/Design/Img/loader-gray-100x12x11.png HTTP/1.1" 200 688 
0:0:0:0:0:0:0:1 -  -  [26/四月/2016:06:47:44 +0000] "GET /WebApp/Design/Img/loader-big-white-100x12x11.png HTTP/1.1" 200 1889 
0:0:0:0:0:0:0:1 -  -  [26/四月/2016:06:47:44 +0000] "GET /WebApp/Design/Img/loader-big-white-100x12x7.png HTTP/1.1" 200 1859 
0:0:0:0:0:0:0:1 -  -  [26/四月/2016:06:47:44 +0000] "GET /WebApp/Design/Img/button-simple-touch.png HTTP/1.1" 200 665 
0:0:0:0:0:0:0:1 -  -  [26/四月/2016:06:47:44 +0000] "GET /WebApp/Design/Img/loader-white-100x12x9.png HTTP/1.1" 200 604 
0:0:0:0:0:0:0:1 -  -  [26/四月/2016:06:47:44 +0000] "GET /WebApp/Design/Img/loader-gray-100x12x4.png HTTP/1.1" 200 689 
0:0:0:0:0:0:0:1 -  -  [26/四月/2016:06:47:44 +0000] "GET /WebApp/Design/Img/button-back.png HTTP/1.1" 200 940 
0:0:0:0:0:0:0:1 -  -  [26/四月/2016:06:47:44 +0000] "GET /WebApp/Design/Img/button-simple.png HTTP/1.1" 200 670 
0:0:0:0:0:0:0:1 -  -  [26/四月/2016:06:47:44 +0000] "GET /%22http://localhost:8080/WebApp/Design/Img/loader-gray-100x12x2.png%22 HTTP/1.1" 404 1587 
0:0:0:0:0:0:0:1 -  -  [26/四月/2016:06:47:44 +0000] "GET /WebApp/Design/Img/chevron.png HTTP/1.1" 200 254 
0:0:0:0:0:0:0:1 -  -  [26/四月/2016:06:47:45 +0000] "GET /jquery.minicolors.png HTTP/1.1" 200 50867 
0:0:0:0:0:0:0:1 -  -  [26/四月/2016:06:47:45 +0000] "GET /images/favicon.ico HTTP/1.1" 200 1150 
0:0:0:0:0:0:0:1 -  -  [26/四月/2016:06:48:27 +0000] "GET /openhab.app?sitemap=demo HTTP/1.1" 200 7724 
0:0:0:0:0:0:0:1 -  -  [26/四月/2016:06:48:29 +0000] "GET /openhab.app?sitemap=demo&poll=true&__async=true&__source=waHome HTTP/1.1" 200 92 
0:0:0:0:0:0:0:1 -  -  [26/四月/2016:06:48:40 +0000] "GET /openhab.app?sitemap=demo&poll=true&__async=true&__source=waHome HTTP/1.1" 200 92 
0:0:0:0:0:0:0:1 -  -  [26/四月/2016:06:48:51 +0000] "GET /openhab.app?sitemap=demo&poll=true&__async=true&__source=waHome HTTP/1.1" 200 92 
0:0:0:0:0:0:0:1 -  -  [26/四月/2016:06:49:01 +0000] "GET /openhab.app?sitemap=demo&poll=true&__async=true&__source=waHome HTTP/1.1" 200 92 
0:0:0:0:0:0:0:1 -  -  [26/四月/2016:06:49:12 +0000] "GET /openhab.app?sitemap=demo&poll=true&__async=true&__source=waHome HTTP/1.1" 200 92 
0:0:0:0:0:0:0:1 -  -  [26/四月/2016:06:49:22 +0000] "GET /openhab.app?sitemap=demo&poll=true&__async=true&__source=waHome HTTP/1.1" 200 92 
0:0:0:0:0:0:0:1 -  -  [26/四月/2016:06:49:33 +0000] "GET /openhab.app?sitemap=demo&poll=true&__async=true&__source=waHome HTTP/1.1" 200 92 
0:0:0:0:0:0:0:1 -  -  [26/四月/2016:06:49:44 +0000] "GET /openhab.app?sitemap=demo&poll=true&__async=true&__source=waHome HTTP/1.1" 200 92 
0:0:0:0:0:0:0:1 -  -  [26/四月/2016:06:49:54 +0000] "GET /openhab.app?sitemap=demo&poll=true&__async=true&__source=waHome HTTP/1.1" 200 1849 
0:0:0:0:0:0:0:1 -  -  [26/四月/2016:06:50:00 +0000] "GET /openhab.app?sitemap=demo&poll=true&__async=true&__source=waHome HTTP/1.1" 200 1849 
