0:0:0:0:0:0:0:1 -  -  [28/二月/2016:08:24:02 +0000] "GET /openhab.app?sitemap=demo HTTP/1.1" 200 7724 
0:0:0:0:0:0:0:1 -  -  [28/二月/2016:08:24:02 +0000] "GET /WebApp/Action/Logic.js HTTP/1.1" 200 22591 
0:0:0:0:0:0:0:1 -  -  [28/二月/2016:08:24:04 +0000] "GET /openhab.app?sitemap=demo&poll=true&__async=true&__source=waHome HTTP/1.1" 200 92 
0:0:0:0:0:0:0:1 -  -  [28/二月/2016:08:24:15 +0000] "GET /openhab.app?sitemap=demo&poll=true&__async=true&__source=waHome HTTP/1.1" 200 92 
0:0:0:0:0:0:0:1 -  -  [28/二月/2016:08:24:31 +0000] "GET /openhab.app?sitemap=demo&w=0300&__async=true&__source=waHome HTTP/1.1" 200 1131 
0:0:0:0:0:0:0:1 -  -  [28/二月/2016:08:24:26 +0000] "GET /openhab.app?sitemap=demo&poll=true&__async=true&__source=waHome HTTP/1.1" 200 92 
0:0:0:0:0:0:0:1 -  -  [28/二月/2016:08:24:31 +0000] "GET /openhab.app?sitemap=demo&sitemap=demo&w=0300&poll=true&__async=true&__source=wa0300 HTTP/1.1" 200 92 
0:0:0:0:0:0:0:1 -  -  [28/二月/2016:08:24:51 +0000] "GET /CMD?Lights=OFF&__async=true&__source=wa0300 HTTP/1.1" 200 0 
0:0:0:0:0:0:0:1 -  -  [28/二月/2016:08:24:42 +0000] "GET /openhab.app?sitemap=demo&sitemap=demo&w=0300&poll=true&__async=true&__source=wa0300 HTTP/1.1" 200 1132 
0:0:0:0:0:0:0:1 -  -  [28/二月/2016:08:24:52 +0000] "GET /CMD?Lights=OFF&__async=true&__source=wa0300 HTTP/1.1" 200 0 
0:0:0:0:0:0:0:1 -  -  [28/二月/2016:08:24:51 +0000] "GET /openhab.app?sitemap=demo&sitemap=demo&w=0300&poll=true&__async=true&__source=wa0300 HTTP/1.1" 200 1132 
0:0:0:0:0:0:0:1 -  -  [28/二月/2016:08:24:53 +0000] "GET /openhab.app?sitemap=demo&sitemap=demo&w=0300&poll=true&__async=true&__source=wa0300 HTTP/1.1" 200 1132 
0:0:0:0:0:0:0:1 -  -  [28/二月/2016:08:25:00 +0000] "GET /openhab.app?sitemap=demo&sitemap=demo&w=0300&poll=true&__async=true&__source=wa0300 HTTP/1.1" 200 92 
0:0:0:0:0:0:0:1 -  -  [28/二月/2016:08:25:11 +0000] "GET /openhab.app?sitemap=demo&sitemap=demo&w=0300&poll=true&__async=true&__source=wa0300 HTTP/1.1" 200 92 
0:0:0:0:0:0:0:1 -  -  [28/二月/2016:08:25:23 +0000] "GET /CMD?Lights=OFF&__async=true&__source=wa0300 HTTP/1.1" 200 0 
0:0:0:0:0:0:0:1 -  -  [28/二月/2016:08:25:21 +0000] "GET /openhab.app?sitemap=demo&sitemap=demo&w=0300&poll=true&__async=true&__source=wa0300 HTTP/1.1" 200 1132 
0:0:0:0:0:0:0:1 -  -  [28/二月/2016:08:25:27 +0000] "GET /openhab.app?sitemap=demo&w=0000&__async=true&__source=waHome HTTP/1.1" 200 1078 
0:0:0:0:0:0:0:1 -  -  [28/二月/2016:08:25:28 +0000] "GET /openhab.app?sitemap=demo&w=FF_Bath&__async=true&__source=wa0000 HTTP/1.1" 200 2426 
0:0:0:0:0:0:0:1 -  -  [28/二月/2016:08:25:23 +0000] "GET /openhab.app?sitemap=demo&sitemap=demo&w=0300&poll=true&__async=true&__source=wa0300 HTTP/1.1" 200 92 
0:0:0:0:0:0:0:1 -  -  [28/二月/2016:08:25:35 +0000] "GET /CMD?Light_FF_Bath_Ceiling=TOGGLE&__async=true&__source=waFF_Bath HTTP/1.1" 200 0 
0:0:0:0:0:0:0:1 -  -  [28/二月/2016:08:25:27 +0000] "GET /openhab.app?sitemap=demo&sitemap=demo&w=0000&poll=true&__async=true&__source=wa0000 HTTP/1.1" 200 1078 
0:0:0:0:0:0:0:1 -  -  [28/二月/2016:08:25:29 +0000] "GET /openhab.app?sitemap=demo&sitemap=demo&w=FF_Bath&poll=true&__async=true&__source=waFF_Bath HTTP/1.1" 200 2437 
0:0:0:0:0:0:0:1 -  -  [28/二月/2016:08:25:25 +0000] "GET /openhab.app?sitemap=demo&sitemap=demo&w=&poll=true&__async=true&__source=waHome HTTP/1.1" 200 1849 
0:0:0:0:0:0:0:1 -  -  [28/二月/2016:08:25:36 +0000] "GET /CMD?Light_FF_Bath_Mirror=TOGGLE&__async=true&__source=waFF_Bath HTTP/1.1" 200 0 
0:0:0:0:0:0:0:1 -  -  [28/二月/2016:08:25:35 +0000] "GET /openhab.app?sitemap=demo&sitemap=demo&w=FF_Bath&poll=true&__async=true&__source=waFF_Bath HTTP/1.1" 200 2448 
0:0:0:0:0:0:0:1 -  -  [28/二月/2016:08:25:38 +0000] "GET /CMD?Heating_FF_Bath=TOGGLE&__async=true&__source=waFF_Bath HTTP/1.1" 200 0 
0:0:0:0:0:0:0:1 -  -  [28/二月/2016:08:25:36 +0000] "GET /openhab.app?sitemap=demo&sitemap=demo&w=FF_Bath&poll=true&__async=true&__source=waFF_Bath HTTP/1.1" 200 2459 
0:0:0:0:0:0:0:1 -  -  [28/二月/2016:08:25:39 +0000] "GET /CMD?Heating_FF_Bath=TOGGLE&__async=true&__source=waFF_Bath HTTP/1.1" 200 0 
0:0:0:0:0:0:0:1 -  -  [28/二月/2016:08:25:38 +0000] "GET /openhab.app?sitemap=demo&sitemap=demo&w=FF_Bath&poll=true&__async=true&__source=waFF_Bath HTTP/1.1" 200 2448 
0:0:0:0:0:0:0:1 -  -  [28/二月/2016:08:25:44 +0000] "GET /openhab.app?sitemap=demo&w=0300&__async=true&__source=waHome HTTP/1.1" 200 1131 
0:0:0:0:0:0:0:1 -  -  [28/二月/2016:08:25:42 +0000] "GET /openhab.app?sitemap=demo&sitemap=demo&w=Home&poll=true&__async=true&__source=waHome HTTP/1.1" 200 1849 
0:0:0:0:0:0:0:1 -  -  [28/二月/2016:08:25:45 +0000] "GET /CMD?Lights=OFF&__async=true&__source=wa0300 HTTP/1.1" 200 0 
0:0:0:0:0:0:0:1 -  -  [28/二月/2016:08:25:44 +0000] "GET /openhab.app?sitemap=demo&sitemap=demo&w=0300&poll=true&__async=true&__source=wa0300 HTTP/1.1" 200 1132 
0:0:0:0:0:0:0:1 -  -  [28/二月/2016:08:25:41 +0000] "GET /openhab.app?sitemap=demo&sitemap=demo&w=0000&poll=true&__async=true&__source=wa0000 HTTP/1.1" 200 1078 
0:0:0:0:0:0:0:1 -  -  [28/二月/2016:08:25:39 +0000] "GET /openhab.app?sitemap=demo&sitemap=demo&w=FF_Bath&poll=true&__async=true&__source=waFF_Bath HTTP/1.1" 200 2426 
0:0:0:0:0:0:0:1 -  -  [28/二月/2016:08:25:46 +0000] "GET /openhab.app?sitemap=demo&sitemap=demo&w=0300&poll=true&__async=true&__source=wa0300 HTTP/1.1" 200 92 
0:0:0:0:0:0:0:1 -  -  [28/二月/2016:08:25:56 +0000] "GET /openhab.app?sitemap=demo&sitemap=demo&w=0300&poll=true&__async=true&__source=wa0300 HTTP/1.1" 200 92 
0:0:0:0:0:0:0:1 -  -  [28/二月/2016:08:26:07 +0000] "GET /openhab.app?sitemap=demo&sitemap=demo&w=0300&poll=true&__async=true&__source=wa0300 HTTP/1.1" 200 1132 
0:0:0:0:0:0:0:1 -  -  [28/二月/2016:08:26:15 +0000] "GET /CMD?Lights=OFF&__async=true&__source=wa0300 HTTP/1.1" 200 0 
0:0:0:0:0:0:0:1 -  -  [28/二月/2016:08:26:16 +0000] "GET /CMD?Lights=OFF&__async=true&__source=wa0300 HTTP/1.1" 200 0 
0:0:0:0:0:0:0:1 -  -  [28/二月/2016:08:26:15 +0000] "GET /openhab.app?sitemap=demo&sitemap=demo&w=0300&poll=true&__async=true&__source=wa0300 HTTP/1.1" 200 1132 
0:0:0:0:0:0:0:1 -  -  [28/二月/2016:08:26:16 +0000] "GET /CMD?Lights=OFF&__async=true&__source=wa0300 HTTP/1.1" 200 0 
0:0:0:0:0:0:0:1 -  -  [28/二月/2016:08:26:16 +0000] "GET /openhab.app?sitemap=demo&sitemap=demo&w=0300&poll=true&__async=true&__source=wa0300 HTTP/1.1" 200 1132 
0:0:0:0:0:0:0:1 -  -  [28/二月/2016:08:26:17 +0000] "GET /CMD?Lights=OFF&__async=true&__source=wa0300 HTTP/1.1" 200 0 
0:0:0:0:0:0:0:1 -  -  [28/二月/2016:08:26:17 +0000] "GET /openhab.app?sitemap=demo&sitemap=demo&w=0300&poll=true&__async=true&__source=wa0300 HTTP/1.1" 200 1132 
0:0:0:0:0:0:0:1 -  -  [28/二月/2016:08:26:17 +0000] "GET /openhab.app?sitemap=demo&sitemap=demo&w=0300&poll=true&__async=true&__source=wa0300 HTTP/1.1" 200 1132 
0:0:0:0:0:0:0:1 -  -  [28/二月/2016:08:26:17 +0000] "GET /CMD?Lights=OFF&__async=true&__source=wa0300 HTTP/1.1" 200 0 
0:0:0:0:0:0:0:1 -  -  [28/二月/2016:08:26:18 +0000] "GET /openhab.app?sitemap=demo&sitemap=demo&w=0300&poll=true&__async=true&__source=wa0300 HTTP/1.1" 200 1132 
0:0:0:0:0:0:0:1 -  -  [28/二月/2016:08:26:18 +0000] "GET /CMD?Lights=OFF&__async=true&__source=wa0300 HTTP/1.1" 200 0 
0:0:0:0:0:0:0:1 -  -  [28/二月/2016:08:26:18 +0000] "GET /openhab.app?sitemap=demo&sitemap=demo&w=0300&poll=true&__async=true&__source=wa0300 HTTP/1.1" 200 92 
0:0:0:0:0:0:0:1 -  -  [28/二月/2016:08:26:29 +0000] "GET /openhab.app?sitemap=demo&sitemap=demo&w=0300&poll=true&__async=true&__source=wa0300 HTTP/1.1" 200 92 
0:0:0:0:0:0:0:1 -  -  [28/二月/2016:08:26:44 +0000] "GET /openhab.app?sitemap=demo&w=0302&__async=true&__source=waHome HTTP/1.1" 200 2425 
0:0:0:0:0:0:0:1 -  -  [28/二月/2016:08:26:45 +0000] "GET /images/network.png HTTP/1.1" 200 1518 
0:0:0:0:0:0:0:1 -  -  [28/二月/2016:08:26:45 +0000] "GET /images/slider.png HTTP/1.1" 200 2076 
127.0.0.1 -  -  [28/二月/2016:08:26:45 +0000] "GET /images/splash-ipad-h.png HTTP/1.1" 200 238410 
0:0:0:0:0:0:0:1 -  -  [28/二月/2016:08:26:45 +0000] "GET /proxy?sitemap=demo.sitemap&widgetId=03020100&t=1456648005028 HTTP/1.1" 200 238410 
0:0:0:0:0:0:0:1 -  -  [28/二月/2016:08:26:49 +0000] "GET /CMD?Volume=INCREASE&__async=true&__source=wa0302 HTTP/1.1" 200 0 
0:0:0:0:0:0:0:1 -  -  [28/二月/2016:08:26:50 +0000] "GET /CMD?Volume=INCREASE&__async=true&__source=wa0302 HTTP/1.1" 200 0 
0:0:0:0:0:0:0:1 -  -  [28/二月/2016:08:26:45 +0000] "GET /openhab.app?sitemap=demo&sitemap=demo&w=0302&poll=true&__async=true&__source=wa0302 HTTP/1.1" 200 2433 
0:0:0:0:0:0:0:1 -  -  [28/二月/2016:08:26:40 +0000] "GET /openhab.app?sitemap=demo&sitemap=demo&w=0300&poll=true&__async=true&__source=wa0300 HTTP/1.1" 200 92 
127.0.0.1 -  -  [28/二月/2016:08:26:50 +0000] "GET /images/splash-ipad-h.png HTTP/1.1" 200 238410 
0:0:0:0:0:0:0:1 -  -  [28/二月/2016:08:26:50 +0000] "GET /images/slider-100.png HTTP/1.1" 200 2076 
0:0:0:0:0:0:0:1 -  -  [28/二月/2016:08:26:50 +0000] "GET /proxy?sitemap=demo.sitemap&widgetId=03020100&t=1456648010793 HTTP/1.1" 200 238410 
0:0:0:0:0:0:0:1 -  -  [28/二月/2016:08:26:51 +0000] "GET /CMD?Volume=INCREASE&__async=true&__source=wa0302 HTTP/1.1" 200 0 
0:0:0:0:0:0:0:1 -  -  [28/二月/2016:08:26:50 +0000] "GET /openhab.app?sitemap=demo&sitemap=demo&w=0302&poll=true&__async=true&__source=wa0302 HTTP/1.1" 200 2433 
127.0.0.1 -  -  [28/二月/2016:08:26:51 +0000] "GET /images/splash-ipad-h.png HTTP/1.1" 200 238410 
0:0:0:0:0:0:0:1 -  -  [28/二月/2016:08:26:51 +0000] "GET /proxy?sitemap=demo.sitemap&widgetId=03020100&t=1456648011303 HTTP/1.1" 200 238410 
0:0:0:0:0:0:0:1 -  -  [28/二月/2016:08:26:52 +0000] "GET /CMD?Volume=INCREASE&__async=true&__source=wa0302 HTTP/1.1" 200 0 
0:0:0:0:0:0:0:1 -  -  [28/二月/2016:08:26:51 +0000] "GET /openhab.app?sitemap=demo&sitemap=demo&w=0302&poll=true&__async=true&__source=wa0302 HTTP/1.1" 200 2433 
127.0.0.1 -  -  [28/二月/2016:08:26:52 +0000] "GET /images/splash-ipad-h.png HTTP/1.1" 200 238410 
0:0:0:0:0:0:0:1 -  -  [28/二月/2016:08:26:52 +0000] "GET /proxy?sitemap=demo.sitemap&widgetId=03020100&t=1456648012319 HTTP/1.1" 200 238410 
0:0:0:0:0:0:0:1 -  -  [28/二月/2016:08:26:52 +0000] "GET /CMD?Volume=INCREASE&__async=true&__source=wa0302 HTTP/1.1" 200 0 
0:0:0:0:0:0:0:1 -  -  [28/二月/2016:08:26:52 +0000] "GET /openhab.app?sitemap=demo&sitemap=demo&w=0302&poll=true&__async=true&__source=wa0302 HTTP/1.1" 200 2433 
0:0:0:0:0:0:0:1 -  -  [28/二月/2016:08:26:42 +0000] "GET /openhab.app?sitemap=demo&sitemap=demo&w=Home&poll=true&__async=true&__source=waHome HTTP/1.1" 200 92 
0:0:0:0:0:0:0:1 -  -  [28/二月/2016:08:26:53 +0000] "GET /CMD?Volume=INCREASE&__async=true&__source=wa0302 HTTP/1.1" 200 0 
127.0.0.1 -  -  [28/二月/2016:08:26:53 +0000] "GET /images/splash-ipad-h.png HTTP/1.1" 200 238410 
0:0:0:0:0:0:0:1 -  -  [28/二月/2016:08:26:53 +0000] "GET /proxy?sitemap=demo.sitemap&widgetId=03020100&t=1456648013321 HTTP/1.1" 200 238410 
0:0:0:0:0:0:0:1 -  -  [28/二月/2016:08:26:53 +0000] "GET /openhab.app?sitemap=demo&sitemap=demo&w=0302&poll=true&__async=true&__source=wa0302 HTTP/1.1" 200 2433 
127.0.0.1 -  -  [28/二月/2016:08:26:53 +0000] "GET /images/splash-ipad-h.png HTTP/1.1" 200 238410 
0:0:0:0:0:0:0:1 -  -  [28/二月/2016:08:26:53 +0000] "GET /proxy?sitemap=demo.sitemap&widgetId=03020100&t=1456648013834 HTTP/1.1" 200 238410 
0:0:0:0:0:0:0:1 -  -  [28/二月/2016:08:26:54 +0000] "GET /CMD?Volume=DECREASE&__async=true&__source=wa0302 HTTP/1.1" 200 0 
0:0:0:0:0:0:0:1 -  -  [28/二月/2016:08:26:53 +0000] "GET /openhab.app?sitemap=demo&sitemap=demo&w=0302&poll=true&__async=true&__source=wa0302 HTTP/1.1" 200 2431 
127.0.0.1 -  -  [28/二月/2016:08:26:55 +0000] "GET /images/splash-ipad-h.png HTTP/1.1" 200 238410 
0:0:0:0:0:0:0:1 -  -  [28/二月/2016:08:26:55 +0000] "GET /proxy?sitemap=demo.sitemap&widgetId=03020100&t=1456648015351 HTTP/1.1" 200 238410 
0:0:0:0:0:0:0:1 -  -  [28/二月/2016:08:26:55 +0000] "GET /images/slider-80.png HTTP/1.1" 200 1905 
0:0:0:0:0:0:0:1 -  -  [28/二月/2016:08:26:56 +0000] "GET /CMD?Volume=DECREASE&__async=true&__source=wa0302 HTTP/1.1" 200 0 
0:0:0:0:0:0:0:1 -  -  [28/二月/2016:08:26:55 +0000] "GET /openhab.app?sitemap=demo&sitemap=demo&w=0302&poll=true&__async=true&__source=wa0302 HTTP/1.1" 200 2431 
0:0:0:0:0:0:0:1 -  -  [28/二月/2016:08:26:56 +0000] "GET /images/slider-60.png HTTP/1.1" 200 1912 
127.0.0.1 -  -  [28/二月/2016:08:26:56 +0000] "GET /images/splash-ipad-h.png HTTP/1.1" 200 238410 
0:0:0:0:0:0:0:1 -  -  [28/二月/2016:08:26:56 +0000] "GET /proxy?sitemap=demo.sitemap&widgetId=03020100&t=1456648016450 HTTP/1.1" 200 238410 
0:0:0:0:0:0:0:1 -  -  [28/二月/2016:08:26:57 +0000] "GET /CMD?Volume=DECREASE&__async=true&__source=wa0302 HTTP/1.1" 200 0 
0:0:0:0:0:0:0:1 -  -  [28/二月/2016:08:26:56 +0000] "GET /openhab.app?sitemap=demo&sitemap=demo&w=0302&poll=true&__async=true&__source=wa0302 HTTP/1.1" 200 2431 
0:0:0:0:0:0:0:1 -  -  [28/二月/2016:08:26:57 +0000] "GET /images/slider-50.png HTTP/1.1" 200 1880 
127.0.0.1 -  -  [28/二月/2016:08:26:57 +0000] "GET /images/splash-ipad-h.png HTTP/1.1" 200 238410 
0:0:0:0:0:0:0:1 -  -  [28/二月/2016:08:26:57 +0000] "GET /proxy?sitemap=demo.sitemap&widgetId=03020100&t=1456648017453 HTTP/1.1" 200 238410 
0:0:0:0:0:0:0:1 -  -  [28/二月/2016:08:26:58 +0000] "GET /CMD?Volume=DECREASE&__async=true&__source=wa0302 HTTP/1.1" 200 0 
0:0:0:0:0:0:0:1 -  -  [28/二月/2016:08:26:57 +0000] "GET /openhab.app?sitemap=demo&sitemap=demo&w=0302&poll=true&__async=true&__source=wa0302 HTTP/1.1" 200 2431 
0:0:0:0:0:0:0:1 -  -  [28/二月/2016:08:26:59 +0000] "GET /images/slider-40.png HTTP/1.1" 200 1909 
127.0.0.1 -  -  [28/二月/2016:08:26:59 +0000] "GET /images/splash-ipad-h.png HTTP/1.1" 200 238410 
0:0:0:0:0:0:0:1 -  -  [28/二月/2016:08:26:59 +0000] "GET /proxy?sitemap=demo.sitemap&widgetId=03020100&t=1456648018965 HTTP/1.1" 200 238410 
0:0:0:0:0:0:0:1 -  -  [28/二月/2016:08:26:59 +0000] "GET /CMD?Volume=DECREASE&__async=true&__source=wa0302 HTTP/1.1" 200 0 
0:0:0:0:0:0:0:1 -  -  [28/二月/2016:08:26:58 +0000] "GET /openhab.app?sitemap=demo&sitemap=demo&w=0302&poll=true&__async=true&__source=wa0302 HTTP/1.1" 200 2431 
0:0:0:0:0:0:0:1 -  -  [28/二月/2016:08:26:59 +0000] "GET /images/slider-30.png HTTP/1.1" 200 1891 
127.0.0.1 -  -  [28/二月/2016:08:26:59 +0000] "GET /images/splash-ipad-h.png HTTP/1.1" 200 238410 
0:0:0:0:0:0:0:1 -  -  [28/二月/2016:08:26:59 +0000] "GET /proxy?sitemap=demo.sitemap&widgetId=03020100&t=1456648019477 HTTP/1.1" 200 238410 
0:0:0:0:0:0:0:1 -  -  [28/二月/2016:08:26:59 +0000] "GET /CMD?Volume=DECREASE&__async=true&__source=wa0302 HTTP/1.1" 200 0 
0:0:0:0:0:0:0:1 -  -  [28/二月/2016:08:26:59 +0000] "GET /openhab.app?sitemap=demo&sitemap=demo&w=0302&poll=true&__async=true&__source=wa0302 HTTP/1.1" 200 2431 
0:0:0:0:0:0:0:1 -  -  [28/二月/2016:08:27:00 +0000] "GET /images/slider-20.png HTTP/1.1" 200 1852 
127.0.0.1 -  -  [28/二月/2016:08:27:00 +0000] "GET /images/splash-ipad-h.png HTTP/1.1" 200 238410 
0:0:0:0:0:0:0:1 -  -  [28/二月/2016:08:27:00 +0000] "GET /proxy?sitemap=demo.sitemap&widgetId=03020100&t=1456648019987 HTTP/1.1" 200 238410 
0:0:0:0:0:0:0:1 -  -  [28/二月/2016:08:27:00 +0000] "GET /CMD?Volume=DECREASE&__async=true&__source=wa0302 HTTP/1.1" 200 0 
0:0:0:0:0:0:0:1 -  -  [28/二月/2016:08:26:59 +0000] "GET /openhab.app?sitemap=demo&sitemap=demo&w=0302&poll=true&__async=true&__source=wa0302 HTTP/1.1" 200 2431 
127.0.0.1 -  -  [28/二月/2016:08:27:00 +0000] "GET /images/splash-ipad-h.png HTTP/1.1" 200 238410 
0:0:0:0:0:0:0:1 -  -  [28/二月/2016:08:27:00 +0000] "GET /proxy?sitemap=demo.sitemap&widgetId=03020100&t=1456648020497 HTTP/1.1" 200 238410 
0:0:0:0:0:0:0:1 -  -  [28/二月/2016:08:27:00 +0000] "GET /CMD?Volume=DECREASE&__async=true&__source=wa0302 HTTP/1.1" 200 0 
0:0:0:0:0:0:0:1 -  -  [28/二月/2016:08:27:00 +0000] "GET /openhab.app?sitemap=demo&sitemap=demo&w=0302&poll=true&__async=true&__source=wa0302 HTTP/1.1" 200 2431 
0:0:0:0:0:0:0:1 -  -  [28/二月/2016:08:27:01 +0000] "GET /images/slider-10.png HTTP/1.1" 200 1797 
127.0.0.1 -  -  [28/二月/2016:08:27:01 +0000] "GET /images/splash-ipad-h.png HTTP/1.1" 200 238410 
0:0:0:0:0:0:0:1 -  -  [28/二月/2016:08:27:01 +0000] "GET /proxy?sitemap=demo.sitemap&widgetId=03020100&t=1456648021007 HTTP/1.1" 200 238410 
0:0:0:0:0:0:0:1 -  -  [28/二月/2016:08:27:01 +0000] "GET /CMD?Volume=DECREASE&__async=true&__source=wa0302 HTTP/1.1" 200 0 
0:0:0:0:0:0:0:1 -  -  [28/二月/2016:08:27:01 +0000] "GET /openhab.app?sitemap=demo&sitemap=demo&w=0302&poll=true&__async=true&__source=wa0302 HTTP/1.1" 200 2431 
127.0.0.1 -  -  [28/二月/2016:08:27:01 +0000] "GET /images/splash-ipad-h.png HTTP/1.1" 200 238410 
0:0:0:0:0:0:0:1 -  -  [28/二月/2016:08:27:01 +0000] "GET /proxy?sitemap=demo.sitemap&widgetId=03020100&t=1456648021517 HTTP/1.1" 200 238410 
0:0:0:0:0:0:0:1 -  -  [28/二月/2016:08:27:01 +0000] "GET /CMD?Volume=DECREASE&__async=true&__source=wa0302 HTTP/1.1" 200 0 
0:0:0:0:0:0:0:1 -  -  [28/二月/2016:08:27:01 +0000] "GET /openhab.app?sitemap=demo&sitemap=demo&w=0302&poll=true&__async=true&__source=wa0302 HTTP/1.1" 200 2431 
127.0.0.1 -  -  [28/二月/2016:08:27:02 +0000] "GET /images/splash-ipad-h.png HTTP/1.1" 200 238410 
0:0:0:0:0:0:0:1 -  -  [28/二月/2016:08:27:02 +0000] "GET /proxy?sitemap=demo.sitemap&widgetId=03020100&t=1456648022026 HTTP/1.1" 200 238410 
0:0:0:0:0:0:0:1 -  -  [28/二月/2016:08:27:02 +0000] "GET /CMD?Volume=DECREASE&__async=true&__source=wa0302 HTTP/1.1" 200 0 
0:0:0:0:0:0:0:1 -  -  [28/二月/2016:08:27:02 +0000] "GET /openhab.app?sitemap=demo&sitemap=demo&w=0302&poll=true&__async=true&__source=wa0302 HTTP/1.1" 200 2429 
0:0:0:0:0:0:0:1 -  -  [28/二月/2016:08:27:03 +0000] "GET /images/slider-0.png HTTP/1.1" 200 1467 
127.0.0.1 -  -  [28/二月/2016:08:27:03 +0000] "GET /images/splash-ipad-h.png HTTP/1.1" 200 238410 
0:0:0:0:0:0:0:1 -  -  [28/二月/2016:08:27:03 +0000] "GET /proxy?sitemap=demo.sitemap&widgetId=03020100&t=1456648023036 HTTP/1.1" 200 238410 
0:0:0:0:0:0:0:1 -  -  [28/二月/2016:08:27:04 +0000] "GET /CMD?Volume=DECREASE&__async=true&__source=wa0302 HTTP/1.1" 200 0 
0:0:0:0:0:0:0:1 -  -  [28/二月/2016:08:27:03 +0000] "GET /openhab.app?sitemap=demo&sitemap=demo&w=0302&poll=true&__async=true&__source=wa0302 HTTP/1.1" 200 2429 
127.0.0.1 -  -  [28/二月/2016:08:27:04 +0000] "GET /images/splash-ipad-h.png HTTP/1.1" 200 238410 
0:0:0:0:0:0:0:1 -  -  [28/二月/2016:08:27:04 +0000] "GET /proxy?sitemap=demo.sitemap&widgetId=03020100&t=1456648024556 HTTP/1.1" 200 238410 
0:0:0:0:0:0:0:1 -  -  [28/二月/2016:08:27:05 +0000] "GET /CMD?Volume=DECREASE&__async=true&__source=wa0302 HTTP/1.1" 200 0 
0:0:0:0:0:0:0:1 -  -  [28/二月/2016:08:27:04 +0000] "GET /openhab.app?sitemap=demo&sitemap=demo&w=0302&poll=true&__async=true&__source=wa0302 HTTP/1.1" 200 2429 
127.0.0.1 -  -  [28/二月/2016:08:27:05 +0000] "GET /images/splash-ipad-h.png HTTP/1.1" 200 238410 
0:0:0:0:0:0:0:1 -  -  [28/二月/2016:08:27:05 +0000] "GET /proxy?sitemap=demo.sitemap&widgetId=03020100&t=1456648025569 HTTP/1.1" 200 238410 
0:0:0:0:0:0:0:1 -  -  [28/二月/2016:08:27:05 +0000] "GET /CMD?Volume=DECREASE&__async=true&__source=wa0302 HTTP/1.1" 200 0 
0:0:0:0:0:0:0:1 -  -  [28/二月/2016:08:27:05 +0000] "GET /CMD?Volume=DECREASE&__async=true&__source=wa0302 HTTP/1.1" 200 0 
0:0:0:0:0:0:0:1 -  -  [28/二月/2016:08:27:06 +0000] "GET /CMD?Volume=DECREASE&__async=true&__source=wa0302 HTTP/1.1" 200 0 
0:0:0:0:0:0:0:1 -  -  [28/二月/2016:08:27:05 +0000] "GET /openhab.app?sitemap=demo&sitemap=demo&w=0302&poll=true&__async=true&__source=wa0302 HTTP/1.1" 200 2429 
0:0:0:0:0:0:0:1 -  -  [28/二月/2016:08:27:06 +0000] "GET /CMD?Volume=DECREASE&__async=true&__source=wa0302 HTTP/1.1" 200 0 
0:0:0:0:0:0:0:1 -  -  [28/二月/2016:08:27:06 +0000] "GET /CMD?Volume=DECREASE&__async=true&__source=wa0302 HTTP/1.1" 200 0 
0:0:0:0:0:0:0:1 -  -  [28/二月/2016:08:27:06 +0000] "GET /CMD?Volume=DECREASE&__async=true&__source=wa0302 HTTP/1.1" 200 0 
0:0:0:0:0:0:0:1 -  -  [28/二月/2016:08:27:06 +0000] "GET /CMD?Volume=DECREASE&__async=true&__source=wa0302 HTTP/1.1" 200 0 
0:0:0:0:0:0:0:1 -  -  [28/二月/2016:08:27:06 +0000] "GET /openhab.app?sitemap=demo&sitemap=demo&w=0302&poll=true&__async=true&__source=wa0302 HTTP/1.1" 200 2429 
0:0:0:0:0:0:0:1 -  -  [28/二月/2016:08:27:06 +0000] "GET /CMD?Volume=DECREASE&__async=true&__source=wa0302 HTTP/1.1" 200 0 
0:0:0:0:0:0:0:1 -  -  [28/二月/2016:08:27:06 +0000] "GET /CMD?Volume=DECREASE&__async=true&__source=wa0302 HTTP/1.1" 200 0 
0:0:0:0:0:0:0:1 -  -  [28/二月/2016:08:27:06 +0000] "GET /CMD?Volume=DECREASE&__async=true&__source=wa0302 HTTP/1.1" 200 0 
0:0:0:0:0:0:0:1 -  -  [28/二月/2016:08:27:07 +0000] "GET /CMD?Volume=DECREASE&__async=true&__source=wa0302 HTTP/1.1" 200 0 
0:0:0:0:0:0:0:1 -  -  [28/二月/2016:08:27:07 +0000] "GET /CMD?Volume=DECREASE&__async=true&__source=wa0302 HTTP/1.1" 200 0 
0:0:0:0:0:0:0:1 -  -  [28/二月/2016:08:27:06 +0000] "GET /openhab.app?sitemap=demo&sitemap=demo&w=0302&poll=true&__async=true&__source=wa0302 HTTP/1.1" 200 2429 
0:0:0:0:0:0:0:1 -  -  [28/二月/2016:08:27:08 +0000] "GET /CMD?Volume=DECREASE&__async=true&__source=wa0302 HTTP/1.1" 200 0 
0:0:0:0:0:0:0:1 -  -  [28/二月/2016:08:27:07 +0000] "GET /openhab.app?sitemap=demo&sitemap=demo&w=0302&poll=true&__async=true&__source=wa0302 HTTP/1.1" 200 2429 
127.0.0.1 -  -  [28/二月/2016:08:27:08 +0000] "GET /images/splash-ipad-h.png HTTP/1.1" 200 238410 
127.0.0.1 -  -  [28/二月/2016:08:27:08 +0000] "GET /images/splash-ipad-h.png HTTP/1.1" 200 238410 
0:0:0:0:0:0:0:1 -  -  [28/二月/2016:08:27:08 +0000] "GET /proxy?sitemap=demo.sitemap&widgetId=03020100&t=1456648026081 HTTP/1.1" 200 238410 
127.0.0.1 -  -  [28/二月/2016:08:27:08 +0000] "GET /images/splash-ipad-h.png HTTP/1.1" 200 238410 
0:0:0:0:0:0:0:1 -  -  [28/二月/2016:08:27:08 +0000] "GET /proxy?sitemap=demo.sitemap&widgetId=03020100&t=1456648026592 HTTP/1.1" 200 238410 
127.0.0.1 -  -  [28/二月/2016:08:27:08 +0000] "GET /images/splash-ipad-h.png HTTP/1.1" 200 238410 
0:0:0:0:0:0:0:1 -  -  [28/二月/2016:08:27:08 +0000] "GET /proxy?sitemap=demo.sitemap&widgetId=03020100&t=1456648027103 HTTP/1.1" 200 238410 
0:0:0:0:0:0:0:1 -  -  [28/二月/2016:08:27:08 +0000] "GET /proxy?sitemap=demo.sitemap&widgetId=03020100&t=1456648028112 HTTP/1.1" 200 238410 
0:0:0:0:0:0:0:1 -  -  [28/二月/2016:08:27:08 +0000] "GET /CMD?Volume=DECREASE&__async=true&__source=wa0302 HTTP/1.1" 200 0 
0:0:0:0:0:0:0:1 -  -  [28/二月/2016:08:27:08 +0000] "GET /openhab.app?sitemap=demo&sitemap=demo&w=0302&poll=true&__async=true&__source=wa0302 HTTP/1.1" 200 2429 
127.0.0.1 -  -  [28/二月/2016:08:27:09 +0000] "GET /images/splash-ipad-h.png HTTP/1.1" 200 238410 
0:0:0:0:0:0:0:1 -  -  [28/二月/2016:08:27:09 +0000] "GET /proxy?sitemap=demo.sitemap&widgetId=03020100&t=1456648029125 HTTP/1.1" 200 238410 
0:0:0:0:0:0:0:1 -  -  [28/二月/2016:08:27:09 +0000] "GET /CMD?Volume=DECREASE&__async=true&__source=wa0302 HTTP/1.1" 200 0 
0:0:0:0:0:0:0:1 -  -  [28/二月/2016:08:27:09 +0000] "GET /openhab.app?sitemap=demo&sitemap=demo&w=0302&poll=true&__async=true&__source=wa0302 HTTP/1.1" 200 2429 
127.0.0.1 -  -  [28/二月/2016:08:27:09 +0000] "GET /images/splash-ipad-h.png HTTP/1.1" 200 238410 
0:0:0:0:0:0:0:1 -  -  [28/二月/2016:08:27:09 +0000] "GET /proxy?sitemap=demo.sitemap&widgetId=03020100&t=1456648029637 HTTP/1.1" 200 238410 
0:0:0:0:0:0:0:1 -  -  [28/二月/2016:08:27:12 +0000] "GET /CMD?Volume=DECREASE&__async=true&__source=wa0302 HTTP/1.1" 200 0 
0:0:0:0:0:0:0:1 -  -  [28/二月/2016:08:27:09 +0000] "GET /openhab.app?sitemap=demo&sitemap=demo&w=0302&poll=true&__async=true&__source=wa0302 HTTP/1.1" 200 2429 
0:0:0:0:0:0:0:1 -  -  [28/二月/2016:08:27:12 +0000] "GET /proxy?sitemap=demo.sitemap&widgetId=03020100&t=1456648032653 HTTP/1.1" 200 238410 
127.0.0.1 -  -  [28/二月/2016:08:27:12 +0000] "GET /images/splash-ipad-h.png HTTP/1.1" 200 238410 
0:0:0:0:0:0:0:1 -  -  [28/二月/2016:08:27:12 +0000] "GET /CMD?Volume=DECREASE&__async=true&__source=wa0302 HTTP/1.1" 200 0 
0:0:0:0:0:0:0:1 -  -  [28/二月/2016:08:27:12 +0000] "GET /openhab.app?sitemap=demo&sitemap=demo&w=0302&poll=true&__async=true&__source=wa0302 HTTP/1.1" 200 2429 
127.0.0.1 -  -  [28/二月/2016:08:27:13 +0000] "GET /images/splash-ipad-h.png HTTP/1.1" 200 238410 
0:0:0:0:0:0:0:1 -  -  [28/二月/2016:08:27:13 +0000] "GET /proxy?sitemap=demo.sitemap&widgetId=03020100&t=1456648033252 HTTP/1.1" 200 238410 
0:0:0:0:0:0:0:1 -  -  [28/二月/2016:08:27:13 +0000] "GET /CMD?Volume=DECREASE&__async=true&__source=wa0302 HTTP/1.1" 200 0 
0:0:0:0:0:0:0:1 -  -  [28/二月/2016:08:27:13 +0000] "GET /openhab.app?sitemap=demo&sitemap=demo&w=0302&poll=true&__async=true&__source=wa0302 HTTP/1.1" 200 2429 
127.0.0.1 -  -  [28/二月/2016:08:27:14 +0000] "GET /images/splash-ipad-h.png HTTP/1.1" 200 238410 
0:0:0:0:0:0:0:1 -  -  [28/二月/2016:08:27:14 +0000] "GET /CMD?Volume=DECREASE&__async=true&__source=wa0302 HTTP/1.1" 200 0 
0:0:0:0:0:0:0:1 -  -  [28/二月/2016:08:27:14 +0000] "GET /proxy?sitemap=demo.sitemap&widgetId=03020100&t=1456648033762 HTTP/1.1" 200 238410 
0:0:0:0:0:0:0:1 -  -  [28/二月/2016:08:27:13 +0000] "GET /openhab.app?sitemap=demo&sitemap=demo&w=0302&poll=true&__async=true&__source=wa0302 HTTP/1.1" 200 2429 
127.0.0.1 -  -  [28/二月/2016:08:27:15 +0000] "GET /images/splash-ipad-h.png HTTP/1.1" 200 238410 
0:0:0:0:0:0:0:1 -  -  [28/二月/2016:08:27:15 +0000] "GET /proxy?sitemap=demo.sitemap&widgetId=03020100&t=1456648035279 HTTP/1.1" 200 238410 
0:0:0:0:0:0:0:1 -  -  [28/二月/2016:08:27:18 +0000] "GET /CMD?Volume=DECREASE&__async=true&__source=wa0302 HTTP/1.1" 200 0 
0:0:0:0:0:0:0:1 -  -  [28/二月/2016:08:27:15 +0000] "GET /openhab.app?sitemap=demo&sitemap=demo&w=0302&poll=true&__async=true&__source=wa0302 HTTP/1.1" 200 2429 
127.0.0.1 -  -  [28/二月/2016:08:27:19 +0000] "GET /images/splash-ipad-h.png HTTP/1.1" 200 238410 
0:0:0:0:0:0:0:1 -  -  [28/二月/2016:08:27:19 +0000] "GET /proxy?sitemap=demo.sitemap&widgetId=03020100&t=1456648039307 HTTP/1.1" 200 238410 
0:0:0:0:0:0:0:1 -  -  [28/二月/2016:08:27:19 +0000] "GET /CMD?Volume=DECREASE&__async=true&__source=wa0302 HTTP/1.1" 200 0 
0:0:0:0:0:0:0:1 -  -  [28/二月/2016:08:27:19 +0000] "GET /openhab.app?sitemap=demo&sitemap=demo&w=0302&poll=true&__async=true&__source=wa0302 HTTP/1.1" 200 2429 
127.0.0.1 -  -  [28/二月/2016:08:27:19 +0000] "GET /images/splash-ipad-h.png HTTP/1.1" 200 238410 
0:0:0:0:0:0:0:1 -  -  [28/二月/2016:08:27:19 +0000] "GET /CMD?Volume=DECREASE&__async=true&__source=wa0302 HTTP/1.1" 200 0 
0:0:0:0:0:0:0:1 -  -  [28/二月/2016:08:27:19 +0000] "GET /proxy?sitemap=demo.sitemap&widgetId=03020100&t=1456648039817 HTTP/1.1" 200 238410 
0:0:0:0:0:0:0:1 -  -  [28/二月/2016:08:27:19 +0000] "GET /CMD?Volume=DECREASE&__async=true&__source=wa0302 HTTP/1.1" 200 0 
0:0:0:0:0:0:0:1 -  -  [28/二月/2016:08:27:20 +0000] "GET /CMD?Volume=DECREASE&__async=true&__source=wa0302 HTTP/1.1" 200 0 
0:0:0:0:0:0:0:1 -  -  [28/二月/2016:08:27:20 +0000] "GET /CMD?Volume=DECREASE&__async=true&__source=wa0302 HTTP/1.1" 200 0 
0:0:0:0:0:0:0:1 -  -  [28/二月/2016:08:27:20 +0000] "GET /CMD?Volume=DECREASE&__async=true&__source=wa0302 HTTP/1.1" 200 0 
0:0:0:0:0:0:0:1 -  -  [28/二月/2016:08:27:19 +0000] "GET /openhab.app?sitemap=demo&sitemap=demo&w=0302&poll=true&__async=true&__source=wa0302 HTTP/1.1" 200 2429 
127.0.0.1 -  -  [28/二月/2016:08:27:20 +0000] "GET /images/splash-ipad-h.png HTTP/1.1" 200 238410 
0:0:0:0:0:0:0:1 -  -  [28/二月/2016:08:27:20 +0000] "GET /CMD?Volume=DECREASE&__async=true&__source=wa0302 HTTP/1.1" 200 0 
0:0:0:0:0:0:0:1 -  -  [28/二月/2016:08:27:20 +0000] "GET /proxy?sitemap=demo.sitemap&widgetId=03020100&t=1456648040329 HTTP/1.1" 200 238410 
0:0:0:0:0:0:0:1 -  -  [28/二月/2016:08:27:20 +0000] "GET /CMD?Volume=DECREASE&__async=true&__source=wa0302 HTTP/1.1" 200 0 
0:0:0:0:0:0:0:1 -  -  [28/二月/2016:08:27:20 +0000] "GET /CMD?Volume=DECREASE&__async=true&__source=wa0302 HTTP/1.1" 200 0 
0:0:0:0:0:0:0:1 -  -  [28/二月/2016:08:27:20 +0000] "GET /CMD?Volume=DECREASE&__async=true&__source=wa0302 HTTP/1.1" 200 0 
0:0:0:0:0:0:0:1 -  -  [28/二月/2016:08:27:20 +0000] "GET /CMD?Volume=DECREASE&__async=true&__source=wa0302 HTTP/1.1" 200 0 
0:0:0:0:0:0:0:1 -  -  [28/二月/2016:08:27:20 +0000] "GET /openhab.app?sitemap=demo&sitemap=demo&w=0302&poll=true&__async=true&__source=wa0302 HTTP/1.1" 200 2429 
0:0:0:0:0:0:0:1 -  -  [28/二月/2016:08:27:20 +0000] "GET /CMD?Volume=DECREASE&__async=true&__source=wa0302 HTTP/1.1" 200 0 
127.0.0.1 -  -  [28/二月/2016:08:27:20 +0000] "GET /images/splash-ipad-h.png HTTP/1.1" 200 238410 
0:0:0:0:0:0:0:1 -  -  [28/二月/2016:08:27:20 +0000] "GET /proxy?sitemap=demo.sitemap&widgetId=03020100&t=1456648040838 HTTP/1.1" 200 238410 
0:0:0:0:0:0:0:1 -  -  [28/二月/2016:08:27:20 +0000] "GET /CMD?Volume=DECREASE&__async=true&__source=wa0302 HTTP/1.1" 200 0 
0:0:0:0:0:0:0:1 -  -  [28/二月/2016:08:27:21 +0000] "GET /CMD?Volume=DECREASE&__async=true&__source=wa0302 HTTP/1.1" 200 0 
0:0:0:0:0:0:0:1 -  -  [28/二月/2016:08:27:21 +0000] "GET /CMD?Volume=DECREASE&__async=true&__source=wa0302 HTTP/1.1" 200 0 
0:0:0:0:0:0:0:1 -  -  [28/二月/2016:08:27:21 +0000] "GET /CMD?Volume=DECREASE&__async=true&__source=wa0302 HTTP/1.1" 200 0 
0:0:0:0:0:0:0:1 -  -  [28/二月/2016:08:27:20 +0000] "GET /openhab.app?sitemap=demo&sitemap=demo&w=0302&poll=true&__async=true&__source=wa0302 HTTP/1.1" 200 2429 
127.0.0.1 -  -  [28/二月/2016:08:27:21 +0000] "GET /images/splash-ipad-h.png HTTP/1.1" 200 238410 
0:0:0:0:0:0:0:1 -  -  [28/二月/2016:08:27:21 +0000] "GET /CMD?Volume=DECREASE&__async=true&__source=wa0302 HTTP/1.1" 200 0 
0:0:0:0:0:0:0:1 -  -  [28/二月/2016:08:27:21 +0000] "GET /proxy?sitemap=demo.sitemap&widgetId=03020100&t=1456648041347 HTTP/1.1" 200 238410 
0:0:0:0:0:0:0:1 -  -  [28/二月/2016:08:27:21 +0000] "GET /CMD?Volume=DECREASE&__async=true&__source=wa0302 HTTP/1.1" 200 0 
0:0:0:0:0:0:0:1 -  -  [28/二月/2016:08:27:21 +0000] "GET /openhab.app?sitemap=demo&sitemap=demo&w=0302&poll=true&__async=true&__source=wa0302 HTTP/1.1" 200 2429 
127.0.0.1 -  -  [28/二月/2016:08:27:21 +0000] "GET /images/splash-ipad-h.png HTTP/1.1" 200 238410 
0:0:0:0:0:0:0:1 -  -  [28/二月/2016:08:27:21 +0000] "GET /proxy?sitemap=demo.sitemap&widgetId=03020100&t=1456648041858 HTTP/1.1" 200 238410 
0:0:0:0:0:0:0:1 -  -  [28/二月/2016:08:27:24 +0000] "GET /CMD?Radio_Station=0&__async=true&__source=wa__00 HTTP/1.1" 200 0 
0:0:0:0:0:0:0:1 -  -  [28/二月/2016:08:27:21 +0000] "GET /openhab.app?sitemap=demo&sitemap=demo&w=0302&poll=true&__async=true&__source=wa0302 HTTP/1.1" 200 2443 
127.0.0.1 -  -  [28/二月/2016:08:27:24 +0000] "GET /images/splash-ipad-h.png HTTP/1.1" 200 238410 
0:0:0:0:0:0:0:1 -  -  [28/二月/2016:08:27:24 +0000] "GET /proxy?sitemap=demo.sitemap&widgetId=03020100&t=1456648044379 HTTP/1.1" 200 238410 
0:0:0:0:0:0:0:1 -  -  [28/二月/2016:08:27:24 +0000] "GET /WebApp/Design/Img/check.png HTTP/1.1" 200 311 
0:0:0:0:0:0:0:1 -  -  [28/二月/2016:08:27:23 +0000] "GET /openhab.app?sitemap=demo&sitemap=demo&w=0302&poll=true&__async=true&__source=wa__00 HTTP/1.1" 200 2443 
127.0.0.1 -  -  [28/二月/2016:08:27:25 +0000] "GET /images/splash-ipad-h.png HTTP/1.1" 200 238410 
0:0:0:0:0:0:0:1 -  -  [28/二月/2016:08:27:25 +0000] "GET /proxy?sitemap=demo.sitemap&widgetId=03020100&t=1456648044591 HTTP/1.1" 200 238410 
0:0:0:0:0:0:0:1 -  -  [28/二月/2016:08:27:29 +0000] "GET /CMD?Radio_Station=0&__async=true&__source=wa__00 HTTP/1.1" 200 0 
0:0:0:0:0:0:0:1 -  -  [28/二月/2016:08:27:24 +0000] "GET /openhab.app?sitemap=demo&sitemap=demo&w=0302&poll=true&__async=true&__source=wa0302 HTTP/1.1" 200 2443 
0:0:0:0:0:0:0:1 -  -  [28/二月/2016:08:27:27 +0000] "GET /openhab.app?sitemap=demo&sitemap=demo&w=0302&poll=true&__async=true&__source=wa__00 HTTP/1.1" 200 2443 
127.0.0.1 -  -  [28/二月/2016:08:27:29 +0000] "GET /images/splash-ipad-h.png HTTP/1.1" 200 238410 
0:0:0:0:0:0:0:1 -  -  [28/二月/2016:08:27:29 +0000] "GET /proxy?sitemap=demo.sitemap&widgetId=03020100&t=1456648049413 HTTP/1.1" 200 238410 
0:0:0:0:0:0:0:1 -  -  [28/二月/2016:08:27:29 +0000] "GET /openhab.app?sitemap=demo&sitemap=demo&w=0302&poll=true&__async=true&__source=wa0302 HTTP/1.1" 200 92 
0:0:0:0:0:0:0:1 -  -  [28/二月/2016:08:27:29 +0000] "GET /openhab.app?sitemap=demo&sitemap=demo&w=0302&poll=true&__async=true&__source=wa__00 HTTP/1.1" 200 92 
0:0:0:0:0:0:0:1 -  -  [28/二月/2016:08:48:05 +0000] "GET /openhab.app?sitemap=demo HTTP/1.1" 200 7713 
0:0:0:0:0:0:0:1 -  -  [28/二月/2016:08:48:07 +0000] "GET /openhab.app?sitemap=demo&poll=true&__async=true&__source=waHome HTTP/1.1" 200 92 
0:0:0:0:0:0:0:1 -  -  [28/二月/2016:08:48:18 +0000] "GET /openhab.app?sitemap=demo&poll=true&__async=true&__source=waHome HTTP/1.1" 200 92 
0:0:0:0:0:0:0:1 -  -  [28/二月/2016:08:48:28 +0000] "GET /openhab.app?sitemap=demo&poll=true&__async=true&__source=waHome HTTP/1.1" 200 92 
0:0:0:0:0:0:0:1 -  -  [28/二月/2016:08:48:39 +0000] "GET /openhab.app?sitemap=demo&poll=true&__async=true&__source=waHome HTTP/1.1" 200 92 
0:0:0:0:0:0:0:1 -  -  [28/二月/2016:08:48:50 +0000] "GET /openhab.app?sitemap=demo&poll=true&__async=true&__source=waHome HTTP/1.1" 200 92 
0:0:0:0:0:0:0:1 -  -  [28/二月/2016:08:49:01 +0000] "GET /openhab.app?sitemap=demo&poll=true&__async=true&__source=waHome HTTP/1.1" 200 92 
0:0:0:0:0:0:0:1 -  -  [28/二月/2016:08:49:11 +0000] "GET /openhab.app?sitemap=demo&poll=true&__async=true&__source=waHome HTTP/1.1" 200 92 
0:0:0:0:0:0:0:1 -  -  [28/二月/2016:08:49:22 +0000] "GET /openhab.app?sitemap=demo&poll=true&__async=true&__source=waHome HTTP/1.1" 200 92 
0:0:0:0:0:0:0:1 -  -  [28/二月/2016:08:49:33 +0000] "GET /openhab.app?sitemap=demo&poll=true&__async=true&__source=waHome HTTP/1.1" 200 92 
0:0:0:0:0:0:0:1 -  -  [28/二月/2016:08:49:43 +0000] "GET /openhab.app?sitemap=demo&poll=true&__async=true&__source=waHome HTTP/1.1" 200 92 
0:0:0:0:0:0:0:1 -  -  [28/二月/2016:08:49:54 +0000] "GET /openhab.app?sitemap=demo&poll=true&__async=true&__source=waHome HTTP/1.1" 200 1836 
0:0:0:0:0:0:0:1 -  -  [28/二月/2016:08:50:00 +0000] "GET /openhab.app?sitemap=demo&poll=true&__async=true&__source=waHome HTTP/1.1" 200 92 
0:0:0:0:0:0:0:1 -  -  [28/二月/2016:08:50:11 +0000] "GET /openhab.app?sitemap=demo&poll=true&__async=true&__source=waHome HTTP/1.1" 200 92 
0:0:0:0:0:0:0:1 -  -  [28/二月/2016:08:50:22 +0000] "GET /openhab.app?sitemap=demo&poll=true&__async=true&__source=waHome HTTP/1.1" 200 92 
0:0:0:0:0:0:0:1 -  -  [28/二月/2016:08:50:32 +0000] "GET /openhab.app?sitemap=demo&poll=true&__async=true&__source=waHome HTTP/1.1" 200 92 
0:0:0:0:0:0:0:1 -  -  [28/二月/2016:08:50:43 +0000] "GET /openhab.app?sitemap=demo&poll=true&__async=true&__source=waHome HTTP/1.1" 200 92 
0:0:0:0:0:0:0:1 -  -  [28/二月/2016:08:50:54 +0000] "GET /openhab.app?sitemap=demo&poll=true&__async=true&__source=waHome HTTP/1.1" 200 92 
0:0:0:0:0:0:0:1 -  -  [28/二月/2016:08:51:04 +0000] "GET /openhab.app?sitemap=demo&poll=true&__async=true&__source=waHome HTTP/1.1" 200 92 
0:0:0:0:0:0:0:1 -  -  [28/二月/2016:08:51:15 +0000] "GET /openhab.app?sitemap=demo&poll=true&__async=true&__source=waHome HTTP/1.1" 200 92 
0:0:0:0:0:0:0:1 -  -  [28/二月/2016:08:51:26 +0000] "GET /openhab.app?sitemap=demo&poll=true&__async=true&__source=waHome HTTP/1.1" 200 92 
0:0:0:0:0:0:0:1 -  -  [28/二月/2016:08:51:36 +0000] "GET /openhab.app?sitemap=demo&poll=true&__async=true&__source=waHome HTTP/1.1" 200 92 
0:0:0:0:0:0:0:1 -  -  [28/二月/2016:08:51:47 +0000] "GET /openhab.app?sitemap=demo&poll=true&__async=true&__source=waHome HTTP/1.1" 200 1834 
0:0:0:0:0:0:0:1 -  -  [28/二月/2016:08:51:52 +0000] "GET /openhab.app?sitemap=demo&poll=true&__async=true&__source=waHome HTTP/1.1" 200 92 
0:0:0:0:0:0:0:1 -  -  [28/二月/2016:08:52:03 +0000] "GET /openhab.app?sitemap=demo&poll=true&__async=true&__source=waHome HTTP/1.1" 200 92 
0:0:0:0:0:0:0:1 -  -  [28/二月/2016:08:52:13 +0000] "GET /openhab.app?sitemap=demo&poll=true&__async=true&__source=waHome HTTP/1.1" 200 92 
0:0:0:0:0:0:0:1 -  -  [28/二月/2016:08:52:24 +0000] "GET /openhab.app?sitemap=demo&poll=true&__async=true&__source=waHome HTTP/1.1" 200 92 
0:0:0:0:0:0:0:1 -  -  [28/二月/2016:08:52:35 +0000] "GET /openhab.app?sitemap=demo&poll=true&__async=true&__source=waHome HTTP/1.1" 200 92 
0:0:0:0:0:0:0:1 -  -  [28/二月/2016:08:52:46 +0000] "GET /openhab.app?sitemap=demo&poll=true&__async=true&__source=waHome HTTP/1.1" 200 1834 
0:0:0:0:0:0:0:1 -  -  [28/二月/2016:08:52:54 +0000] "GET /openhab.app?sitemap=demo&poll=true&__async=true&__source=waHome HTTP/1.1" 200 92 
0:0:0:0:0:0:0:1 -  -  [28/二月/2016:08:53:04 +0000] "GET /openhab.app?sitemap=demo&poll=true&__async=true&__source=waHome HTTP/1.1" 200 92 
0:0:0:0:0:0:0:1 -  -  [28/二月/2016:08:53:15 +0000] "GET /openhab.app?sitemap=demo&poll=true&__async=true&__source=waHome HTTP/1.1" 200 92 
0:0:0:0:0:0:0:1 -  -  [28/二月/2016:08:53:26 +0000] "GET /openhab.app?sitemap=demo&poll=true&__async=true&__source=waHome HTTP/1.1" 200 92 
0:0:0:0:0:0:0:1 -  -  [28/二月/2016:08:53:36 +0000] "GET /openhab.app?sitemap=demo&poll=true&__async=true&__source=waHome HTTP/1.1" 200 92 
0:0:0:0:0:0:0:1 -  -  [28/二月/2016:08:53:47 +0000] "GET /openhab.app?sitemap=demo&poll=true&__async=true&__source=waHome HTTP/1.1" 200 92 
0:0:0:0:0:0:0:1 -  -  [28/二月/2016:08:53:57 +0000] "GET /openhab.app?sitemap=demo&poll=true&__async=true&__source=waHome HTTP/1.1" 200 1834 
0:0:0:0:0:0:0:1 -  -  [28/二月/2016:08:53:58 +0000] "GET /openhab.app?sitemap=demo&poll=true&__async=true&__source=waHome HTTP/1.1" 200 92 
0:0:0:0:0:0:0:1 -  -  [28/二月/2016:08:54:08 +0000] "GET /openhab.app?sitemap=demo&poll=true&__async=true&__source=waHome HTTP/1.1" 200 92 
0:0:0:0:0:0:0:1 -  -  [28/二月/2016:08:54:19 +0000] "GET /openhab.app?sitemap=demo&poll=true&__async=true&__source=waHome HTTP/1.1" 200 92 
0:0:0:0:0:0:0:1 -  -  [28/二月/2016:08:54:30 +0000] "GET /openhab.app?sitemap=demo&poll=true&__async=true&__source=waHome HTTP/1.1" 200 92 
0:0:0:0:0:0:0:1 -  -  [28/二月/2016:08:54:40 +0000] "GET /openhab.app?sitemap=demo&poll=true&__async=true&__source=waHome HTTP/1.1" 200 92 
0:0:0:0:0:0:0:1 -  -  [28/二月/2016:08:54:51 +0000] "GET /openhab.app?sitemap=demo&poll=true&__async=true&__source=waHome HTTP/1.1" 200 1834 
0:0:0:0:0:0:0:1 -  -  [28/二月/2016:08:55:00 +0000] "GET /openhab.app?sitemap=demo&poll=true&__async=true&__source=waHome HTTP/1.1" 200 1834 
0:0:0:0:0:0:0:1 -  -  [28/二月/2016:08:55:00 +0000] "GET /openhab.app?sitemap=demo&poll=true&__async=true&__source=waHome HTTP/1.1" 200 1834 
0:0:0:0:0:0:0:1 -  -  [28/二月/2016:08:55:07 +0000] "GET /openhab.app?sitemap=demo&poll=true&__async=true&__source=waHome HTTP/1.1" 200 92 
0:0:0:0:0:0:0:1 -  -  [28/二月/2016:08:55:18 +0000] "GET /openhab.app?sitemap=demo&poll=true&__async=true&__source=waHome HTTP/1.1" 200 92 
0:0:0:0:0:0:0:1 -  -  [28/二月/2016:08:55:29 +0000] "GET /openhab.app?sitemap=demo&poll=true&__async=true&__source=waHome HTTP/1.1" 200 92 
0:0:0:0:0:0:0:1 -  -  [28/二月/2016:08:55:40 +0000] "GET /openhab.app?sitemap=demo&poll=true&__async=true&__source=waHome HTTP/1.1" 200 92 
0:0:0:0:0:0:0:1 -  -  [28/二月/2016:08:55:50 +0000] "GET /openhab.app?sitemap=demo&poll=true&__async=true&__source=waHome HTTP/1.1" 200 92 
0:0:0:0:0:0:0:1 -  -  [28/二月/2016:08:56:01 +0000] "GET /openhab.app?sitemap=demo&poll=true&__async=true&__source=waHome HTTP/1.1" 200 1834 
0:0:0:0:0:0:0:1 -  -  [28/二月/2016:08:56:08 +0000] "GET /openhab.app?sitemap=demo&poll=true&__async=true&__source=waHome HTTP/1.1" 200 92 
0:0:0:0:0:0:0:1 -  -  [28/二月/2016:08:56:19 +0000] "GET /openhab.app?sitemap=demo&poll=true&__async=true&__source=waHome HTTP/1.1" 200 92 
0:0:0:0:0:0:0:1 -  -  [28/二月/2016:08:56:30 +0000] "GET /openhab.app?sitemap=demo&poll=true&__async=true&__source=waHome HTTP/1.1" 200 92 
10.196.80.10 -  -  [28/二月/2016:08:56:46 +0000] "GET /openhab.app?sitemap=demo HTTP/1.1" 200 7711 
10.196.80.10 -  -  [28/二月/2016:08:56:47 +0000] "GET /WebApp/Design/Render.css HTTP/1.1" 200 16314 
10.196.80.10 -  -  [28/二月/2016:08:56:47 +0000] "GET /WebApp/Design/RenderRTL.css HTTP/1.1" 200 2903 
10.196.80.10 -  -  [28/二月/2016:08:56:47 +0000] "GET /WebApp/Design/Firefox.css HTTP/1.1" 200 3505 
10.196.80.10 -  -  [28/二月/2016:08:56:47 +0000] "GET /WebApp/Action/Logic.js HTTP/1.1" 200 22591 
10.196.80.10 -  -  [28/二月/2016:08:56:47 +0000] "GET /jquery.miniColors.js HTTP/1.1" 200 20436 
10.196.80.10 -  -  [28/二月/2016:08:56:47 +0000] "GET /WebApp/Design/openHAB.css HTTP/1.1" 200 101 
10.196.80.10 -  -  [28/二月/2016:08:56:47 +0000] "GET /jquery.miniColors.css HTTP/1.1" 200 3525 
10.196.80.10 -  -  [28/二月/2016:08:56:47 +0000] "GET /images/firstfloor.png HTTP/1.1" 200 4473 
10.196.80.10 -  -  [28/二月/2016:08:56:47 +0000] "GET /jquery.min.js HTTP/1.1" 200 93637 
10.196.80.10 -  -  [28/二月/2016:08:56:47 +0000] "GET /images/groundfloor.png HTTP/1.1" 200 5194 
10.196.80.10 -  -  [28/二月/2016:08:56:47 +0000] "GET /images/cellar.png HTTP/1.1" 200 5294 
10.196.80.10 -  -  [28/二月/2016:08:56:47 +0000] "GET /images/temperature.png HTTP/1.1" 200 4361 
10.196.80.10 -  -  [28/二月/2016:08:56:47 +0000] "GET /images/chart.png HTTP/1.1" 200 3772 
10.196.80.10 -  -  [28/二月/2016:08:56:47 +0000] "GET /images/garden.png HTTP/1.1" 200 5237 
10.196.80.10 -  -  [28/二月/2016:08:56:47 +0000] "GET /images/video.png HTTP/1.1" 200 5269 
10.196.80.10 -  -  [28/二月/2016:08:56:47 +0000] "GET /images/none.png HTTP/1.1" 200 132 
10.196.80.10 -  -  [28/二月/2016:08:56:47 +0000] "GET /images/calendar.png HTTP/1.1" 200 4333 
10.196.80.10 -  -  [28/二月/2016:08:56:47 +0000] "GET /WebApp/Design/Img/bg.png HTTP/1.1" 200 115 
10.196.80.10 -  -  [28/二月/2016:08:56:47 +0000] "GET /WebApp/Design/Img/select.png HTTP/1.1" 200 135 
10.196.80.10 -  -  [28/二月/2016:08:56:47 +0000] "GET /WebApp/Design/Img/loader-white-100x12x1.png HTTP/1.1" 200 608 
10.196.80.10 -  -  [28/二月/2016:08:56:47 +0000] "GET /WebApp/Design/Img/loader-white-100x12x2.png HTTP/1.1" 200 621 
10.196.80.10 -  -  [28/二月/2016:08:56:47 +0000] "GET /WebApp/Design/Img/loader-white-100x12x3.png HTTP/1.1" 200 615 
10.196.80.10 -  -  [28/二月/2016:08:56:47 +0000] "GET /WebApp/Design/Img/loader-white-100x12x4.png HTTP/1.1" 200 615 
10.196.80.10 -  -  [28/二月/2016:08:56:47 +0000] "GET /WebApp/Design/Img/loader-white-100x12x5.png HTTP/1.1" 200 608 
10.196.80.10 -  -  [28/二月/2016:08:56:47 +0000] "GET /WebApp/Design/Img/loader-white-100x12x6.png HTTP/1.1" 200 601 
10.196.80.10 -  -  [28/二月/2016:08:56:47 +0000] "GET /WebApp/Design/Img/loader-white-100x12x7.png HTTP/1.1" 200 607 
10.196.80.10 -  -  [28/二月/2016:08:56:47 +0000] "GET /WebApp/Design/Img/loader-white-100x12x8.png HTTP/1.1" 200 616 
10.196.80.10 -  -  [28/二月/2016:08:56:47 +0000] "GET /WebApp/Design/Img/loader-white-100x12x9.png HTTP/1.1" 200 604 
10.196.80.10 -  -  [28/二月/2016:08:56:47 +0000] "GET /WebApp/Design/Img/loader-white-100x12x11.png HTTP/1.1" 200 606 
10.196.80.10 -  -  [28/二月/2016:08:56:47 +0000] "GET /WebApp/Design/Img/loader-white-100x12x10.png HTTP/1.1" 200 608 
10.196.80.10 -  -  [28/二月/2016:08:56:47 +0000] "GET /WebApp/Design/Img/loader-white-100x12x12.png HTTP/1.1" 200 616 
10.196.80.10 -  -  [28/二月/2016:08:56:47 +0000] "GET /WebApp/Design/Img/loader-gray-100x12x1.png HTTP/1.1" 200 701 
10.196.80.10 -  -  [28/二月/2016:08:56:47 +0000] "GET /WebApp/Design/Img/loader-gray-100x12x2.png HTTP/1.1" 200 693 
10.196.80.10 -  -  [28/二月/2016:08:56:47 +0000] "GET /WebApp/Design/Img/loader-gray-100x12x3.png HTTP/1.1" 200 700 
10.196.80.10 -  -  [28/二月/2016:08:56:47 +0000] "GET /WebApp/Design/Img/bg-head.png HTTP/1.1" 200 152 
10.196.80.10 -  -  [28/二月/2016:08:56:47 +0000] "GET /WebApp/Design/Img/loader-big-white-100x12x3.png HTTP/1.1" 200 1849 
10.196.80.10 -  -  [28/二月/2016:08:56:47 +0000] "GET /WebApp/Design/Img/loader-gray-100x12x4.png HTTP/1.1" 200 689 
10.196.80.10 -  -  [28/二月/2016:08:56:47 +0000] "GET /WebApp/Design/Img/loader-big-white-100x12x5.png HTTP/1.1" 200 1914 
10.196.80.10 -  -  [28/二月/2016:08:56:47 +0000] "GET /WebApp/Design/Img/button-back-touch.png HTTP/1.1" 200 932 
10.196.80.10 -  -  [28/二月/2016:08:56:47 +0000] "GET /WebApp/Design/Img/loader-gray-100x12x12.png HTTP/1.1" 200 694 
10.196.80.10 -  -  [28/二月/2016:08:56:47 +0000] "GET /WebApp/Design/Img/loader-big-white-100x12x4.png HTTP/1.1" 200 1923 
10.196.80.10 -  -  [28/二月/2016:08:56:47 +0000] "GET /WebApp/Design/Img/loader-big-white-100x12x7.png HTTP/1.1" 200 1859 
10.196.80.10 -  -  [28/二月/2016:08:56:47 +0000] "GET /WebApp/Design/Img/loader-gray-100x12x7.png HTTP/1.1" 200 689 
10.196.80.10 -  -  [28/二月/2016:08:56:47 +0000] "GET /WebApp/Design/Img/loader-gray-100x12x8.png HTTP/1.1" 200 688 
10.196.80.10 -  -  [28/二月/2016:08:56:47 +0000] "GET /WebApp/Design/Img/loader-gray-100x12x9.png HTTP/1.1" 200 692 
10.196.80.10 -  -  [28/二月/2016:08:56:47 +0000] "GET /WebApp/Design/Img/chevron-select.png HTTP/1.1" 200 196 
10.196.80.10 -  -  [28/二月/2016:08:56:47 +0000] "GET /WebApp/Design/Img/loader-big-white-100x12x12.png HTTP/1.1" 200 1873 
10.196.80.10 -  -  [28/二月/2016:08:56:47 +0000] "GET /WebApp/Design/Img/loader-big-white-100x12x10.png HTTP/1.1" 200 1893 
10.196.80.10 -  -  [28/二月/2016:08:56:47 +0000] "GET /WebApp/Design/Img/loader-big-white-100x12x1.png HTTP/1.1" 200 1873 
10.196.80.10 -  -  [28/二月/2016:08:56:47 +0000] "GET /WebApp/Design/Img/loader-big-white-100x12x11.png HTTP/1.1" 200 1889 
10.196.80.10 -  -  [28/二月/2016:08:56:47 +0000] "GET /WebApp/Design/Img/loader-gray-100x12x5.png HTTP/1.1" 200 699 
10.196.80.10 -  -  [28/二月/2016:08:56:47 +0000] "GET /WebApp/Design/Img/loader-big-white-100x12x9.png HTTP/1.1" 200 1876 
10.196.80.10 -  -  [28/二月/2016:08:56:47 +0000] "GET /WebApp/Design/Img/check-sel.png HTTP/1.1" 200 290 
10.196.80.10 -  -  [28/二月/2016:08:56:47 +0000] "GET /WebApp/Design/Img/loader-big-white-100x12x6.png HTTP/1.1" 200 1901 
10.196.80.10 -  -  [28/二月/2016:08:56:47 +0000] "GET /WebApp/Design/Img/loader-gray-100x12x10.png HTTP/1.1" 200 692 
10.196.80.10 -  -  [28/二月/2016:08:56:47 +0000] "GET /WebApp/Design/Img/button-simple-touch.png HTTP/1.1" 200 665 
10.196.80.10 -  -  [28/二月/2016:08:56:47 +0000] "GET /WebApp/Design/Img/loader-big-white-100x12x2.png HTTP/1.1" 200 1870 
10.196.80.10 -  -  [28/二月/2016:08:56:47 +0000] "GET /WebApp/Design/Img/loader-big-white-100x12x8.png HTTP/1.1" 200 1897 
10.196.80.10 -  -  [28/二月/2016:08:56:47 +0000] "GET /WebApp/Design/Img/loader-gray-100x12x6.png HTTP/1.1" 200 689 
10.196.80.10 -  -  [28/二月/2016:08:56:47 +0000] "GET /WebApp/Design/Img/button-back.png HTTP/1.1" 200 940 
10.196.80.10 -  -  [28/二月/2016:08:56:47 +0000] "GET /WebApp/Design/Img/button-simple.png HTTP/1.1" 200 670 
10.196.80.10 -  -  [28/二月/2016:08:56:47 +0000] "GET /WebApp/Design/Img/loader-gray-100x12x11.png HTTP/1.1" 200 688 
10.196.80.10 -  -  [28/二月/2016:08:56:47 +0000] "GET /WebApp/Design/Img/chevron.png HTTP/1.1" 200 254 
10.196.80.10 -  -  [28/二月/2016:08:56:47 +0000] "GET /jquery.minicolors.png HTTP/1.1" 200 50867 
10.196.80.10 -  -  [28/二月/2016:08:56:48 +0000] "GET /images/favicon.ico HTTP/1.1" 200 1150 
0:0:0:0:0:0:0:1 -  -  [28/二月/2016:08:56:40 +0000] "GET /openhab.app?sitemap=demo&poll=true&__async=true&__source=waHome HTTP/1.1" 200 92 
10.196.80.10 -  -  [28/二月/2016:08:56:49 +0000] "GET /openhab.app?sitemap=demo&poll=true&__async=true&__source=waHome HTTP/1.1" 200 92 
10.196.80.10 -  -  [28/二月/2016:08:57:00 +0000] "GET /openhab.app?sitemap=demo&poll=true&__async=true&__source=waHome HTTP/1.1" 200 92 
10.196.80.10 -  -  [28/二月/2016:08:57:10 +0000] "GET /openhab.app?sitemap=demo&poll=true&__async=true&__source=waHome HTTP/1.1" 200 1834 
10.196.80.10 -  -  [28/二月/2016:08:57:15 +0000] "GET /openhab.app?sitemap=demo&poll=true&__async=true&__source=waHome HTTP/1.1" 200 92 
10.196.80.10 -  -  [28/二月/2016:08:57:25 +0000] "GET /openhab.app?sitemap=demo&poll=true&__async=true&__source=waHome HTTP/1.1" 200 92 
10.196.80.10 -  -  [28/二月/2016:08:57:36 +0000] "GET /openhab.app?sitemap=demo&poll=true&__async=true&__source=waHome HTTP/1.1" 200 92 
10.196.80.10 -  -  [28/二月/2016:08:57:47 +0000] "GET /openhab.app?sitemap=demo&poll=true&__async=true&__source=waHome HTTP/1.1" 200 92 
10.196.80.10 -  -  [28/二月/2016:08:57:58 +0000] "GET /openhab.app?sitemap=demo&poll=true&__async=true&__source=waHome HTTP/1.1" 200 92 
10.196.80.10 -  -  [28/二月/2016:08:58:08 +0000] "GET /openhab.app?sitemap=demo&poll=true&__async=true&__source=waHome HTTP/1.1" 200 92 
10.196.80.10 -  -  [28/二月/2016:08:58:19 +0000] "GET /openhab.app?sitemap=demo&poll=true&__async=true&__source=waHome HTTP/1.1" 200 92 
10.196.80.10 -  -  [28/二月/2016:08:58:30 +0000] "GET /openhab.app?sitemap=demo&poll=true&__async=true&__source=waHome HTTP/1.1" 200 92 
10.196.80.10 -  -  [28/二月/2016:08:58:40 +0000] "GET /openhab.app?sitemap=demo&poll=true&__async=true&__source=waHome HTTP/1.1" 200 92 
10.196.80.10 -  -  [28/二月/2016:08:58:51 +0000] "GET /openhab.app?sitemap=demo&poll=true&__async=true&__source=waHome HTTP/1.1" 200 92 
10.196.80.10 -  -  [28/二月/2016:08:59:02 +0000] "GET /openhab.app?sitemap=demo&poll=true&__async=true&__source=waHome HTTP/1.1" 200 92 
10.196.80.10 -  -  [28/二月/2016:08:59:13 +0000] "GET /openhab.app?sitemap=demo&poll=true&__async=true&__source=waHome HTTP/1.1" 200 92 
10.196.80.10 -  -  [28/二月/2016:08:59:24 +0000] "GET /openhab.app?sitemap=demo&poll=true&__async=true&__source=waHome HTTP/1.1" 200 92 
10.196.80.10 -  -  [28/二月/2016:08:59:35 +0000] "GET /openhab.app?sitemap=demo&poll=true&__async=true&__source=waHome HTTP/1.1" 200 92 
10.196.80.10 -  -  [28/二月/2016:08:59:45 +0000] "GET /openhab.app?sitemap=demo&poll=true&__async=true&__source=waHome HTTP/1.1" 200 92 
10.196.80.10 -  -  [28/二月/2016:08:59:56 +0000] "GET /openhab.app?sitemap=demo&poll=true&__async=true&__source=waHome HTTP/1.1" 200 1836 
10.196.80.10 -  -  [28/二月/2016:09:00:00 +0000] "GET /openhab.app?sitemap=demo&poll=true&__async=true&__source=waHome HTTP/1.1" 200 92 
10.196.80.10 -  -  [28/二月/2016:09:00:11 +0000] "GET /openhab.app?sitemap=demo&poll=true&__async=true&__source=waHome HTTP/1.1" 200 1834 
10.196.80.10 -  -  [28/二月/2016:09:00:16 +0000] "GET /openhab.app?sitemap=demo&poll=true&__async=true&__source=waHome HTTP/1.1" 200 92 
10.196.80.10 -  -  [28/二月/2016:09:00:27 +0000] "GET /openhab.app?sitemap=demo&poll=true&__async=true&__source=waHome HTTP/1.1" 200 92 
10.196.80.10 -  -  [28/二月/2016:09:00:38 +0000] "GET /openhab.app?sitemap=demo&poll=true&__async=true&__source=waHome HTTP/1.1" 200 92 
10.196.80.10 -  -  [28/二月/2016:09:00:48 +0000] "GET /openhab.app?sitemap=demo&poll=true&__async=true&__source=waHome HTTP/1.1" 200 92 
10.196.80.10 -  -  [28/二月/2016:09:00:59 +0000] "GET /openhab.app?sitemap=demo&poll=true&__async=true&__source=waHome HTTP/1.1" 200 92 
10.196.80.10 -  -  [28/二月/2016:09:01:10 +0000] "GET /openhab.app?sitemap=demo&poll=true&__async=true&__source=waHome HTTP/1.1" 200 92 
10.196.80.10 -  -  [28/二月/2016:09:01:21 +0000] "GET /openhab.app?sitemap=demo&poll=true&__async=true&__source=waHome HTTP/1.1" 200 1834 
10.196.80.10 -  -  [28/二月/2016:09:01:22 +0000] "GET /openhab.app?sitemap=demo&poll=true&__async=true&__source=waHome HTTP/1.1" 200 92 
10.196.80.10 -  -  [28/二月/2016:09:01:32 +0000] "GET /openhab.app?sitemap=demo&poll=true&__async=true&__source=waHome HTTP/1.1" 200 92 
10.196.80.10 -  -  [28/二月/2016:09:01:53 +0000] "GET /openhab.app?sitemap=demo&w=0002&__async=true&__source=waHome HTTP/1.1" 200 1401 
10.196.80.10 -  -  [28/二月/2016:09:01:53 +0000] "GET /images/switch-off.png HTTP/1.1" 200 1467 
10.196.80.10 -  -  [28/二月/2016:09:01:53 +0000] "GET /WebApp/Design/Img/bg-switch.png HTTP/1.1" 200 157 
10.196.80.10 -  -  [28/二月/2016:09:01:53 +0000] "GET /WebApp/Design/Img/bg-switch-thumb.png HTTP/1.1" 200 164 
10.196.80.10 -  -  [28/二月/2016:09:01:53 +0000] "GET /WebApp/Design/Img/form-check-text.png HTTP/1.1" 200 122 
10.196.80.10 -  -  [28/二月/2016:09:01:43 +0000] "GET /openhab.app?sitemap=demo&poll=true&__async=true&__source=waHome HTTP/1.1" 200 92 
10.196.80.10 -  -  [28/二月/2016:09:01:54 +0000] "GET /openhab.app?sitemap=demo&sitemap=demo&w=0002&poll=true&__async=true&__source=wa0002 HTTP/1.1" 200 92 
10.196.80.10 -  -  [28/二月/2016:09:01:55 +0000] "GET /openhab.app?sitemap=demo&sitemap=demo&w=&poll=true&__async=true&__source=waHome HTTP/1.1" 200 92 
10.196.80.10 -  -  [28/二月/2016:09:02:04 +0000] "GET /openhab.app?sitemap=demo&sitemap=demo&w=0002&poll=true&__async=true&__source=waHome HTTP/1.1" 200 92 
10.196.80.10 -  -  [28/二月/2016:09:02:06 +0000] "GET /openhab.app?sitemap=demo&sitemap=demo&w=&poll=true&__async=true&__source=waHome HTTP/1.1" 200 92 
10.196.80.10 -  -  [28/二月/2016:09:02:15 +0000] "GET /openhab.app?sitemap=demo&sitemap=demo&w=0002&poll=true&__async=true&__source=waHome HTTP/1.1" 200 92 
10.196.80.10 -  -  [28/二月/2016:09:02:17 +0000] "GET /openhab.app?sitemap=demo&sitemap=demo&w=&poll=true&__async=true&__source=waHome HTTP/1.1" 200 92 
10.196.80.10 -  -  [28/二月/2016:09:02:26 +0000] "GET /openhab.app?sitemap=demo&sitemap=demo&w=0002&poll=true&__async=true&__source=waHome HTTP/1.1" 200 92 
10.196.80.10 -  -  [28/二月/2016:09:02:27 +0000] "GET /openhab.app?sitemap=demo&sitemap=demo&w=&poll=true&__async=true&__source=waHome HTTP/1.1" 200 92 
10.196.80.10 -  -  [28/二月/2016:09:02:37 +0000] "GET /openhab.app?sitemap=demo&sitemap=demo&w=0002&poll=true&__async=true&__source=waHome HTTP/1.1" 200 92 
10.196.80.10 -  -  [28/二月/2016:09:02:38 +0000] "GET /openhab.app?sitemap=demo&sitemap=demo&w=&poll=true&__async=true&__source=waHome HTTP/1.1" 200 92 
10.196.80.10 -  -  [28/二月/2016:09:02:47 +0000] "GET /openhab.app?sitemap=demo&sitemap=demo&w=0002&poll=true&__async=true&__source=waHome HTTP/1.1" 200 92 
10.196.80.10 -  -  [28/二月/2016:09:02:49 +0000] "GET /openhab.app?sitemap=demo&sitemap=demo&w=&poll=true&__async=true&__source=waHome HTTP/1.1" 200 92 
10.196.80.10 -  -  [28/二月/2016:09:02:58 +0000] "GET /openhab.app?sitemap=demo&sitemap=demo&w=0002&poll=true&__async=true&__source=waHome HTTP/1.1" 200 92 
10.196.80.10 -  -  [28/二月/2016:09:03:00 +0000] "GET /openhab.app?sitemap=demo&sitemap=demo&w=&poll=true&__async=true&__source=waHome HTTP/1.1" 200 92 
10.196.80.10 -  -  [28/二月/2016:09:03:09 +0000] "GET /openhab.app?sitemap=demo&sitemap=demo&w=0002&poll=true&__async=true&__source=waHome HTTP/1.1" 200 92 
10.196.80.10 -  -  [28/二月/2016:09:03:10 +0000] "GET /openhab.app?sitemap=demo&sitemap=demo&w=&poll=true&__async=true&__source=waHome HTTP/1.1" 200 92 
10.196.80.10 -  -  [28/二月/2016:09:03:20 +0000] "GET /openhab.app?sitemap=demo&sitemap=demo&w=0002&poll=true&__async=true&__source=waHome HTTP/1.1" 200 92 
10.196.80.10 -  -  [28/二月/2016:09:03:21 +0000] "GET /openhab.app?sitemap=demo&sitemap=demo&w=&poll=true&__async=true&__source=waHome HTTP/1.1" 200 92 
10.196.80.10 -  -  [28/二月/2016:09:03:30 +0000] "GET /openhab.app?sitemap=demo&sitemap=demo&w=0002&poll=true&__async=true&__source=waHome HTTP/1.1" 200 92 
10.196.80.10 -  -  [28/二月/2016:09:03:32 +0000] "GET /openhab.app?sitemap=demo&sitemap=demo&w=&poll=true&__async=true&__source=waHome HTTP/1.1" 200 92 
10.196.80.10 -  -  [28/二月/2016:09:03:41 +0000] "GET /openhab.app?sitemap=demo&sitemap=demo&w=0002&poll=true&__async=true&__source=waHome HTTP/1.1" 200 92 
10.196.80.10 -  -  [28/二月/2016:09:03:42 +0000] "GET /openhab.app?sitemap=demo&sitemap=demo&w=&poll=true&__async=true&__source=waHome HTTP/1.1" 200 92 
10.196.80.10 -  -  [28/二月/2016:09:03:52 +0000] "GET /openhab.app?sitemap=demo&sitemap=demo&w=0002&poll=true&__async=true&__source=waHome HTTP/1.1" 200 92 
10.196.80.10 -  -  [28/二月/2016:09:03:53 +0000] "GET /openhab.app?sitemap=demo&sitemap=demo&w=&poll=true&__async=true&__source=waHome HTTP/1.1" 200 92 
10.196.80.10 -  -  [28/二月/2016:09:04:02 +0000] "GET /openhab.app?sitemap=demo&sitemap=demo&w=0002&poll=true&__async=true&__source=waHome HTTP/1.1" 200 92 
10.196.80.10 -  -  [28/二月/2016:09:04:04 +0000] "GET /openhab.app?sitemap=demo&sitemap=demo&w=&poll=true&__async=true&__source=waHome HTTP/1.1" 200 92 
10.196.80.10 -  -  [28/二月/2016:09:04:47 +0000] "GET /openhab.app?sitemap=demo&sitemap=demo&w=0002&poll=true&__async=true&__source=waHome HTTP/1.1" 200 92 
10.196.80.10 -  -  [28/二月/2016:09:04:49 +0000] "GET /openhab.app?sitemap=demo&sitemap=demo&w=&poll=true&__async=true&__source=waHome HTTP/1.1" 200 92 
10.196.80.10 -  -  [28/二月/2016:09:04:59 +0000] "GET /openhab.app?sitemap=demo&sitemap=demo&w=&poll=true&__async=true&__source=waHome HTTP/1.1" 200 1836 
10.196.80.10 -  -  [28/二月/2016:09:04:58 +0000] "GET /openhab.app?sitemap=demo&sitemap=demo&w=0002&poll=true&__async=true&__source=waHome HTTP/1.1" 200 92 
10.196.80.10 -  -  [28/二月/2016:09:05:00 +0000] "GET /openhab.app?sitemap=demo&sitemap=demo&w=&poll=true&__async=true&__source=waHome HTTP/1.1" 200 92 
10.196.80.10 -  -  [28/二月/2016:09:05:09 +0000] "GET /openhab.app?sitemap=demo&sitemap=demo&w=0002&poll=true&__async=true&__source=waHome HTTP/1.1" 200 92 
10.196.80.10 -  -  [28/二月/2016:09:05:11 +0000] "GET /openhab.app?sitemap=demo&sitemap=demo&w=&poll=true&__async=true&__source=waHome HTTP/1.1" 200 92 
10.196.80.10 -  -  [28/二月/2016:09:05:19 +0000] "GET /openhab.app?sitemap=demo&sitemap=demo&w=0002&poll=true&__async=true&__source=waHome HTTP/1.1" 200 92 
10.196.80.10 -  -  [28/二月/2016:09:05:21 +0000] "GET /openhab.app?sitemap=demo&sitemap=demo&w=&poll=true&__async=true&__source=waHome HTTP/1.1" 200 92 
10.196.80.10 -  -  [28/二月/2016:09:05:30 +0000] "GET /openhab.app?sitemap=demo&sitemap=demo&w=0002&poll=true&__async=true&__source=waHome HTTP/1.1" 200 92 
10.196.80.10 -  -  [28/二月/2016:09:05:32 +0000] "GET /openhab.app?sitemap=demo&sitemap=demo&w=&poll=true&__async=true&__source=waHome HTTP/1.1" 200 92 
10.196.80.10 -  -  [28/二月/2016:09:05:42 +0000] "GET /openhab.app?sitemap=demo&sitemap=demo&w=&poll=true&__async=true&__source=waHome HTTP/1.1" 200 1834 
10.196.80.10 -  -  [28/二月/2016:09:05:40 +0000] "GET /openhab.app?sitemap=demo&sitemap=demo&w=0002&poll=true&__async=true&__source=waHome HTTP/1.1" 200 92 
10.196.80.10 -  -  [28/二月/2016:09:05:49 +0000] "GET /openhab.app?sitemap=demo&sitemap=demo&w=&poll=true&__async=true&__source=waHome HTTP/1.1" 200 92 
10.196.80.10 -  -  [28/二月/2016:09:05:51 +0000] "GET /openhab.app?sitemap=demo&sitemap=demo&w=0002&poll=true&__async=true&__source=waHome HTTP/1.1" 200 92 
10.196.80.10 -  -  [28/二月/2016:09:05:59 +0000] "GET /openhab.app?sitemap=demo&sitemap=demo&w=&poll=true&__async=true&__source=waHome HTTP/1.1" 200 92 
10.196.80.10 -  -  [28/二月/2016:09:06:02 +0000] "GET /openhab.app?sitemap=demo&sitemap=demo&w=0002&poll=true&__async=true&__source=waHome HTTP/1.1" 200 92 
10.196.80.10 -  -  [28/二月/2016:09:06:10 +0000] "GET /openhab.app?sitemap=demo&sitemap=demo&w=&poll=true&__async=true&__source=waHome HTTP/1.1" 200 92 
10.196.80.10 -  -  [28/二月/2016:09:06:13 +0000] "GET /openhab.app?sitemap=demo&sitemap=demo&w=0002&poll=true&__async=true&__source=waHome HTTP/1.1" 200 92 
10.196.80.10 -  -  [28/二月/2016:09:06:20 +0000] "GET /openhab.app?sitemap=demo&sitemap=demo&w=&poll=true&__async=true&__source=waHome HTTP/1.1" 200 92 
10.196.80.10 -  -  [28/二月/2016:09:06:23 +0000] "GET /openhab.app?sitemap=demo&sitemap=demo&w=0002&poll=true&__async=true&__source=waHome HTTP/1.1" 200 92 
10.196.80.10 -  -  [28/二月/2016:09:06:31 +0000] "GET /openhab.app?sitemap=demo&sitemap=demo&w=&poll=true&__async=true&__source=waHome HTTP/1.1" 200 92 
10.196.80.10 -  -  [28/二月/2016:09:06:34 +0000] "GET /openhab.app?sitemap=demo&sitemap=demo&w=0002&poll=true&__async=true&__source=waHome HTTP/1.1" 200 92 
10.196.80.10 -  -  [28/二月/2016:09:06:41 +0000] "GET /openhab.app?sitemap=demo&sitemap=demo&w=&poll=true&__async=true&__source=waHome HTTP/1.1" 200 92 
10.196.80.10 -  -  [28/二月/2016:09:06:45 +0000] "GET /openhab.app?sitemap=demo&sitemap=demo&w=0002&poll=true&__async=true&__source=waHome HTTP/1.1" 200 92 
10.196.80.10 -  -  [28/二月/2016:09:06:52 +0000] "GET /openhab.app?sitemap=demo&sitemap=demo&w=&poll=true&__async=true&__source=waHome HTTP/1.1" 200 1834 
10.196.80.10 -  -  [28/二月/2016:09:06:55 +0000] "GET /openhab.app?sitemap=demo&sitemap=demo&w=0002&poll=true&__async=true&__source=waHome HTTP/1.1" 200 92 
10.196.80.10 -  -  [28/二月/2016:09:06:56 +0000] "GET /openhab.app?sitemap=demo&sitemap=demo&w=&poll=true&__async=true&__source=waHome HTTP/1.1" 200 92 
10.196.80.10 -  -  [28/二月/2016:09:07:06 +0000] "GET /openhab.app?sitemap=demo&sitemap=demo&w=0002&poll=true&__async=true&__source=waHome HTTP/1.1" 200 92 
10.196.80.10 -  -  [28/二月/2016:09:07:07 +0000] "GET /openhab.app?sitemap=demo&sitemap=demo&w=&poll=true&__async=true&__source=waHome HTTP/1.1" 200 92 
10.196.80.10 -  -  [28/二月/2016:09:07:17 +0000] "GET /openhab.app?sitemap=demo&sitemap=demo&w=0002&poll=true&__async=true&__source=waHome HTTP/1.1" 200 92 
10.196.80.10 -  -  [28/二月/2016:09:07:17 +0000] "GET /openhab.app?sitemap=demo&sitemap=demo&w=&poll=true&__async=true&__source=waHome HTTP/1.1" 200 92 
10.196.80.10 -  -  [28/二月/2016:09:07:28 +0000] "GET /openhab.app?sitemap=demo&sitemap=demo&w=0002&poll=true&__async=true&__source=waHome HTTP/1.1" 200 92 
10.196.80.10 -  -  [28/二月/2016:09:07:28 +0000] "GET /openhab.app?sitemap=demo&sitemap=demo&w=&poll=true&__async=true&__source=waHome HTTP/1.1" 200 92 
10.196.80.10 -  -  [28/二月/2016:09:07:39 +0000] "GET /openhab.app?sitemap=demo&sitemap=demo&w=0002&poll=true&__async=true&__source=waHome HTTP/1.1" 200 92 
10.196.80.10 -  -  [28/二月/2016:09:07:39 +0000] "GET /openhab.app?sitemap=demo&sitemap=demo&w=&poll=true&__async=true&__source=waHome HTTP/1.1" 200 92 
10.196.80.10 -  -  [28/二月/2016:09:07:50 +0000] "GET /openhab.app?sitemap=demo&sitemap=demo&w=&poll=true&__async=true&__source=waHome HTTP/1.1" 200 1834 
10.196.80.10 -  -  [28/二月/2016:09:07:49 +0000] "GET /openhab.app?sitemap=demo&sitemap=demo&w=0002&poll=true&__async=true&__source=waHome HTTP/1.1" 200 92 
10.196.80.10 -  -  [28/二月/2016:09:07:56 +0000] "GET /openhab.app?sitemap=demo&sitemap=demo&w=&poll=true&__async=true&__source=waHome HTTP/1.1" 200 92 
10.196.80.10 -  -  [28/二月/2016:09:08:00 +0000] "GET /openhab.app?sitemap=demo&sitemap=demo&w=0002&poll=true&__async=true&__source=waHome HTTP/1.1" 200 92 
10.196.80.10 -  -  [28/二月/2016:09:08:07 +0000] "GET /openhab.app?sitemap=demo&sitemap=demo&w=&poll=true&__async=true&__source=waHome HTTP/1.1" 200 92 
10.196.80.10 -  -  [28/二月/2016:09:08:11 +0000] "GET /openhab.app?sitemap=demo&sitemap=demo&w=0002&poll=true&__async=true&__source=waHome HTTP/1.1" 200 92 
10.196.80.10 -  -  [28/二月/2016:09:08:18 +0000] "GET /openhab.app?sitemap=demo&sitemap=demo&w=&poll=true&__async=true&__source=waHome HTTP/1.1" 200 92 
10.196.80.10 -  -  [28/二月/2016:09:08:21 +0000] "GET /openhab.app?sitemap=demo&sitemap=demo&w=0002&poll=true&__async=true&__source=waHome HTTP/1.1" 200 92 
10.196.80.10 -  -  [28/二月/2016:09:08:28 +0000] "GET /openhab.app?sitemap=demo&sitemap=demo&w=&poll=true&__async=true&__source=waHome HTTP/1.1" 200 92 
10.196.80.10 -  -  [28/二月/2016:09:08:32 +0000] "GET /openhab.app?sitemap=demo&sitemap=demo&w=0002&poll=true&__async=true&__source=waHome HTTP/1.1" 200 92 
10.196.80.10 -  -  [28/二月/2016:09:08:39 +0000] "GET /openhab.app?sitemap=demo&sitemap=demo&w=&poll=true&__async=true&__source=waHome HTTP/1.1" 200 92 
10.196.80.10 -  -  [28/二月/2016:09:08:43 +0000] "GET /openhab.app?sitemap=demo&sitemap=demo&w=0002&poll=true&__async=true&__source=waHome HTTP/1.1" 200 92 
10.196.80.10 -  -  [28/二月/2016:09:08:50 +0000] "GET /openhab.app?sitemap=demo&sitemap=demo&w=&poll=true&__async=true&__source=waHome HTTP/1.1" 200 1834 
10.196.80.10 -  -  [28/二月/2016:09:08:54 +0000] "GET /openhab.app?sitemap=demo&sitemap=demo&w=0002&poll=true&__async=true&__source=waHome HTTP/1.1" 200 92 
10.196.80.10 -  -  [28/二月/2016:09:08:57 +0000] "GET /openhab.app?sitemap=demo&sitemap=demo&w=&poll=true&__async=true&__source=waHome HTTP/1.1" 200 92 
10.196.80.10 -  -  [28/二月/2016:09:09:04 +0000] "GET /openhab.app?sitemap=demo&sitemap=demo&w=0002&poll=true&__async=true&__source=waHome HTTP/1.1" 200 92 
10.196.80.10 -  -  [28/二月/2016:09:09:08 +0000] "GET /openhab.app?sitemap=demo&sitemap=demo&w=&poll=true&__async=true&__source=waHome HTTP/1.1" 200 92 
10.196.80.10 -  -  [28/二月/2016:09:09:15 +0000] "GET /openhab.app?sitemap=demo&sitemap=demo&w=0002&poll=true&__async=true&__source=waHome HTTP/1.1" 200 92 
10.196.80.10 -  -  [28/二月/2016:09:09:18 +0000] "GET /openhab.app?sitemap=demo&sitemap=demo&w=&poll=true&__async=true&__source=waHome HTTP/1.1" 200 92 
10.196.80.10 -  -  [28/二月/2016:09:09:26 +0000] "GET /openhab.app?sitemap=demo&sitemap=demo&w=0002&poll=true&__async=true&__source=waHome HTTP/1.1" 200 92 
10.196.80.10 -  -  [28/二月/2016:09:09:29 +0000] "GET /openhab.app?sitemap=demo&sitemap=demo&w=&poll=true&__async=true&__source=waHome HTTP/1.1" 200 92 
10.196.80.10 -  -  [28/二月/2016:09:09:36 +0000] "GET /openhab.app?sitemap=demo&sitemap=demo&w=0002&poll=true&__async=true&__source=waHome HTTP/1.1" 200 92 
10.196.80.10 -  -  [28/二月/2016:09:09:40 +0000] "GET /openhab.app?sitemap=demo&sitemap=demo&w=&poll=true&__async=true&__source=waHome HTTP/1.1" 200 92 
10.196.80.10 -  -  [28/二月/2016:09:09:47 +0000] "GET /openhab.app?sitemap=demo&sitemap=demo&w=0002&poll=true&__async=true&__source=waHome HTTP/1.1" 200 92 
10.196.80.10 -  -  [28/二月/2016:09:09:50 +0000] "GET /openhab.app?sitemap=demo&sitemap=demo&w=&poll=true&__async=true&__source=waHome HTTP/1.1" 200 1834 
10.196.80.10 -  -  [28/二月/2016:09:10:00 +0000] "GET /openhab.app?sitemap=demo&sitemap=demo&w=&poll=true&__async=true&__source=waHome HTTP/1.1" 200 1834 
10.196.80.10 -  -  [28/二月/2016:09:09:58 +0000] "GET /openhab.app?sitemap=demo&sitemap=demo&w=0002&poll=true&__async=true&__source=waHome HTTP/1.1" 200 92 
10.196.80.10 -  -  [28/二月/2016:09:10:02 +0000] "GET /openhab.app?sitemap=demo&sitemap=demo&w=&poll=true&__async=true&__source=waHome HTTP/1.1" 200 92 
10.196.80.10 -  -  [28/二月/2016:09:10:08 +0000] "GET /openhab.app?sitemap=demo&sitemap=demo&w=0002&poll=true&__async=true&__source=waHome HTTP/1.1" 200 92 
10.196.80.10 -  -  [28/二月/2016:09:10:13 +0000] "GET /openhab.app?sitemap=demo&sitemap=demo&w=&poll=true&__async=true&__source=waHome HTTP/1.1" 200 92 
10.196.80.10 -  -  [28/二月/2016:09:10:19 +0000] "GET /openhab.app?sitemap=demo&sitemap=demo&w=0002&poll=true&__async=true&__source=waHome HTTP/1.1" 200 92 
10.196.80.10 -  -  [28/二月/2016:09:10:23 +0000] "GET /openhab.app?sitemap=demo&sitemap=demo&w=&poll=true&__async=true&__source=waHome HTTP/1.1" 200 92 
10.196.80.10 -  -  [28/二月/2016:09:10:29 +0000] "GET /openhab.app?sitemap=demo&sitemap=demo&w=0002&poll=true&__async=true&__source=waHome HTTP/1.1" 200 92 
10.196.80.10 -  -  [28/二月/2016:09:10:34 +0000] "GET /openhab.app?sitemap=demo&sitemap=demo&w=&poll=true&__async=true&__source=waHome HTTP/1.1" 200 92 
10.196.80.10 -  -  [28/二月/2016:09:10:40 +0000] "GET /openhab.app?sitemap=demo&sitemap=demo&w=0002&poll=true&__async=true&__source=waHome HTTP/1.1" 200 92 
10.196.80.10 -  -  [28/二月/2016:09:10:44 +0000] "GET /openhab.app?sitemap=demo&sitemap=demo&w=&poll=true&__async=true&__source=waHome HTTP/1.1" 200 92 
10.196.80.10 -  -  [28/二月/2016:09:10:51 +0000] "GET /openhab.app?sitemap=demo&sitemap=demo&w=0002&poll=true&__async=true&__source=waHome HTTP/1.1" 200 92 
10.196.80.10 -  -  [28/二月/2016:09:10:55 +0000] "GET /openhab.app?sitemap=demo&sitemap=demo&w=&poll=true&__async=true&__source=waHome HTTP/1.1" 200 1834 
10.196.80.10 -  -  [28/二月/2016:09:11:02 +0000] "GET /openhab.app?sitemap=demo&sitemap=demo&w=0002&poll=true&__async=true&__source=waHome HTTP/1.1" 200 92 
10.196.80.10 -  -  [28/二月/2016:09:11:03 +0000] "GET /openhab.app?sitemap=demo&sitemap=demo&w=&poll=true&__async=true&__source=waHome HTTP/1.1" 200 92 
10.196.80.10 -  -  [28/二月/2016:09:11:12 +0000] "GET /openhab.app?sitemap=demo&sitemap=demo&w=0002&poll=true&__async=true&__source=waHome HTTP/1.1" 200 92 
10.196.80.10 -  -  [28/二月/2016:09:11:14 +0000] "GET /openhab.app?sitemap=demo&sitemap=demo&w=&poll=true&__async=true&__source=waHome HTTP/1.1" 200 92 
10.196.80.10 -  -  [28/二月/2016:09:11:23 +0000] "GET /openhab.app?sitemap=demo&sitemap=demo&w=0002&poll=true&__async=true&__source=waHome HTTP/1.1" 200 92 
10.196.80.10 -  -  [28/二月/2016:09:11:24 +0000] "GET /openhab.app?sitemap=demo&sitemap=demo&w=&poll=true&__async=true&__source=waHome HTTP/1.1" 200 92 
10.196.80.10 -  -  [28/二月/2016:09:11:34 +0000] "GET /openhab.app?sitemap=demo&sitemap=demo&w=0002&poll=true&__async=true&__source=waHome HTTP/1.1" 200 92 
10.196.80.10 -  -  [28/二月/2016:09:11:35 +0000] "GET /openhab.app?sitemap=demo&sitemap=demo&w=&poll=true&__async=true&__source=waHome HTTP/1.1" 200 92 
10.196.80.10 -  -  [28/二月/2016:09:11:44 +0000] "GET /openhab.app?sitemap=demo&sitemap=demo&w=0002&poll=true&__async=true&__source=waHome HTTP/1.1" 200 92 
10.196.80.10 -  -  [28/二月/2016:09:11:46 +0000] "GET /openhab.app?sitemap=demo&sitemap=demo&w=&poll=true&__async=true&__source=waHome HTTP/1.1" 200 92 
10.196.80.10 -  -  [28/二月/2016:09:11:55 +0000] "GET /openhab.app?sitemap=demo&sitemap=demo&w=0002&poll=true&__async=true&__source=waHome HTTP/1.1" 200 92 
10.196.80.10 -  -  [28/二月/2016:09:11:56 +0000] "GET /openhab.app?sitemap=demo&sitemap=demo&w=&poll=true&__async=true&__source=waHome HTTP/1.1" 200 92 
10.196.80.10 -  -  [28/二月/2016:09:12:05 +0000] "GET /openhab.app?sitemap=demo&sitemap=demo&w=0002&poll=true&__async=true&__source=waHome HTTP/1.1" 200 92 
10.196.80.10 -  -  [28/二月/2016:09:12:07 +0000] "GET /openhab.app?sitemap=demo&sitemap=demo&w=&poll=true&__async=true&__source=waHome HTTP/1.1" 200 92 
