0:0:0:0:0:0:0:1 -  -  [24/二月/2016:08:16:03 +0000] "GET /openhab.app?sitemap=demo HTTP/1.1" 200 7711 
0:0:0:0:0:0:0:1 -  -  [24/二月/2016:08:16:03 +0000] "GET /WebApp/Design/Render.css HTTP/1.1" 200 16314 
0:0:0:0:0:0:0:1 -  -  [24/二月/2016:08:16:03 +0000] "GET /WebApp/Design/RenderRTL.css HTTP/1.1" 200 2903 
0:0:0:0:0:0:0:1 -  -  [24/二月/2016:08:16:03 +0000] "GET /WebApp/Action/Logic.js HTTP/1.1" 200 22591 
0:0:0:0:0:0:0:1 -  -  [24/二月/2016:08:16:03 +0000] "GET /WebApp/Design/openHAB.css HTTP/1.1" 200 101 
0:0:0:0:0:0:0:1 -  -  [24/二月/2016:08:16:03 +0000] "GET /jquery.miniColors.css HTTP/1.1" 200 3525 
0:0:0:0:0:0:0:1 -  -  [24/二月/2016:08:16:03 +0000] "GET /WebApp/Design/Firefox.css HTTP/1.1" 200 3505 
0:0:0:0:0:0:0:1 -  -  [24/二月/2016:08:16:03 +0000] "GET /jquery.miniColors.js HTTP/1.1" 200 20436 
0:0:0:0:0:0:0:1 -  -  [24/二月/2016:08:16:03 +0000] "GET /jquery.min.js HTTP/1.1" 200 93637 
0:0:0:0:0:0:0:1 -  -  [24/二月/2016:08:16:03 +0000] "GET /images/firstfloor.png HTTP/1.1" 200 4473 
0:0:0:0:0:0:0:1 -  -  [24/二月/2016:08:16:03 +0000] "GET /images/groundfloor.png HTTP/1.1" 200 5194 
0:0:0:0:0:0:0:1 -  -  [24/二月/2016:08:16:03 +0000] "GET /images/cellar.png HTTP/1.1" 200 5294 
0:0:0:0:0:0:0:1 -  -  [24/二月/2016:08:16:03 +0000] "GET /images/garden.png HTTP/1.1" 200 5237 
0:0:0:0:0:0:0:1 -  -  [24/二月/2016:08:16:03 +0000] "GET /images/temperature.png HTTP/1.1" 200 4361 
0:0:0:0:0:0:0:1 -  -  [24/二月/2016:08:16:04 +0000] "GET /images/calendar.png HTTP/1.1" 200 4333 
0:0:0:0:0:0:0:1 -  -  [24/二月/2016:08:16:04 +0000] "GET /images/chart.png HTTP/1.1" 200 3772 
0:0:0:0:0:0:0:1 -  -  [24/二月/2016:08:16:04 +0000] "GET /WebApp/Design/Img/bg.png HTTP/1.1" 200 115 
0:0:0:0:0:0:0:1 -  -  [24/二月/2016:08:16:04 +0000] "GET /WebApp/Design/Img/select.png HTTP/1.1" 200 135 
0:0:0:0:0:0:0:1 -  -  [24/二月/2016:08:16:04 +0000] "GET /WebApp/Design/Img/loader-white-100x12x1.png HTTP/1.1" 200 608 
0:0:0:0:0:0:0:1 -  -  [24/二月/2016:08:16:04 +0000] "GET /WebApp/Design/Img/loader-white-100x12x3.png HTTP/1.1" 200 615 
0:0:0:0:0:0:0:1 -  -  [24/二月/2016:08:16:04 +0000] "GET /WebApp/Design/Img/loader-white-100x12x5.png HTTP/1.1" 200 608 
0:0:0:0:0:0:0:1 -  -  [24/二月/2016:08:16:04 +0000] "GET /WebApp/Design/Img/loader-white-100x12x4.png HTTP/1.1" 200 615 
0:0:0:0:0:0:0:1 -  -  [24/二月/2016:08:16:04 +0000] "GET /WebApp/Design/Img/loader-white-100x12x2.png HTTP/1.1" 200 621 
0:0:0:0:0:0:0:1 -  -  [24/二月/2016:08:16:04 +0000] "GET /images/none.png HTTP/1.1" 200 132 
0:0:0:0:0:0:0:1 -  -  [24/二月/2016:08:16:04 +0000] "GET /images/video.png HTTP/1.1" 200 5269 
0:0:0:0:0:0:0:1 -  -  [24/二月/2016:08:16:04 +0000] "GET /WebApp/Design/Img/loader-white-100x12x6.png HTTP/1.1" 200 601 
0:0:0:0:0:0:0:1 -  -  [24/二月/2016:08:16:04 +0000] "GET /WebApp/Design/Img/loader-white-100x12x7.png HTTP/1.1" 200 607 
0:0:0:0:0:0:0:1 -  -  [24/二月/2016:08:16:04 +0000] "GET /WebApp/Design/Img/loader-gray-100x12x4.png HTTP/1.1" 200 689 
0:0:0:0:0:0:0:1 -  -  [24/二月/2016:08:16:04 +0000] "GET /WebApp/Design/Img/loader-white-100x12x8.png HTTP/1.1" 200 616 
0:0:0:0:0:0:0:1 -  -  [24/二月/2016:08:16:04 +0000] "GET /WebApp/Design/Img/loader-big-white-100x12x5.png HTTP/1.1" 200 1914 
0:0:0:0:0:0:0:1 -  -  [24/二月/2016:08:16:04 +0000] "GET /WebApp/Design/Img/button-back-touch.png HTTP/1.1" 200 932 
0:0:0:0:0:0:0:1 -  -  [24/二月/2016:08:16:04 +0000] "GET /WebApp/Design/Img/loader-big-white-100x12x3.png HTTP/1.1" 200 1849 
0:0:0:0:0:0:0:1 -  -  [24/二月/2016:08:16:04 +0000] "GET /WebApp/Design/Img/loader-gray-100x12x7.png HTTP/1.1" 200 689 
0:0:0:0:0:0:0:1 -  -  [24/二月/2016:08:16:04 +0000] "GET /WebApp/Design/Img/loader-gray-100x12x9.png HTTP/1.1" 200 692 
0:0:0:0:0:0:0:1 -  -  [24/二月/2016:08:16:04 +0000] "GET /WebApp/Design/Img/loader-big-white-100x12x4.png HTTP/1.1" 200 1923 
0:0:0:0:0:0:0:1 -  -  [24/二月/2016:08:16:04 +0000] "GET /WebApp/Design/Img/loader-gray-100x12x12.png HTTP/1.1" 200 694 
0:0:0:0:0:0:0:1 -  -  [24/二月/2016:08:16:04 +0000] "GET /WebApp/Design/Img/loader-big-white-100x12x7.png HTTP/1.1" 200 1859 
0:0:0:0:0:0:0:1 -  -  [24/二月/2016:08:16:04 +0000] "GET /WebApp/Design/Img/loader-white-100x12x10.png HTTP/1.1" 200 608 
0:0:0:0:0:0:0:1 -  -  [24/二月/2016:08:16:04 +0000] "GET /WebApp/Design/Img/loader-gray-100x12x8.png HTTP/1.1" 200 688 
0:0:0:0:0:0:0:1 -  -  [24/二月/2016:08:16:04 +0000] "GET /WebApp/Design/Img/loader-big-white-100x12x12.png HTTP/1.1" 200 1873 
0:0:0:0:0:0:0:1 -  -  [24/二月/2016:08:16:04 +0000] "GET /WebApp/Design/Img/loader-big-white-100x12x10.png HTTP/1.1" 200 1893 
0:0:0:0:0:0:0:1 -  -  [24/二月/2016:08:16:04 +0000] "GET /WebApp/Design/Img/loader-big-white-100x12x1.png HTTP/1.1" 200 1873 
0:0:0:0:0:0:0:1 -  -  [24/二月/2016:08:16:04 +0000] "GET /WebApp/Design/Img/chevron-select.png HTTP/1.1" 200 196 
0:0:0:0:0:0:0:1 -  -  [24/二月/2016:08:16:04 +0000] "GET /WebApp/Design/Img/loader-gray-100x12x1.png HTTP/1.1" 200 701 
0:0:0:0:0:0:0:1 -  -  [24/二月/2016:08:16:04 +0000] "GET /WebApp/Design/Img/loader-big-white-100x12x9.png HTTP/1.1" 200 1876 
0:0:0:0:0:0:0:1 -  -  [24/二月/2016:08:16:04 +0000] "GET /WebApp/Design/Img/loader-big-white-100x12x11.png HTTP/1.1" 200 1889 
0:0:0:0:0:0:0:1 -  -  [24/二月/2016:08:16:04 +0000] "GET /WebApp/Design/Img/loader-gray-100x12x5.png HTTP/1.1" 200 699 
0:0:0:0:0:0:0:1 -  -  [24/二月/2016:08:16:04 +0000] "GET /WebApp/Design/Img/loader-big-white-100x12x6.png HTTP/1.1" 200 1901 
0:0:0:0:0:0:0:1 -  -  [24/二月/2016:08:16:04 +0000] "GET /WebApp/Design/Img/check-sel.png HTTP/1.1" 200 290 
0:0:0:0:0:0:0:1 -  -  [24/二月/2016:08:16:04 +0000] "GET /WebApp/Design/Img/bg-head.png HTTP/1.1" 200 152 
0:0:0:0:0:0:0:1 -  -  [24/二月/2016:08:16:04 +0000] "GET /WebApp/Design/Img/loader-gray-100x12x2.png HTTP/1.1" 200 693 
0:0:0:0:0:0:0:1 -  -  [24/二月/2016:08:16:04 +0000] "GET /WebApp/Design/Img/loader-white-100x12x12.png HTTP/1.1" 200 616 
0:0:0:0:0:0:0:1 -  -  [24/二月/2016:08:16:04 +0000] "GET /WebApp/Design/Img/loader-gray-100x12x6.png HTTP/1.1" 200 689 
0:0:0:0:0:0:0:1 -  -  [24/二月/2016:08:16:04 +0000] "GET /WebApp/Design/Img/loader-white-100x12x9.png HTTP/1.1" 200 604 
0:0:0:0:0:0:0:1 -  -  [24/二月/2016:08:16:04 +0000] "GET /WebApp/Design/Img/button-simple-touch.png HTTP/1.1" 200 665 
0:0:0:0:0:0:0:1 -  -  [24/二月/2016:08:16:04 +0000] "GET /WebApp/Design/Img/loader-gray-100x12x10.png HTTP/1.1" 200 692 
0:0:0:0:0:0:0:1 -  -  [24/二月/2016:08:16:04 +0000] "GET /WebApp/Design/Img/loader-white-100x12x11.png HTTP/1.1" 200 606 
0:0:0:0:0:0:0:1 -  -  [24/二月/2016:08:16:04 +0000] "GET /WebApp/Design/Img/loader-big-white-100x12x2.png HTTP/1.1" 200 1870 
0:0:0:0:0:0:0:1 -  -  [24/二月/2016:08:16:04 +0000] "GET /WebApp/Design/Img/loader-big-white-100x12x8.png HTTP/1.1" 200 1897 
0:0:0:0:0:0:0:1 -  -  [24/二月/2016:08:16:04 +0000] "GET /WebApp/Design/Img/loader-gray-100x12x3.png HTTP/1.1" 200 700 
0:0:0:0:0:0:0:1 -  -  [24/二月/2016:08:16:04 +0000] "GET /WebApp/Design/Img/button-simple.png HTTP/1.1" 200 670 
0:0:0:0:0:0:0:1 -  -  [24/二月/2016:08:16:04 +0000] "GET /WebApp/Design/Img/button-back.png HTTP/1.1" 200 940 
0:0:0:0:0:0:0:1 -  -  [24/二月/2016:08:16:04 +0000] "GET /WebApp/Design/Img/loader-gray-100x12x11.png HTTP/1.1" 200 688 
0:0:0:0:0:0:0:1 -  -  [24/二月/2016:08:16:04 +0000] "GET /WebApp/Design/Img/chevron.png HTTP/1.1" 200 254 
0:0:0:0:0:0:0:1 -  -  [24/二月/2016:08:16:04 +0000] "GET /jquery.minicolors.png HTTP/1.1" 200 50867 
0:0:0:0:0:0:0:1 -  -  [24/二月/2016:08:16:04 +0000] "GET /images/favicon.ico HTTP/1.1" 200 1150 
0:0:0:0:0:0:0:1 -  -  [24/二月/2016:08:16:12 +0000] "GET /openhab.app?sitemap=demo&w=0300&__async=true&__source=waHome HTTP/1.1" 200 1131 
0:0:0:0:0:0:0:1 -  -  [24/二月/2016:08:16:12 +0000] "GET /images/switch-on.png HTTP/1.1" 200 2076 
0:0:0:0:0:0:0:1 -  -  [24/二月/2016:08:16:12 +0000] "GET /images/heating-on.png HTTP/1.1" 200 5038 
0:0:0:0:0:0:0:1 -  -  [24/二月/2016:08:16:12 +0000] "GET /images/contact-open.png HTTP/1.1" 200 4596 
0:0:0:0:0:0:0:1 -  -  [24/二月/2016:08:16:12 +0000] "GET /WebApp/Design/Img/button-blue.png HTTP/1.1" 200 741 
0:0:0:0:0:0:0:1 -  -  [24/二月/2016:08:16:15 +0000] "GET /CMD?Lights=OFF&__async=true&__source=wa0300 HTTP/1.1" 200 0 
0:0:0:0:0:0:0:1 -  -  [24/二月/2016:08:16:13 +0000] "GET /openhab.app?sitemap=demo&sitemap=demo&w=0300&poll=true&__async=true&__source=wa0300 HTTP/1.1" 200 1132 
0:0:0:0:0:0:0:1 -  -  [24/二月/2016:08:16:16 +0000] "GET /images/switch-off.png HTTP/1.1" 200 1467 
0:0:0:0:0:0:0:1 -  -  [24/二月/2016:08:16:05 +0000] "GET /openhab.app?sitemap=demo&poll=true&__async=true&__source=waHome HTTP/1.1" 200 92 
0:0:0:0:0:0:0:1 -  -  [24/二月/2016:08:16:16 +0000] "GET /openhab.app?sitemap=demo&sitemap=demo&w=0300&poll=true&__async=true&__source=wa0300 HTTP/1.1" 200 1132 
0:0:0:0:0:0:0:1 -  -  [24/二月/2016:08:16:18 +0000] "GET /CMD?Lights=OFF&__async=true&__source=wa0300 HTTP/1.1" 200 0 
0:0:0:0:0:0:0:1 -  -  [24/二月/2016:08:16:22 +0000] "GET /openhab.app?sitemap=demo&w=030001&__async=true&__source=wa0300 HTTP/1.1" 200 2408 
0:0:0:0:0:0:0:1 -  -  [24/二月/2016:08:16:22 +0000] "GET /images/heating-off.png HTTP/1.1" 200 4710 
0:0:0:0:0:0:0:1 -  -  [24/二月/2016:08:16:22 +0000] "GET /WebApp/Design/Img/bg-switch.png HTTP/1.1" 200 157 
0:0:0:0:0:0:0:1 -  -  [24/二月/2016:08:16:22 +0000] "GET /WebApp/Design/Img/form-check-text.png HTTP/1.1" 200 122 
0:0:0:0:0:0:0:1 -  -  [24/二月/2016:08:16:22 +0000] "GET /WebApp/Design/Img/bg-switch-thumb.png HTTP/1.1" 200 164 
0:0:0:0:0:0:0:1 -  -  [24/二月/2016:08:16:22 +0000] "GET /WebApp/Design/Img/form-check-texton.png HTTP/1.1" 200 121 
0:0:0:0:0:0:0:1 -  -  [24/二月/2016:08:16:25 +0000] "GET /openhab.app?sitemap=demo&w=030002&__async=true&__source=wa0300 HTTP/1.1" 200 1448 
0:0:0:0:0:0:0:1 -  -  [24/二月/2016:08:16:25 +0000] "GET /images/contact-closed.png HTTP/1.1" 200 4262 
0:0:0:0:0:0:0:1 -  -  [24/二月/2016:08:16:18 +0000] "GET /openhab.app?sitemap=demo&sitemap=demo&w=0300&poll=true&__async=true&__source=wa0300 HTTP/1.1" 200 92 
0:0:0:0:0:0:0:1 -  -  [24/二月/2016:08:16:28 +0000] "GET /openhab.app?sitemap=demo&w=030002&__async=true&__source=wa0300 HTTP/1.1" 200 1448 
0:0:0:0:0:0:0:1 -  -  [24/二月/2016:08:16:22 +0000] "GET /openhab.app?sitemap=demo&sitemap=demo&w=030001&poll=true&__async=true&__source=wa030001 HTTP/1.1" 200 92 
0:0:0:0:0:0:0:1 -  -  [24/二月/2016:08:16:25 +0000] "GET /openhab.app?sitemap=demo&sitemap=demo&w=030002&poll=true&__async=true&__source=wa030002 HTTP/1.1" 200 92 
0:0:0:0:0:0:0:1 -  -  [24/二月/2016:08:16:28 +0000] "GET /openhab.app?sitemap=demo&sitemap=demo&w=0300&poll=true&__async=true&__source=wa0300 HTTP/1.1" 200 92 
0:0:0:0:0:0:0:1 -  -  [24/二月/2016:08:16:36 +0000] "GET /openhab.app?sitemap=demo&sitemap=demo&w=030001&poll=true&__async=true&__source=wa0300 HTTP/1.1" 200 92 
0:0:0:0:0:0:0:1 -  -  [24/二月/2016:08:16:36 +0000] "GET /openhab.app?sitemap=demo&sitemap=demo&w=030002&poll=true&__async=true&__source=wa030002 HTTP/1.1" 200 92 
0:0:0:0:0:0:0:1 -  -  [24/二月/2016:08:16:47 +0000] "GET /openhab.app?sitemap=demo&w=0100&__async=true&__source=waHome HTTP/1.1" 200 1783 
0:0:0:0:0:0:0:1 -  -  [24/二月/2016:08:16:47 +0000] "GET /openhab.app?sitemap=demo&w=0100&__async=true&__source=waHome HTTP/1.1" 200 1783 
0:0:0:0:0:0:0:1 -  -  [24/二月/2016:08:16:47 +0000] "GET /openhab.app?sitemap=demo&w=0100&__async=true&__source=waHome HTTP/1.1" 200 1783 
0:0:0:0:0:0:0:1 -  -  [24/二月/2016:08:16:47 +0000] "GET /openhab.app?sitemap=demo&w=0003&__async=true&__source=waHome HTTP/1.1" 200 1278 
0:0:0:0:0:0:0:1 -  -  [24/二月/2016:08:16:47 +0000] "GET /openhab.app?sitemap=demo&w=0100&__async=true&__source=waHome HTTP/1.1" 200 1783 
0:0:0:0:0:0:0:1 -  -  [24/二月/2016:08:16:47 +0000] "GET /openhab.app?sitemap=demo&w=0003&__async=true&__source=waHome HTTP/1.1" 200 1278 
0:0:0:0:0:0:0:1 -  -  [24/二月/2016:08:16:47 +0000] "GET /openhab.app?sitemap=demo&w=0000&__async=true&__source=waHome HTTP/1.1" 200 1078 
0:0:0:0:0:0:0:1 -  -  [24/二月/2016:08:16:47 +0000] "GET /openhab.app?sitemap=demo&w=0002&__async=true&__source=waHome HTTP/1.1" 200 1401 
0:0:0:0:0:0:0:1 -  -  [24/二月/2016:08:16:47 +0000] "GET /openhab.app?sitemap=demo&w=0000&__async=true&__source=waHome HTTP/1.1" 200 1078 
0:0:0:0:0:0:0:1 -  -  [24/二月/2016:08:16:47 +0000] "GET /chart?groups=Weather_Chart&period=h&random=1 HTTP/1.1" 200 3201 
0:0:0:0:0:0:0:1 -  -  [24/二月/2016:08:16:39 +0000] "GET /openhab.app?sitemap=demo&sitemap=demo&w=Home&poll=true&__async=true&__source=waHome HTTP/1.1" 200 92 
0:0:0:0:0:0:0:1 -  -  [24/二月/2016:08:16:39 +0000] "GET /openhab.app?sitemap=demo&sitemap=demo&w=0300&poll=true&__async=true&__source=wa0300 HTTP/1.1" 200 92 
0:0:0:0:0:0:0:1 -  -  [24/二月/2016:08:16:50 +0000] "GET /images/bath.png HTTP/1.1" 200 386 
0:0:0:0:0:0:0:1 -  -  [24/二月/2016:08:16:47 +0000] "GET /openhab.app?sitemap=demo&sitemap=demo&w=030002&poll=true&__async=true&__source=waHome HTTP/1.1" 200 92 
0:0:0:0:0:0:0:1 -  -  [24/二月/2016:08:16:57 +0000] "GET /images/bedroom.png HTTP/1.1" 200 2690 
0:0:0:0:0:0:0:1 -  -  [24/二月/2016:08:16:57 +0000] "GET /images/boy1.png HTTP/1.1" 200 4483 
0:0:0:0:0:0:0:1 -  -  [24/二月/2016:08:16:58 +0000] "GET /images/office.png HTTP/1.1" 200 5131 
0:0:0:0:0:0:0:1 -  -  [24/二月/2016:08:16:58 +0000] "GET /images/corridor.png HTTP/1.1" 200 4365 
0:0:0:0:0:0:0:1 -  -  [24/二月/2016:08:16:48 +0000] "GET /openhab.app?sitemap=demo&sitemap=demo&w=0300&poll=true&__async=true&__source=wa0300 HTTP/1.1" 200 92 
0:0:0:0:0:0:0:1 -  -  [24/二月/2016:08:16:59 +0000] "GET /openhab.app?sitemap=demo&w=0000&__async=true&__source=waHome HTTP/1.1" 200 1078 
0:0:0:0:0:0:0:1 -  -  [24/二月/2016:08:16:49 +0000] "GET /openhab.app?sitemap=demo&sitemap=demo&w=0002&poll=true&__async=true&__source=wa0002 HTTP/1.1" 200 92 
0:0:0:0:0:0:0:1 -  -  [24/二月/2016:08:16:50 +0000] "GET /openhab.app?sitemap=demo&sitemap=demo&w=Home&poll=true&__async=true&__source=waHome HTTP/1.1" 200 92 
0:0:0:0:0:0:0:1 -  -  [24/二月/2016:08:16:50 +0000] "GET /openhab.app?sitemap=demo&sitemap=demo&w=0300&poll=true&__async=true&__source=wa0300 HTTP/1.1" 200 92 
0:0:0:0:0:0:0:1 -  -  [24/二月/2016:08:17:00 +0000] "GET /openhab.app?sitemap=demo&w=0100&__async=true&__source=waHome HTTP/1.1" 200 1783 
0:0:0:0:0:0:0:1 -  -  [24/二月/2016:08:16:50 +0000] "GET /openhab.app?sitemap=demo&sitemap=demo&w=0300&poll=true&__async=true&__source=waHome HTTP/1.1" 200 92 
0:0:0:0:0:0:0:1 -  -  [24/二月/2016:08:17:04 +0000] "GET /openhab.app?sitemap=demo&w=0302&__async=true&__source=waHome HTTP/1.1" 200 2425 
0:0:0:0:0:0:0:1 -  -  [24/二月/2016:08:17:04 +0000] "GET /images/network.png HTTP/1.1" 200 1518 
0:0:0:0:0:0:0:1 -  -  [24/二月/2016:08:17:04 +0000] "GET /images/slider.png HTTP/1.1" 200 2076 
0:0:0:0:0:0:0:1 -  -  [24/二月/2016:08:17:04 +0000] "GET /images/_down.png HTTP/1.1" 200 1690 
0:0:0:0:0:0:0:1 -  -  [24/二月/2016:08:17:04 +0000] "GET /images/_up.png HTTP/1.1" 200 1697 
127.0.0.1 -  -  [24/二月/2016:08:17:04 +0000] "GET /images/splash-ipad-h.png HTTP/1.1" 200 238410 
0:0:0:0:0:0:0:1 -  -  [24/二月/2016:08:17:04 +0000] "GET /proxy?sitemap=demo.sitemap&widgetId=03020100&t=1456301824298 HTTP/1.1" 200 238410 
0:0:0:0:0:0:0:1 -  -  [24/二月/2016:08:16:59 +0000] "GET /openhab.app?sitemap=demo&sitemap=demo&w=0000&poll=true&__async=true&__source=wa0000 HTTP/1.1" 200 92 
0:0:0:0:0:0:0:1 -  -  [24/二月/2016:08:17:00 +0000] "GET /openhab.app?sitemap=demo&sitemap=demo&w=0100&poll=true&__async=true&__source=wa0100 HTTP/1.1" 200 92 
0:0:0:0:0:0:0:1 -  -  [24/二月/2016:08:17:00 +0000] "GET /openhab.app?sitemap=demo&sitemap=demo&w=Home&poll=true&__async=true&__source=waHome HTTP/1.1" 200 92 
0:0:0:0:0:0:0:1 -  -  [24/二月/2016:08:17:10 +0000] "GET /openhab.app?sitemap=demo&sitemap=demo&w=0302&poll=true&__async=true&__source=wa0302 HTTP/1.1" 200 92 
0:0:0:0:0:0:0:1 -  -  [24/二月/2016:08:17:11 +0000] "GET /openhab.app?sitemap=demo&sitemap=demo&w=Home&poll=true&__async=true&__source=waHome HTTP/1.1" 200 92 
0:0:0:0:0:0:0:1 -  -  [24/二月/2016:08:17:20 +0000] "GET /openhab.app?sitemap=demo&sitemap=demo&w=0302&poll=true&__async=true&__source=wa0302 HTTP/1.1" 200 92 
0:0:0:0:0:0:0:1 -  -  [24/二月/2016:08:17:21 +0000] "GET /openhab.app?sitemap=demo&sitemap=demo&w=Home&poll=true&__async=true&__source=waHome HTTP/1.1" 200 92 
0:0:0:0:0:0:0:1 -  -  [24/二月/2016:08:17:26 +0000] "GET /openhab.app?sitemap=demo&sitemap=demo&w=0302&poll=true&__async=true&__source=wa__00 HTTP/1.1" 200 92 
