0:0:0:0:0:0:0:1 -  -  [11/一月/2016:15:29:45 +0000] "GET /openhab.app?sitemap=demo HTTP/1.1" 200 7724 
0:0:0:0:0:0:0:1 -  -  [11/一月/2016:15:29:46 +0000] "GET /WebApp/Design/RenderRTL.css HTTP/1.1" 200 2903 
0:0:0:0:0:0:0:1 -  -  [11/一月/2016:15:29:46 +0000] "GET /WebApp/Design/openHAB.css HTTP/1.1" 200 101 
0:0:0:0:0:0:0:1 -  -  [11/一月/2016:15:29:46 +0000] "GET /jquery.miniColors.css HTTP/1.1" 200 3525 
0:0:0:0:0:0:0:1 -  -  [11/一月/2016:15:29:46 +0000] "GET /WebApp/Design/Firefox.css HTTP/1.1" 200 3505 
0:0:0:0:0:0:0:1 -  -  [11/一月/2016:15:29:46 +0000] "GET /WebApp/Design/Render.css HTTP/1.1" 200 16314 
0:0:0:0:0:0:0:1 -  -  [11/一月/2016:15:29:46 +0000] "GET /WebApp/Action/Logic.js HTTP/1.1" 200 22591 
0:0:0:0:0:0:0:1 -  -  [11/一月/2016:15:29:46 +0000] "GET /jquery.miniColors.js HTTP/1.1" 200 20436 
0:0:0:0:0:0:0:1 -  -  [11/一月/2016:15:29:46 +0000] "GET /jquery.min.js HTTP/1.1" 200 93637 
0:0:0:0:0:0:0:1 -  -  [11/一月/2016:15:29:46 +0000] "GET /images/groundfloor.png HTTP/1.1" 200 5194 
0:0:0:0:0:0:0:1 -  -  [11/一月/2016:15:29:46 +0000] "GET /images/firstfloor.png HTTP/1.1" 200 4473 
0:0:0:0:0:0:0:1 -  -  [11/一月/2016:15:29:46 +0000] "GET /images/calendar.png HTTP/1.1" 200 4333 
0:0:0:0:0:0:0:1 -  -  [11/一月/2016:15:29:46 +0000] "GET /images/temperature.png HTTP/1.1" 200 4361 
0:0:0:0:0:0:0:1 -  -  [11/一月/2016:15:29:46 +0000] "GET /images/cellar.png HTTP/1.1" 200 5294 
0:0:0:0:0:0:0:1 -  -  [11/一月/2016:15:29:46 +0000] "GET /images/garden.png HTTP/1.1" 200 5237 
0:0:0:0:0:0:0:1 -  -  [11/一月/2016:15:29:46 +0000] "GET /images/chart.png HTTP/1.1" 200 3772 
0:0:0:0:0:0:0:1 -  -  [11/一月/2016:15:29:46 +0000] "GET /images/none.png HTTP/1.1" 200 132 
0:0:0:0:0:0:0:1 -  -  [11/一月/2016:15:29:46 +0000] "GET /images/video.png HTTP/1.1" 200 5269 
0:0:0:0:0:0:0:1 -  -  [11/一月/2016:15:29:46 +0000] "GET /WebApp/Design/Img/bg.png HTTP/1.1" 200 115 
0:0:0:0:0:0:0:1 -  -  [11/一月/2016:15:29:46 +0000] "GET /WebApp/Design/Img/select.png HTTP/1.1" 200 135 
0:0:0:0:0:0:0:1 -  -  [11/一月/2016:15:29:46 +0000] "GET /WebApp/Design/Img/loader-white-100x12x1.png HTTP/1.1" 200 608 
0:0:0:0:0:0:0:1 -  -  [11/一月/2016:15:29:46 +0000] "GET /WebApp/Design/Img/loader-white-100x12x4.png HTTP/1.1" 200 615 
0:0:0:0:0:0:0:1 -  -  [11/一月/2016:15:29:46 +0000] "GET /WebApp/Design/Img/loader-white-100x12x2.png HTTP/1.1" 200 621 
0:0:0:0:0:0:0:1 -  -  [11/一月/2016:15:29:46 +0000] "GET /WebApp/Design/Img/loader-white-100x12x5.png HTTP/1.1" 200 608 
0:0:0:0:0:0:0:1 -  -  [11/一月/2016:15:29:46 +0000] "GET /WebApp/Design/Img/loader-white-100x12x3.png HTTP/1.1" 200 615 
0:0:0:0:0:0:0:1 -  -  [11/一月/2016:15:29:46 +0000] "GET /WebApp/Design/Img/loader-white-100x12x6.png HTTP/1.1" 200 601 
0:0:0:0:0:0:0:1 -  -  [11/一月/2016:15:29:46 +0000] "GET /WebApp/Design/Img/loader-white-100x12x7.png HTTP/1.1" 200 607 
0:0:0:0:0:0:0:1 -  -  [11/一月/2016:15:29:46 +0000] "GET /WebApp/Design/Img/loader-white-100x12x9.png HTTP/1.1" 200 604 
0:0:0:0:0:0:0:1 -  -  [11/一月/2016:15:29:46 +0000] "GET /WebApp/Design/Img/loader-white-100x12x8.png HTTP/1.1" 200 616 
0:0:0:0:0:0:0:1 -  -  [11/一月/2016:15:29:46 +0000] "GET /WebApp/Design/Img/loader-white-100x12x10.png HTTP/1.1" 200 608 
0:0:0:0:0:0:0:1 -  -  [11/一月/2016:15:29:46 +0000] "GET /WebApp/Design/Img/loader-white-100x12x11.png HTTP/1.1" 200 606 
0:0:0:0:0:0:0:1 -  -  [11/一月/2016:15:29:46 +0000] "GET /WebApp/Design/Img/loader-gray-100x12x4.png HTTP/1.1" 200 689 
0:0:0:0:0:0:0:1 -  -  [11/一月/2016:15:29:46 +0000] "GET /WebApp/Design/Img/button-back-touch.png HTTP/1.1" 200 932 
0:0:0:0:0:0:0:1 -  -  [11/一月/2016:15:29:46 +0000] "GET /WebApp/Design/Img/loader-big-white-100x12x5.png HTTP/1.1" 200 1914 
0:0:0:0:0:0:0:1 -  -  [11/一月/2016:15:29:46 +0000] "GET /WebApp/Design/Img/loader-big-white-100x12x3.png HTTP/1.1" 200 1849 
0:0:0:0:0:0:0:1 -  -  [11/一月/2016:15:29:46 +0000] "GET /WebApp/Design/Img/loader-gray-100x12x12.png HTTP/1.1" 200 694 
0:0:0:0:0:0:0:1 -  -  [11/一月/2016:15:29:46 +0000] "GET /WebApp/Design/Img/bg-head.png HTTP/1.1" 200 152 
0:0:0:0:0:0:0:1 -  -  [11/一月/2016:15:29:46 +0000] "GET /WebApp/Design/Img/loader-big-white-100x12x4.png HTTP/1.1" 200 1923 
0:0:0:0:0:0:0:1 -  -  [11/一月/2016:15:29:46 +0000] "GET /WebApp/Design/Img/loader-gray-100x12x9.png HTTP/1.1" 200 692 
0:0:0:0:0:0:0:1 -  -  [11/一月/2016:15:29:46 +0000] "GET /WebApp/Design/Img/loader-big-white-100x12x7.png HTTP/1.1" 200 1859 
0:0:0:0:0:0:0:1 -  -  [11/一月/2016:15:29:46 +0000] "GET /WebApp/Design/Img/loader-gray-100x12x8.png HTTP/1.1" 200 688 
0:0:0:0:0:0:0:1 -  -  [11/一月/2016:15:29:46 +0000] "GET /WebApp/Design/Img/loader-big-white-100x12x12.png HTTP/1.1" 200 1873 
0:0:0:0:0:0:0:1 -  -  [11/一月/2016:15:29:46 +0000] "GET /WebApp/Design/Img/loader-gray-100x12x7.png HTTP/1.1" 200 689 
0:0:0:0:0:0:0:1 -  -  [11/一月/2016:15:29:46 +0000] "GET /WebApp/Design/Img/chevron-select.png HTTP/1.1" 200 196 
0:0:0:0:0:0:0:1 -  -  [11/一月/2016:15:29:46 +0000] "GET /WebApp/Design/Img/loader-big-white-100x12x10.png HTTP/1.1" 200 1893 
0:0:0:0:0:0:0:1 -  -  [11/一月/2016:15:29:46 +0000] "GET /WebApp/Design/Img/loader-gray-100x12x1.png HTTP/1.1" 200 701 
0:0:0:0:0:0:0:1 -  -  [11/一月/2016:15:29:46 +0000] "GET /WebApp/Design/Img/loader-big-white-100x12x1.png HTTP/1.1" 200 1873 
0:0:0:0:0:0:0:1 -  -  [11/一月/2016:15:29:46 +0000] "GET /WebApp/Design/Img/loader-big-white-100x12x11.png HTTP/1.1" 200 1889 
0:0:0:0:0:0:0:1 -  -  [11/一月/2016:15:29:46 +0000] "GET /WebApp/Design/Img/loader-gray-100x12x5.png HTTP/1.1" 200 699 
0:0:0:0:0:0:0:1 -  -  [11/一月/2016:15:29:46 +0000] "GET /WebApp/Design/Img/loader-big-white-100x12x9.png HTTP/1.1" 200 1876 
0:0:0:0:0:0:0:1 -  -  [11/一月/2016:15:29:46 +0000] "GET /WebApp/Design/Img/check-sel.png HTTP/1.1" 200 290 
0:0:0:0:0:0:0:1 -  -  [11/一月/2016:15:29:46 +0000] "GET /WebApp/Design/Img/loader-big-white-100x12x6.png HTTP/1.1" 200 1901 
0:0:0:0:0:0:0:1 -  -  [11/一月/2016:15:29:46 +0000] "GET /WebApp/Design/Img/loader-gray-100x12x2.png HTTP/1.1" 200 693 
0:0:0:0:0:0:0:1 -  -  [11/一月/2016:15:29:46 +0000] "GET /WebApp/Design/Img/loader-gray-100x12x6.png HTTP/1.1" 200 689 
0:0:0:0:0:0:0:1 -  -  [11/一月/2016:15:29:46 +0000] "GET /WebApp/Design/Img/loader-gray-100x12x10.png HTTP/1.1" 200 692 
0:0:0:0:0:0:0:1 -  -  [11/一月/2016:15:29:46 +0000] "GET /WebApp/Design/Img/loader-white-100x12x12.png HTTP/1.1" 200 616 
0:0:0:0:0:0:0:1 -  -  [11/一月/2016:15:29:46 +0000] "GET /WebApp/Design/Img/button-simple-touch.png HTTP/1.1" 200 665 
0:0:0:0:0:0:0:1 -  -  [11/一月/2016:15:29:46 +0000] "GET /WebApp/Design/Img/loader-big-white-100x12x2.png HTTP/1.1" 200 1870 
0:0:0:0:0:0:0:1 -  -  [11/一月/2016:15:29:46 +0000] "GET /WebApp/Design/Img/loader-big-white-100x12x8.png HTTP/1.1" 200 1897 
0:0:0:0:0:0:0:1 -  -  [11/一月/2016:15:29:46 +0000] "GET /WebApp/Design/Img/loader-gray-100x12x3.png HTTP/1.1" 200 700 
0:0:0:0:0:0:0:1 -  -  [11/一月/2016:15:29:46 +0000] "GET /WebApp/Design/Img/loader-gray-100x12x11.png HTTP/1.1" 200 688 
0:0:0:0:0:0:0:1 -  -  [11/一月/2016:15:29:46 +0000] "GET /WebApp/Design/Img/button-simple.png HTTP/1.1" 200 670 
0:0:0:0:0:0:0:1 -  -  [11/一月/2016:15:29:46 +0000] "GET /WebApp/Design/Img/button-back.png HTTP/1.1" 200 940 
0:0:0:0:0:0:0:1 -  -  [11/一月/2016:15:29:47 +0000] "GET /WebApp/Design/Img/chevron.png HTTP/1.1" 200 254 
0:0:0:0:0:0:0:1 -  -  [11/一月/2016:15:29:47 +0000] "GET /jquery.minicolors.png HTTP/1.1" 200 50867 
0:0:0:0:0:0:0:1 -  -  [11/一月/2016:15:29:48 +0000] "GET /images/favicon.ico HTTP/1.1" 200 1150 
0:0:0:0:0:0:0:1 -  -  [11/一月/2016:15:29:54 +0000] "GET /openhab.app?sitemap=demo&w=0000&__async=true&__source=waHome HTTP/1.1" 200 1078 
0:0:0:0:0:0:0:1 -  -  [11/一月/2016:15:29:54 +0000] "GET /images/bath.png HTTP/1.1" 200 386 
0:0:0:0:0:0:0:1 -  -  [11/一月/2016:15:29:54 +0000] "GET /images/office.png HTTP/1.1" 200 5131 
0:0:0:0:0:0:0:1 -  -  [11/一月/2016:15:29:54 +0000] "GET /images/boy1.png HTTP/1.1" 200 4483 
0:0:0:0:0:0:0:1 -  -  [11/一月/2016:15:29:54 +0000] "GET /images/bedroom.png HTTP/1.1" 200 2690 
0:0:0:0:0:0:0:1 -  -  [11/一月/2016:15:29:54 +0000] "GET /images/corridor.png HTTP/1.1" 200 4365 
0:0:0:0:0:0:0:1 -  -  [11/一月/2016:15:29:57 +0000] "GET /openhab.app?sitemap=demo&w=FF_Bath&__async=true&__source=wa0000 HTTP/1.1" 200 2426 
0:0:0:0:0:0:0:1 -  -  [11/一月/2016:15:29:57 +0000] "GET /images/switch-off.png HTTP/1.1" 200 1467 
0:0:0:0:0:0:0:1 -  -  [11/一月/2016:15:29:57 +0000] "GET /images/heating-off.png HTTP/1.1" 200 4710 
0:0:0:0:0:0:0:1 -  -  [11/一月/2016:15:29:57 +0000] "GET /images/_down.png HTTP/1.1" 200 1690 
0:0:0:0:0:0:0:1 -  -  [11/一月/2016:15:29:57 +0000] "GET /images/rollershutter.png HTTP/1.1" 200 4037 
0:0:0:0:0:0:0:1 -  -  [11/一月/2016:15:29:57 +0000] "GET /images/_stop.png HTTP/1.1" 200 1911 
0:0:0:0:0:0:0:1 -  -  [11/一月/2016:15:29:57 +0000] "GET /images/_up.png HTTP/1.1" 200 1697 
0:0:0:0:0:0:0:1 -  -  [11/一月/2016:15:29:57 +0000] "GET /images/contact-open.png HTTP/1.1" 200 4596 
0:0:0:0:0:0:0:1 -  -  [11/一月/2016:15:29:57 +0000] "GET /WebApp/Design/Img/bg-switch.png HTTP/1.1" 200 157 
0:0:0:0:0:0:0:1 -  -  [11/一月/2016:15:29:57 +0000] "GET /WebApp/Design/Img/bg-switch-thumb.png HTTP/1.1" 200 164 
0:0:0:0:0:0:0:1 -  -  [11/一月/2016:15:29:57 +0000] "GET /WebApp/Design/Img/form-check-text.png HTTP/1.1" 200 122 
0:0:0:0:0:0:0:1 -  -  [11/一月/2016:15:29:48 +0000] "GET /openhab.app?sitemap=demo&poll=true&__async=true&__source=waHome HTTP/1.1" 200 92 
0:0:0:0:0:0:0:1 -  -  [11/一月/2016:15:30:00 +0000] "GET /CMD?Light_FF_Bath_Ceiling=TOGGLE&__async=true&__source=waFF_Bath HTTP/1.1" 200 0 
0:0:0:0:0:0:0:1 -  -  [11/一月/2016:15:29:58 +0000] "GET /openhab.app?sitemap=demo&sitemap=demo&w=FF_Bath&poll=true&__async=true&__source=waFF_Bath HTTP/1.1" 200 2437 
0:0:0:0:0:0:0:1 -  -  [11/一月/2016:15:29:54 +0000] "GET /openhab.app?sitemap=demo&sitemap=demo&w=0000&poll=true&__async=true&__source=wa0000 HTTP/1.1" 200 1078 
0:0:0:0:0:0:0:1 -  -  [11/一月/2016:15:30:00 +0000] "GET /WebApp/Design/Img/form-check-texton.png HTTP/1.1" 200 121 
0:0:0:0:0:0:0:1 -  -  [11/一月/2016:15:30:00 +0000] "GET /images/switch-on.png HTTP/1.1" 200 2076 
0:0:0:0:0:0:0:1 -  -  [11/一月/2016:15:30:02 +0000] "GET /CMD?Light_FF_Bath_Mirror=TOGGLE&__async=true&__source=waFF_Bath HTTP/1.1" 200 0 
0:0:0:0:0:0:0:1 -  -  [11/一月/2016:15:30:00 +0000] "GET /openhab.app?sitemap=demo&sitemap=demo&w=FF_Bath&poll=true&__async=true&__source=waFF_Bath HTTP/1.1" 200 2448 
0:0:0:0:0:0:0:1 -  -  [11/一月/2016:15:30:02 +0000] "GET /CMD?Heating_FF_Bath=TOGGLE&__async=true&__source=waFF_Bath HTTP/1.1" 200 0 
0:0:0:0:0:0:0:1 -  -  [11/一月/2016:15:30:02 +0000] "GET /openhab.app?sitemap=demo&sitemap=demo&w=FF_Bath&poll=true&__async=true&__source=waFF_Bath HTTP/1.1" 200 2459 
0:0:0:0:0:0:0:1 -  -  [11/一月/2016:15:30:02 +0000] "GET /images/heating-on.png HTTP/1.1" 200 5038 
0:0:0:0:0:0:0:1 -  -  [11/一月/2016:15:30:03 +0000] "GET /CMD?Shutter_FF_Bath=UP&__async=true&__source=waFF_Bath HTTP/1.1" 200 0 
0:0:0:0:0:0:0:1 -  -  [11/一月/2016:15:30:02 +0000] "GET /openhab.app?sitemap=demo&sitemap=demo&w=FF_Bath&poll=true&__async=true&__source=waFF_Bath HTTP/1.1" 200 2461 
0:0:0:0:0:0:0:1 -  -  [11/一月/2016:15:30:04 +0000] "GET /images/rollershutter-0.png HTTP/1.1" 200 3856 
0:0:0:0:0:0:0:1 -  -  [11/一月/2016:15:30:04 +0000] "GET /CMD?Shutter_FF_Bath=UP&__async=true&__source=waFF_Bath HTTP/1.1" 200 0 
0:0:0:0:0:0:0:1 -  -  [11/一月/2016:15:30:04 +0000] "GET /openhab.app?sitemap=demo&sitemap=demo&w=FF_Bath&poll=true&__async=true&__source=waFF_Bath HTTP/1.1" 200 2461 
0:0:0:0:0:0:0:1 -  -  [11/一月/2016:15:30:04 +0000] "GET /CMD?Shutter_FF_Bath=UP&__async=true&__source=waFF_Bath HTTP/1.1" 200 0 
0:0:0:0:0:0:0:1 -  -  [11/一月/2016:15:30:04 +0000] "GET /openhab.app?sitemap=demo&sitemap=demo&w=FF_Bath&poll=true&__async=true&__source=waFF_Bath HTTP/1.1" 200 2461 
0:0:0:0:0:0:0:1 -  -  [11/一月/2016:15:30:05 +0000] "GET /CMD?Shutter_FF_Bath=UP&__async=true&__source=waFF_Bath HTTP/1.1" 200 0 
0:0:0:0:0:0:0:1 -  -  [11/一月/2016:15:30:05 +0000] "GET /openhab.app?sitemap=demo&sitemap=demo&w=FF_Bath&poll=true&__async=true&__source=waFF_Bath HTTP/1.1" 200 2461 
0:0:0:0:0:0:0:1 -  -  [11/一月/2016:15:30:06 +0000] "GET /CMD?Shutter_FF_Bath=DOWN&__async=true&__source=waFF_Bath HTTP/1.1" 200 0 
0:0:0:0:0:0:0:1 -  -  [11/一月/2016:15:30:05 +0000] "GET /openhab.app?sitemap=demo&sitemap=demo&w=FF_Bath&poll=true&__async=true&__source=waFF_Bath HTTP/1.1" 200 2463 
0:0:0:0:0:0:0:1 -  -  [11/一月/2016:15:30:06 +0000] "GET /images/rollershutter-100.png HTTP/1.1" 200 3992 
0:0:0:0:0:0:0:1 -  -  [11/一月/2016:15:30:08 +0000] "GET /CMD?Shutter_FF_Bath=STOP&__async=true&__source=waFF_Bath HTTP/1.1" 200 0 
0:0:0:0:0:0:0:1 -  -  [11/一月/2016:15:30:09 +0000] "GET /CMD?Shutter_FF_Bath=STOP&__async=true&__source=waFF_Bath HTTP/1.1" 200 0 
0:0:0:0:0:0:0:1 -  -  [11/一月/2016:15:30:10 +0000] "GET /CMD?Shutter_FF_Bath=UP&__async=true&__source=waFF_Bath HTTP/1.1" 200 0 
0:0:0:0:0:0:0:1 -  -  [11/一月/2016:15:30:06 +0000] "GET /openhab.app?sitemap=demo&sitemap=demo&w=FF_Bath&poll=true&__async=true&__source=waFF_Bath HTTP/1.1" 200 2461 
0:0:0:0:0:0:0:1 -  -  [11/一月/2016:15:30:11 +0000] "GET /CMD?Shutter_FF_Bath=STOP&__async=true&__source=waFF_Bath HTTP/1.1" 200 0 
0:0:0:0:0:0:0:1 -  -  [11/一月/2016:15:30:11 +0000] "GET /CMD?Shutter_FF_Bath=DOWN&__async=true&__source=waFF_Bath HTTP/1.1" 200 0 
0:0:0:0:0:0:0:1 -  -  [11/一月/2016:15:30:10 +0000] "GET /openhab.app?sitemap=demo&sitemap=demo&w=FF_Bath&poll=true&__async=true&__source=waFF_Bath HTTP/1.1" 200 2463 
0:0:0:0:0:0:0:1 -  -  [11/一月/2016:15:30:12 +0000] "GET /CMD?Shutter_FF_Bath=DOWN&__async=true&__source=waFF_Bath HTTP/1.1" 200 0 
0:0:0:0:0:0:0:1 -  -  [11/一月/2016:15:30:12 +0000] "GET /openhab.app?sitemap=demo&sitemap=demo&w=FF_Bath&poll=true&__async=true&__source=waFF_Bath HTTP/1.1" 200 2463 
0:0:0:0:0:0:0:1 -  -  [11/一月/2016:15:30:21 +0000] "GET /openhab.app?sitemap=demo&w=0100&__async=true&__source=waHome HTTP/1.1" 200 1901 
0:0:0:0:0:0:0:1 -  -  [11/一月/2016:15:30:21 +0000] "GET /images/clock.png HTTP/1.1" 200 1176 
0:0:0:0:0:0:0:1 -  -  [11/一月/2016:15:30:21 +0000] "GET /WebApp/Design/Img/button-blue.png HTTP/1.1" 200 741 
0:0:0:0:0:0:0:1 -  -  [11/一月/2016:15:30:21 +0000] "GET /chart?groups=Weather_Chart&period=h&random=1 HTTP/1.1" 200 3025 
0:0:0:0:0:0:0:1 -  -  [11/一月/2016:15:30:12 +0000] "GET /openhab.app?sitemap=demo&sitemap=demo&w=FF_Bath&poll=true&__async=true&__source=waFF_Bath HTTP/1.1" 200 92 
0:0:0:0:0:0:0:1 -  -  [11/一月/2016:15:30:16 +0000] "GET /openhab.app?sitemap=demo&sitemap=demo&w=0000&poll=true&__async=true&__source=wa0000 HTTP/1.1" 200 92 
0:0:0:0:0:0:0:1 -  -  [11/一月/2016:15:30:21 +0000] "GET /openhab.app?sitemap=demo&sitemap=demo&w=0100&poll=true&__async=true&__source=wa0100 HTTP/1.1" 200 1783 
0:0:0:0:0:0:0:1 -  -  [11/一月/2016:15:30:17 +0000] "GET /openhab.app?sitemap=demo&sitemap=demo&w=Home&poll=true&__async=true&__source=waHome HTTP/1.1" 200 1847 
0:0:0:0:0:0:0:1 -  -  [11/一月/2016:15:30:30 +0000] "GET /CMD?Weather_Chart_Period=1&__async=true&__source=wa0100 HTTP/1.1" 200 0 
0:0:0:0:0:0:0:1 -  -  [11/一月/2016:15:30:27 +0000] "GET /openhab.app?sitemap=demo&sitemap=demo&w=0100&poll=true&__async=true&__source=wa0100 HTTP/1.1" 200 1782 
0:0:0:0:0:0:0:1 -  -  [11/一月/2016:15:30:30 +0000] "GET /WebApp/Design/Img/button-red.png HTTP/1.1" 200 746 
0:0:0:0:0:0:0:1 -  -  [11/一月/2016:15:30:30 +0000] "GET /chart?groups=Weather_Chart&period=D&random=1 HTTP/1.1" 200 3080 
0:0:0:0:0:0:0:1 -  -  [11/一月/2016:15:30:35 +0000] "GET /CMD?Weather_Chart_Period=2&__async=true&__source=wa0100 HTTP/1.1" 200 0 
0:0:0:0:0:0:0:1 -  -  [11/一月/2016:15:30:30 +0000] "GET /openhab.app?sitemap=demo&sitemap=demo&w=0100&poll=true&__async=true&__source=wa0100 HTTP/1.1" 200 1782 
0:0:0:0:0:0:0:1 -  -  [11/一月/2016:15:30:35 +0000] "GET /chart?groups=Weather_Chart&period=W&random=1 HTTP/1.1" 200 4010 
0:0:0:0:0:0:0:1 -  -  [11/一月/2016:15:30:39 +0000] "GET /CMD?Weather_Chart_Period=0&__async=true&__source=wa0100 HTTP/1.1" 200 0 
0:0:0:0:0:0:0:1 -  -  [11/一月/2016:15:30:35 +0000] "GET /openhab.app?sitemap=demo&sitemap=demo&w=0100&poll=true&__async=true&__source=wa0100 HTTP/1.1" 200 1781 
0:0:0:0:0:0:0:1 -  -  [11/一月/2016:15:30:39 +0000] "GET /openhab.app?sitemap=demo&sitemap=demo&w=0100&poll=true&__async=true&__source=wa0100 HTTP/1.1" 200 92 
0:0:0:0:0:0:0:1 -  -  [11/一月/2016:15:30:51 +0000] "GET /openhab.app?sitemap=demo&w=0300&__async=true&__source=waHome HTTP/1.1" 200 1131 
0:0:0:0:0:0:0:1 -  -  [11/一月/2016:15:30:44 +0000] "GET /openhab.app?sitemap=demo&sitemap=demo&w=Home&poll=true&__async=true&__source=waHome HTTP/1.1" 200 92 
0:0:0:0:0:0:0:1 -  -  [11/一月/2016:15:30:59 +0000] "GET /openhab.app?sitemap=demo&w=0300&__async=true&__source=waHome HTTP/1.1" 200 1131 
0:0:0:0:0:0:0:1 -  -  [11/一月/2016:15:30:50 +0000] "GET /openhab.app?sitemap=demo&sitemap=demo&w=0100&poll=true&__async=true&__source=waHome HTTP/1.1" 200 92 
0:0:0:0:0:0:0:1 -  -  [11/一月/2016:15:30:51 +0000] "GET /openhab.app?sitemap=demo&sitemap=demo&w=0300&poll=true&__async=true&__source=wa0300 HTTP/1.1" 200 92 
0:0:0:0:0:0:0:1 -  -  [11/一月/2016:15:31:02 +0000] "GET /openhab.app?sitemap=demo&w=030002&__async=true&__source=wa0300 HTTP/1.1" 200 1436 
0:0:0:0:0:0:0:1 -  -  [11/一月/2016:15:31:02 +0000] "GET /images/contact-closed.png HTTP/1.1" 200 4262 
0:0:0:0:0:0:0:1 -  -  [11/一月/2016:15:30:55 +0000] "GET /openhab.app?sitemap=demo&sitemap=demo&w=Home&poll=true&__async=true&__source=waHome HTTP/1.1" 200 92 
0:0:0:0:0:0:0:1 -  -  [11/一月/2016:15:31:02 +0000] "GET /openhab.app?sitemap=demo&sitemap=demo&w=0300&poll=true&__async=true&__source=wa0300 HTTP/1.1" 200 92 
0:0:0:0:0:0:0:1 -  -  [11/一月/2016:15:31:02 +0000] "GET /openhab.app?sitemap=demo&sitemap=demo&w=030002&poll=true&__async=true&__source=wa030002 HTTP/1.1" 200 92 
0:0:0:0:0:0:0:1 -  -  [11/一月/2016:15:31:05 +0000] "GET /openhab.app?sitemap=demo&sitemap=demo&w=Home&poll=true&__async=true&__source=waHome HTTP/1.1" 200 92 
0:0:0:0:0:0:0:1 -  -  [11/一月/2016:15:32:59 +0000] "GET /openhab.app?sitemap=demo HTTP/1.1" 200 7724 
0:0:0:0:0:0:0:1 -  -  [11/一月/2016:15:33:09 +0000] "GET /openhab.app?sitemap=demo&w=0302&__async=true&__source=waHome HTTP/1.1" 200 2425 
0:0:0:0:0:0:0:1 -  -  [11/一月/2016:15:33:09 +0000] "GET /images/network.png HTTP/1.1" 200 1518 
0:0:0:0:0:0:0:1 -  -  [11/一月/2016:15:33:09 +0000] "GET /images/slider.png HTTP/1.1" 200 2076 
127.0.0.1 -  -  [11/一月/2016:15:33:09 +0000] "GET /images/splash-ipad-h.png HTTP/1.1" 200 238410 
0:0:0:0:0:0:0:1 -  -  [11/一月/2016:15:33:09 +0000] "GET /proxy?sitemap=demo.sitemap&widgetId=03020100&t=1452526389064 HTTP/1.1" 200 238410 
0:0:0:0:0:0:0:1 -  -  [11/一月/2016:15:33:12 +0000] "GET /openhab.app?sitemap=demo&w=03020100&__async=true&__source=wa0302 HTTP/1.1" 200 505 
0:0:0:0:0:0:0:1 -  -  [11/一月/2016:15:33:12 +0000] "GET /images/icon.png HTTP/1.1" 200 16960 
0:0:0:0:0:0:0:1 -  -  [11/一月/2016:15:33:01 +0000] "GET /openhab.app?sitemap=demo&poll=true&__async=true&__source=waHome HTTP/1.1" 200 92 
0:0:0:0:0:0:0:1 -  -  [11/一月/2016:15:33:09 +0000] "GET /openhab.app?sitemap=demo&sitemap=demo&w=0302&poll=true&__async=true&__source=wa0302 HTTP/1.1" 200 92 
0:0:0:0:0:0:0:1 -  -  [11/一月/2016:15:33:12 +0000] "GET /openhab.app?sitemap=demo&sitemap=demo&w=03020100&poll=true&__async=true&__source=wa03020100 HTTP/1.1" 200 92 
0:0:0:0:0:0:0:1 -  -  [11/一月/2016:15:33:20 +0000] "GET /openhab.app?sitemap=demo&sitemap=demo&w=0302&poll=true&__async=true&__source=wa0302 HTTP/1.1" 200 92 
0:0:0:0:0:0:0:1 -  -  [11/一月/2016:15:33:23 +0000] "GET /openhab.app?sitemap=demo&sitemap=demo&w=03020100&poll=true&__async=true&__source=wa0302 HTTP/1.1" 200 92 
0:0:0:0:0:0:0:1 -  -  [11/一月/2016:15:33:39 +0000] "GET /CMD?Volume=INCREASE&__async=true&__source=wa0302 HTTP/1.1" 200 0 
0:0:0:0:0:0:0:1 -  -  [11/一月/2016:15:33:30 +0000] "GET /openhab.app?sitemap=demo&sitemap=demo&w=0302&poll=true&__async=true&__source=wa0302 HTTP/1.1" 200 2433 
0:0:0:0:0:0:0:1 -  -  [11/一月/2016:15:33:40 +0000] "GET /images/slider-100.png HTTP/1.1" 200 2076 
127.0.0.1 -  -  [11/一月/2016:15:33:40 +0000] "GET /images/splash-ipad-h.png HTTP/1.1" 200 238410 
0:0:0:0:0:0:0:1 -  -  [11/一月/2016:15:33:40 +0000] "GET /proxy?sitemap=demo.sitemap&widgetId=03020100&t=1452526420389 HTTP/1.1" 200 238410 
0:0:0:0:0:0:0:1 -  -  [11/一月/2016:15:33:41 +0000] "GET /openhab.app?sitemap=demo HTTP/1.1" 200 7724 
0:0:0:0:0:0:0:1 -  -  [11/一月/2016:15:33:41 +0000] "GET /WebApp/Design/Render.css HTTP/1.1" 304 0 
0:0:0:0:0:0:0:1 -  -  [11/一月/2016:15:33:41 +0000] "GET /WebApp/Design/RenderRTL.css HTTP/1.1" 304 0 
0:0:0:0:0:0:0:1 -  -  [11/一月/2016:15:33:41 +0000] "GET /jquery.miniColors.css HTTP/1.1" 304 0 
0:0:0:0:0:0:0:1 -  -  [11/一月/2016:15:33:41 +0000] "GET /WebApp/Design/Firefox.css HTTP/1.1" 304 0 
0:0:0:0:0:0:0:1 -  -  [11/一月/2016:15:33:41 +0000] "GET /WebApp/Action/Logic.js HTTP/1.1" 304 0 
0:0:0:0:0:0:0:1 -  -  [11/一月/2016:15:33:41 +0000] "GET /WebApp/Design/openHAB.css HTTP/1.1" 304 0 
0:0:0:0:0:0:0:1 -  -  [11/一月/2016:15:33:41 +0000] "GET /jquery.min.js HTTP/1.1" 304 0 
0:0:0:0:0:0:0:1 -  -  [11/一月/2016:15:33:41 +0000] "GET /jquery.miniColors.js HTTP/1.1" 304 0 
0:0:0:0:0:0:0:1 -  -  [11/一月/2016:15:33:41 +0000] "GET /images/firstfloor.png HTTP/1.1" 304 0 
0:0:0:0:0:0:0:1 -  -  [11/一月/2016:15:33:41 +0000] "GET /images/groundfloor.png HTTP/1.1" 304 0 
0:0:0:0:0:0:0:1 -  -  [11/一月/2016:15:33:41 +0000] "GET /images/garden.png HTTP/1.1" 304 0 
0:0:0:0:0:0:0:1 -  -  [11/一月/2016:15:33:41 +0000] "GET /images/temperature.png HTTP/1.1" 304 0 
0:0:0:0:0:0:0:1 -  -  [11/一月/2016:15:33:41 +0000] "GET /images/calendar.png HTTP/1.1" 304 0 
0:0:0:0:0:0:0:1 -  -  [11/一月/2016:15:33:41 +0000] "GET /images/cellar.png HTTP/1.1" 304 0 
0:0:0:0:0:0:0:1 -  -  [11/一月/2016:15:33:41 +0000] "GET /images/chart.png HTTP/1.1" 304 0 
0:0:0:0:0:0:0:1 -  -  [11/一月/2016:15:33:41 +0000] "GET /images/video.png HTTP/1.1" 304 0 
0:0:0:0:0:0:0:1 -  -  [11/一月/2016:15:33:41 +0000] "GET /images/none.png HTTP/1.1" 304 0 
0:0:0:0:0:0:0:1 -  -  [11/一月/2016:15:33:41 +0000] "GET /WebApp/Design/Img/bg.png HTTP/1.1" 304 0 
0:0:0:0:0:0:0:1 -  -  [11/一月/2016:15:33:41 +0000] "GET /WebApp/Design/Img/select.png HTTP/1.1" 304 0 
0:0:0:0:0:0:0:1 -  -  [11/一月/2016:15:33:41 +0000] "GET /WebApp/Design/Img/loader-white-100x12x4.png HTTP/1.1" 304 0 
0:0:0:0:0:0:0:1 -  -  [11/一月/2016:15:33:41 +0000] "GET /WebApp/Design/Img/loader-white-100x12x3.png HTTP/1.1" 304 0 
0:0:0:0:0:0:0:1 -  -  [11/一月/2016:15:33:41 +0000] "GET /WebApp/Design/Img/loader-white-100x12x1.png HTTP/1.1" 304 0 
0:0:0:0:0:0:0:1 -  -  [11/一月/2016:15:33:41 +0000] "GET /WebApp/Design/Img/loader-white-100x12x2.png HTTP/1.1" 304 0 
0:0:0:0:0:0:0:1 -  -  [11/一月/2016:15:33:41 +0000] "GET /WebApp/Design/Img/loader-white-100x12x6.png HTTP/1.1" 304 0 
0:0:0:0:0:0:0:1 -  -  [11/一月/2016:15:33:41 +0000] "GET /WebApp/Design/Img/loader-white-100x12x7.png HTTP/1.1" 304 0 
0:0:0:0:0:0:0:1 -  -  [11/一月/2016:15:33:41 +0000] "GET /WebApp/Design/Img/loader-white-100x12x5.png HTTP/1.1" 304 0 
0:0:0:0:0:0:0:1 -  -  [11/一月/2016:15:33:41 +0000] "GET /WebApp/Design/Img/loader-white-100x12x8.png HTTP/1.1" 304 0 
0:0:0:0:0:0:0:1 -  -  [11/一月/2016:15:33:41 +0000] "GET /WebApp/Design/Img/loader-white-100x12x9.png HTTP/1.1" 304 0 
0:0:0:0:0:0:0:1 -  -  [11/一月/2016:15:33:41 +0000] "GET /WebApp/Design/Img/loader-white-100x12x10.png HTTP/1.1" 304 0 
0:0:0:0:0:0:0:1 -  -  [11/一月/2016:15:33:41 +0000] "GET /WebApp/Design/Img/loader-white-100x12x11.png HTTP/1.1" 304 0 
0:0:0:0:0:0:0:1 -  -  [11/一月/2016:15:33:41 +0000] "GET /WebApp/Design/Img/loader-white-100x12x12.png HTTP/1.1" 304 0 
0:0:0:0:0:0:0:1 -  -  [11/一月/2016:15:33:41 +0000] "GET /WebApp/Design/Img/loader-gray-100x12x1.png HTTP/1.1" 304 0 
0:0:0:0:0:0:0:1 -  -  [11/一月/2016:15:33:41 +0000] "GET /WebApp/Design/Img/loader-gray-100x12x2.png HTTP/1.1" 304 0 
0:0:0:0:0:0:0:1 -  -  [11/一月/2016:15:33:41 +0000] "GET /WebApp/Design/Img/loader-gray-100x12x3.png HTTP/1.1" 304 0 
0:0:0:0:0:0:0:1 -  -  [11/一月/2016:15:33:41 +0000] "GET /WebApp/Design/Img/loader-gray-100x12x7.png HTTP/1.1" 304 0 
0:0:0:0:0:0:0:1 -  -  [11/一月/2016:15:33:41 +0000] "GET /WebApp/Design/Img/loader-gray-100x12x6.png HTTP/1.1" 304 0 
0:0:0:0:0:0:0:1 -  -  [11/一月/2016:15:33:41 +0000] "GET /WebApp/Design/Img/loader-gray-100x12x5.png HTTP/1.1" 304 0 
0:0:0:0:0:0:0:1 -  -  [11/一月/2016:15:33:41 +0000] "GET /WebApp/Design/Img/loader-gray-100x12x4.png HTTP/1.1" 304 0 
0:0:0:0:0:0:0:1 -  -  [11/一月/2016:15:33:41 +0000] "GET /WebApp/Design/Img/loader-gray-100x12x10.png HTTP/1.1" 304 0 
0:0:0:0:0:0:0:1 -  -  [11/一月/2016:15:33:41 +0000] "GET /WebApp/Design/Img/loader-gray-100x12x8.png HTTP/1.1" 304 0 
0:0:0:0:0:0:0:1 -  -  [11/一月/2016:15:33:41 +0000] "GET /WebApp/Design/Img/loader-gray-100x12x11.png HTTP/1.1" 304 0 
0:0:0:0:0:0:0:1 -  -  [11/一月/2016:15:33:41 +0000] "GET /WebApp/Design/Img/loader-gray-100x12x12.png HTTP/1.1" 304 0 
0:0:0:0:0:0:0:1 -  -  [11/一月/2016:15:33:41 +0000] "GET /WebApp/Design/Img/loader-big-white-100x12x1.png HTTP/1.1" 304 0 
0:0:0:0:0:0:0:1 -  -  [11/一月/2016:15:33:41 +0000] "GET /WebApp/Design/Img/loader-gray-100x12x9.png HTTP/1.1" 304 0 
0:0:0:0:0:0:0:1 -  -  [11/一月/2016:15:33:41 +0000] "GET /WebApp/Design/Img/loader-big-white-100x12x2.png HTTP/1.1" 304 0 
0:0:0:0:0:0:0:1 -  -  [11/一月/2016:15:33:41 +0000] "GET /WebApp/Design/Img/loader-big-white-100x12x3.png HTTP/1.1" 304 0 
0:0:0:0:0:0:0:1 -  -  [11/一月/2016:15:33:41 +0000] "GET /WebApp/Design/Img/loader-big-white-100x12x5.png HTTP/1.1" 304 0 
0:0:0:0:0:0:0:1 -  -  [11/一月/2016:15:33:41 +0000] "GET /WebApp/Design/Img/loader-big-white-100x12x4.png HTTP/1.1" 304 0 
0:0:0:0:0:0:0:1 -  -  [11/一月/2016:15:33:41 +0000] "GET /WebApp/Design/Img/loader-big-white-100x12x6.png HTTP/1.1" 304 0 
0:0:0:0:0:0:0:1 -  -  [11/一月/2016:15:33:41 +0000] "GET /WebApp/Design/Img/loader-big-white-100x12x8.png HTTP/1.1" 304 0 
0:0:0:0:0:0:0:1 -  -  [11/一月/2016:15:33:41 +0000] "GET /WebApp/Design/Img/loader-big-white-100x12x7.png HTTP/1.1" 304 0 
0:0:0:0:0:0:0:1 -  -  [11/一月/2016:15:33:41 +0000] "GET /WebApp/Design/Img/loader-big-white-100x12x10.png HTTP/1.1" 304 0 
0:0:0:0:0:0:0:1 -  -  [11/一月/2016:15:33:41 +0000] "GET /WebApp/Design/Img/loader-big-white-100x12x11.png HTTP/1.1" 304 0 
0:0:0:0:0:0:0:1 -  -  [11/一月/2016:15:33:41 +0000] "GET /WebApp/Design/Img/loader-big-white-100x12x9.png HTTP/1.1" 304 0 
0:0:0:0:0:0:0:1 -  -  [11/一月/2016:15:33:41 +0000] "GET /WebApp/Design/Img/loader-big-white-100x12x12.png HTTP/1.1" 304 0 
0:0:0:0:0:0:0:1 -  -  [11/一月/2016:15:33:41 +0000] "GET /WebApp/Design/Img/chevron-select.png HTTP/1.1" 304 0 
0:0:0:0:0:0:0:1 -  -  [11/一月/2016:15:33:41 +0000] "GET /WebApp/Design/Img/check-sel.png HTTP/1.1" 304 0 
0:0:0:0:0:0:0:1 -  -  [11/一月/2016:15:33:41 +0000] "GET /WebApp/Design/Img/button-back-touch.png HTTP/1.1" 304 0 
0:0:0:0:0:0:0:1 -  -  [11/一月/2016:15:33:41 +0000] "GET /WebApp/Design/Img/button-simple-touch.png HTTP/1.1" 304 0 
0:0:0:0:0:0:0:1 -  -  [11/一月/2016:15:33:41 +0000] "GET /WebApp/Design/Img/bg-head.png HTTP/1.1" 304 0 
0:0:0:0:0:0:0:1 -  -  [11/一月/2016:15:33:41 +0000] "GET /WebApp/Design/Img/button-back.png HTTP/1.1" 304 0 
0:0:0:0:0:0:0:1 -  -  [11/一月/2016:15:33:41 +0000] "GET /WebApp/Design/Img/button-simple.png HTTP/1.1" 304 0 
0:0:0:0:0:0:0:1 -  -  [11/一月/2016:15:33:44 +0000] "GET /openhab.app?sitemap=demo&w=0301&__async=true&__source=waHome HTTP/1.1" 200 6678 
0:0:0:0:0:0:0:1 -  -  [11/一月/2016:15:33:44 +0000] "GET /images/sofa.png HTTP/1.1" 200 4933 
0:0:0:0:0:0:0:1 -  -  [11/一月/2016:15:33:44 +0000] "GET /images/colorwheel.png HTTP/1.1" 200 1930 
0:0:0:0:0:0:0:1 -  -  [11/一月/2016:15:33:33 +0000] "GET /openhab.app?sitemap=demo&sitemap=demo&w=03020100&poll=true&__async=true&__source=wa0302 HTTP/1.1" 200 92 
0:0:0:0:0:0:0:1 -  -  [11/一月/2016:15:33:40 +0000] "GET /openhab.app?sitemap=demo&sitemap=demo&w=0302&poll=true&__async=true&__source=wa0302 HTTP/1.1" 200 92 
0:0:0:0:0:0:0:1 -  -  [11/一月/2016:15:33:51 +0000] "GET /CMD?DemoSwitch=TOGGLE&__async=true&__source=wa0301 HTTP/1.1" 200 0 
0:0:0:0:0:0:0:1 -  -  [11/一月/2016:15:33:44 +0000] "GET /openhab.app?sitemap=demo&sitemap=demo&w=0301&poll=true&__async=true&__source=wa0301 HTTP/1.1" 200 6688 
0:0:0:0:0:0:0:1 -  -  [11/一月/2016:15:33:52 +0000] "GET /CMD?DemoSwitch=TOGGLE&__async=true&__source=wa0301 HTTP/1.1" 200 0 
0:0:0:0:0:0:0:1 -  -  [11/一月/2016:15:33:51 +0000] "GET /openhab.app?sitemap=demo&sitemap=demo&w=0301&poll=true&__async=true&__source=wa0301 HTTP/1.1" 200 6678 
0:0:0:0:0:0:0:1 -  -  [11/一月/2016:15:33:43 +0000] "GET /openhab.app?sitemap=demo&poll=true&__async=true&__source=waHome HTTP/1.1" 200 92 
0:0:0:0:0:0:0:1 -  -  [11/一月/2016:15:33:53 +0000] "GET /openhab.app?sitemap=demo&sitemap=demo&w=0301&poll=true&__async=true&__source=wa0301 HTTP/1.1" 200 6688 
0:0:0:0:0:0:0:1 -  -  [11/一月/2016:15:33:55 +0000] "GET /CMD?DemoSwitch=ON&__async=true&__source=wa0301 HTTP/1.1" 200 0 
0:0:0:0:0:0:0:1 -  -  [11/一月/2016:15:33:56 +0000] "GET /CMD?DemoSwitch=ON&__async=true&__source=wa0301 HTTP/1.1" 200 0 
0:0:0:0:0:0:0:1 -  -  [11/一月/2016:15:33:55 +0000] "GET /openhab.app?sitemap=demo&sitemap=demo&w=0301&poll=true&__async=true&__source=wa0301 HTTP/1.1" 200 6688 
0:0:0:0:0:0:0:1 -  -  [11/一月/2016:15:33:58 +0000] "GET /CMD?DemoSwitch=ON&__async=true&__source=wa0301 HTTP/1.1" 200 0 
0:0:0:0:0:0:0:1 -  -  [11/一月/2016:15:33:56 +0000] "GET /openhab.app?sitemap=demo&sitemap=demo&w=0301&poll=true&__async=true&__source=wa0301 HTTP/1.1" 200 6688 
0:0:0:0:0:0:0:1 -  -  [11/一月/2016:15:33:59 +0000] "GET /CMD?DemoSwitch=ON&__async=true&__source=wa0301 HTTP/1.1" 200 0 
0:0:0:0:0:0:0:1 -  -  [11/一月/2016:15:33:58 +0000] "GET /openhab.app?sitemap=demo&sitemap=demo&w=0301&poll=true&__async=true&__source=wa0301 HTTP/1.1" 200 6688 
0:0:0:0:0:0:0:1 -  -  [11/一月/2016:15:34:00 +0000] "GET /CMD?DemoSwitch=ON&__async=true&__source=wa0301 HTTP/1.1" 200 0 
0:0:0:0:0:0:0:1 -  -  [11/一月/2016:15:33:59 +0000] "GET /openhab.app?sitemap=demo&sitemap=demo&w=0301&poll=true&__async=true&__source=wa0301 HTTP/1.1" 200 6688 
0:0:0:0:0:0:0:1 -  -  [11/一月/2016:15:34:00 +0000] "GET /CMD?DemoSwitch=ON&__async=true&__source=wa0301 HTTP/1.1" 200 0 
0:0:0:0:0:0:0:1 -  -  [11/一月/2016:15:34:00 +0000] "GET /openhab.app?sitemap=demo&sitemap=demo&w=0301&poll=true&__async=true&__source=wa0301 HTTP/1.1" 200 6688 
0:0:0:0:0:0:0:1 -  -  [11/一月/2016:15:34:01 +0000] "GET /CMD?DemoSwitch=TOGGLE&__async=true&__source=wa0301 HTTP/1.1" 200 0 
0:0:0:0:0:0:0:1 -  -  [11/一月/2016:15:34:00 +0000] "GET /openhab.app?sitemap=demo&sitemap=demo&w=0301&poll=true&__async=true&__source=wa0301 HTTP/1.1" 200 6678 
0:0:0:0:0:0:0:1 -  -  [11/一月/2016:15:34:04 +0000] "GET /CMD?DemoSwitch=ON&__async=true&__source=wa0301 HTTP/1.1" 200 0 
0:0:0:0:0:0:0:1 -  -  [11/一月/2016:15:34:01 +0000] "GET /openhab.app?sitemap=demo&sitemap=demo&w=0301&poll=true&__async=true&__source=wa0301 HTTP/1.1" 200 6688 
0:0:0:0:0:0:0:1 -  -  [11/一月/2016:15:34:05 +0000] "GET /CMD?DemoSwitch=ON&__async=true&__source=wa0301 HTTP/1.1" 200 0 
0:0:0:0:0:0:0:1 -  -  [11/一月/2016:15:34:04 +0000] "GET /openhab.app?sitemap=demo&sitemap=demo&w=0301&poll=true&__async=true&__source=wa0301 HTTP/1.1" 200 6688 
0:0:0:0:0:0:0:1 -  -  [11/一月/2016:15:34:07 +0000] "GET /CMD?DemoSwitch=TOGGLE&__async=true&__source=wa0301 HTTP/1.1" 200 0 
0:0:0:0:0:0:0:1 -  -  [11/一月/2016:15:34:06 +0000] "GET /openhab.app?sitemap=demo&sitemap=demo&w=0301&poll=true&__async=true&__source=wa0301 HTTP/1.1" 200 6678 
0:0:0:0:0:0:0:1 -  -  [11/一月/2016:15:34:08 +0000] "GET /CMD?Scene_General=1&__async=true&__source=wa0301 HTTP/1.1" 200 0 
0:0:0:0:0:0:0:1 -  -  [11/一月/2016:15:34:07 +0000] "GET /openhab.app?sitemap=demo&sitemap=demo&w=0301&poll=true&__async=true&__source=wa0301 HTTP/1.1" 200 6690 
0:0:0:0:0:0:0:1 -  -  [11/一月/2016:15:34:13 +0000] "GET /CMD?Scene_General=1&__async=true&__source=wa0301 HTTP/1.1" 200 0 
0:0:0:0:0:0:0:1 -  -  [11/一月/2016:15:34:09 +0000] "GET /openhab.app?sitemap=demo&sitemap=demo&w=0301&poll=true&__async=true&__source=wa0301 HTTP/1.1" 200 6690 
0:0:0:0:0:0:0:1 -  -  [11/一月/2016:15:34:13 +0000] "GET /CMD?Scene_General=2&__async=true&__source=wa0301 HTTP/1.1" 200 0 
0:0:0:0:0:0:0:1 -  -  [11/一月/2016:15:34:13 +0000] "GET /openhab.app?sitemap=demo&sitemap=demo&w=0301&poll=true&__async=true&__source=wa0301 HTTP/1.1" 200 6690 
0:0:0:0:0:0:0:1 -  -  [11/一月/2016:15:34:15 +0000] "GET /CMD?Scene_General=3&__async=true&__source=wa0301 HTTP/1.1" 200 0 
0:0:0:0:0:0:0:1 -  -  [11/一月/2016:15:34:14 +0000] "GET /openhab.app?sitemap=demo&sitemap=demo&w=0301&poll=true&__async=true&__source=wa0301 HTTP/1.1" 200 6690 
0:0:0:0:0:0:0:1 -  -  [11/一月/2016:15:34:16 +0000] "GET /CMD?Scene_General=1&__async=true&__source=wa0301 HTTP/1.1" 200 0 
0:0:0:0:0:0:0:1 -  -  [11/一月/2016:15:34:15 +0000] "GET /openhab.app?sitemap=demo&sitemap=demo&w=0301&poll=true&__async=true&__source=wa0301 HTTP/1.1" 200 6690 
0:0:0:0:0:0:0:1 -  -  [11/一月/2016:15:34:17 +0000] "GET /CMD?Scene_General=1&__async=true&__source=wa0301 HTTP/1.1" 200 0 
0:0:0:0:0:0:0:1 -  -  [11/一月/2016:15:34:16 +0000] "GET /openhab.app?sitemap=demo&sitemap=demo&w=0301&poll=true&__async=true&__source=wa0301 HTTP/1.1" 200 6690 
0:0:0:0:0:0:0:1 -  -  [11/一月/2016:15:34:18 +0000] "GET /WebApp/Design/Img/check.png HTTP/1.1" 200 311 
0:0:0:0:0:0:0:1 -  -  [11/一月/2016:15:34:20 +0000] "GET /CMD?Scene_General=1&__async=true&__source=wa__00 HTTP/1.1" 200 0 
0:0:0:0:0:0:0:1 -  -  [11/一月/2016:15:34:18 +0000] "GET /openhab.app?sitemap=demo&sitemap=demo&w=0301&poll=true&__async=true&__source=wa__00 HTTP/1.1" 200 6690 
0:0:0:0:0:0:0:1 -  -  [11/一月/2016:15:34:18 +0000] "GET /openhab.app?sitemap=demo&sitemap=demo&w=0301&poll=true&__async=true&__source=wa0301 HTTP/1.1" 200 6690 
0:0:0:0:0:0:0:1 -  -  [11/一月/2016:15:34:25 +0000] "GET /CMD?Temperature_Setpoint=22.5&__async=true&__source=wa0301 HTTP/1.1" 200 0 
0:0:0:0:0:0:0:1 -  -  [11/一月/2016:15:34:21 +0000] "GET /openhab.app?sitemap=demo&sitemap=demo&w=0301&poll=true&__async=true&__source=wa0301 HTTP/1.1" 200 6690 
0:0:0:0:0:0:0:1 -  -  [11/一月/2016:15:34:25 +0000] "GET /CMD?Temperature_Setpoint=23.0&__async=true&__source=wa0301 HTTP/1.1" 200 0 
0:0:0:0:0:0:0:1 -  -  [11/一月/2016:15:34:20 +0000] "GET /openhab.app?sitemap=demo&sitemap=demo&w=0301&poll=true&__async=true&__source=wa__00 HTTP/1.1" 200 6690 
0:0:0:0:0:0:0:1 -  -  [11/一月/2016:15:34:26 +0000] "GET /CMD?Temperature_Setpoint=23.5&__async=true&__source=wa0301 HTTP/1.1" 200 0 
0:0:0:0:0:0:0:1 -  -  [11/一月/2016:15:34:25 +0000] "GET /openhab.app?sitemap=demo&sitemap=demo&w=0301&poll=true&__async=true&__source=wa0301 HTTP/1.1" 200 6690 
0:0:0:0:0:0:0:1 -  -  [11/一月/2016:15:34:26 +0000] "GET /CMD?Temperature_Setpoint=24.0&__async=true&__source=wa0301 HTTP/1.1" 200 0 
0:0:0:0:0:0:0:1 -  -  [11/一月/2016:15:34:26 +0000] "GET /CMD?Temperature_Setpoint=24.0&__async=true&__source=wa0301 HTTP/1.1" 200 0 
0:0:0:0:0:0:0:1 -  -  [11/一月/2016:15:34:26 +0000] "GET /openhab.app?sitemap=demo&sitemap=demo&w=0301&poll=true&__async=true&__source=wa0301 HTTP/1.1" 200 6690 
0:0:0:0:0:0:0:1 -  -  [11/一月/2016:15:34:26 +0000] "GET /CMD?Temperature_Setpoint=24.5&__async=true&__source=wa0301 HTTP/1.1" 200 0 
0:0:0:0:0:0:0:1 -  -  [11/一月/2016:15:34:27 +0000] "GET /CMD?Temperature_Setpoint=24.5&__async=true&__source=wa0301 HTTP/1.1" 200 0 
0:0:0:0:0:0:0:1 -  -  [11/一月/2016:15:34:26 +0000] "GET /openhab.app?sitemap=demo&sitemap=demo&w=0301&poll=true&__async=true&__source=wa0301 HTTP/1.1" 200 6690 
0:0:0:0:0:0:0:1 -  -  [11/一月/2016:15:34:27 +0000] "GET /CMD?Temperature_Setpoint=25.0&__async=true&__source=wa0301 HTTP/1.1" 200 0 
0:0:0:0:0:0:0:1 -  -  [11/一月/2016:15:34:27 +0000] "GET /CMD?Temperature_Setpoint=25.0&__async=true&__source=wa0301 HTTP/1.1" 200 0 
0:0:0:0:0:0:0:1 -  -  [11/一月/2016:15:34:27 +0000] "GET /CMD?Temperature_Setpoint=25.0&__async=true&__source=wa0301 HTTP/1.1" 200 0 
0:0:0:0:0:0:0:1 -  -  [11/一月/2016:15:34:27 +0000] "GET /openhab.app?sitemap=demo&sitemap=demo&w=0301&poll=true&__async=true&__source=wa0301 HTTP/1.1" 200 6690 
0:0:0:0:0:0:0:1 -  -  [11/一月/2016:15:34:27 +0000] "GET /CMD?Temperature_Setpoint=25.5&__async=true&__source=wa0301 HTTP/1.1" 200 0 
0:0:0:0:0:0:0:1 -  -  [11/一月/2016:15:34:28 +0000] "GET /CMD?Temperature_Setpoint=25.5&__async=true&__source=wa0301 HTTP/1.1" 200 0 
0:0:0:0:0:0:0:1 -  -  [11/一月/2016:15:34:28 +0000] "GET /CMD?Temperature_Setpoint=25.5&__async=true&__source=wa0301 HTTP/1.1" 200 0 
0:0:0:0:0:0:0:1 -  -  [11/一月/2016:15:34:27 +0000] "GET /openhab.app?sitemap=demo&sitemap=demo&w=0301&poll=true&__async=true&__source=wa0301 HTTP/1.1" 200 6690 
0:0:0:0:0:0:0:1 -  -  [11/一月/2016:15:34:28 +0000] "GET /CMD?Temperature_Setpoint=26.0&__async=true&__source=wa0301 HTTP/1.1" 200 0 
0:0:0:0:0:0:0:1 -  -  [11/一月/2016:15:34:28 +0000] "GET /openhab.app?sitemap=demo&sitemap=demo&w=0301&poll=true&__async=true&__source=wa0301 HTTP/1.1" 200 6690 
0:0:0:0:0:0:0:1 -  -  [11/一月/2016:15:34:28 +0000] "GET /CMD?Temperature_Setpoint=26.5&__async=true&__source=wa0301 HTTP/1.1" 200 0 
0:0:0:0:0:0:0:1 -  -  [11/一月/2016:15:34:29 +0000] "GET /CMD?Temperature_Setpoint=26.5&__async=true&__source=wa0301 HTTP/1.1" 200 0 
0:0:0:0:0:0:0:1 -  -  [11/一月/2016:15:34:28 +0000] "GET /openhab.app?sitemap=demo&sitemap=demo&w=0301&poll=true&__async=true&__source=wa0301 HTTP/1.1" 200 6690 
0:0:0:0:0:0:0:1 -  -  [11/一月/2016:15:34:31 +0000] "GET /CMD?DimmedLight=OFF&__async=true&__source=wa0301 HTTP/1.1" 200 0 
0:0:0:0:0:0:0:1 -  -  [11/一月/2016:15:34:29 +0000] "GET /openhab.app?sitemap=demo&sitemap=demo&w=0301&poll=true&__async=true&__source=wa0301 HTTP/1.1" 200 6692 
0:0:0:0:0:0:0:1 -  -  [11/一月/2016:15:34:31 +0000] "GET /CMD?DimmedLight=DECREASE&__async=true&__source=wa0301 HTTP/1.1" 200 0 
0:0:0:0:0:0:0:1 -  -  [11/一月/2016:15:34:31 +0000] "GET /images/slider-0.png HTTP/1.1" 200 1467 
0:0:0:0:0:0:0:1 -  -  [11/一月/2016:15:34:32 +0000] "GET /CMD?DimmedLight=DECREASE&__async=true&__source=wa0301 HTTP/1.1" 200 0 
0:0:0:0:0:0:0:1 -  -  [11/一月/2016:15:34:32 +0000] "GET /CMD?DimmedLight=DECREASE&__async=true&__source=wa0301 HTTP/1.1" 200 0 
0:0:0:0:0:0:0:1 -  -  [11/一月/2016:15:34:31 +0000] "GET /openhab.app?sitemap=demo&sitemap=demo&w=0301&poll=true&__async=true&__source=wa0301 HTTP/1.1" 200 6692 
0:0:0:0:0:0:0:1 -  -  [11/一月/2016:15:34:32 +0000] "GET /CMD?DimmedLight=DECREASE&__async=true&__source=wa0301 HTTP/1.1" 200 0 
0:0:0:0:0:0:0:1 -  -  [11/一月/2016:15:34:32 +0000] "GET /CMD?DimmedLight=DECREASE&__async=true&__source=wa0301 HTTP/1.1" 200 0 
0:0:0:0:0:0:0:1 -  -  [11/一月/2016:15:34:32 +0000] "GET /CMD?DimmedLight=DECREASE&__async=true&__source=wa0301 HTTP/1.1" 200 0 
0:0:0:0:0:0:0:1 -  -  [11/一月/2016:15:34:32 +0000] "GET /CMD?DimmedLight=DECREASE&__async=true&__source=wa0301 HTTP/1.1" 200 0 
0:0:0:0:0:0:0:1 -  -  [11/一月/2016:15:34:32 +0000] "GET /openhab.app?sitemap=demo&sitemap=demo&w=0301&poll=true&__async=true&__source=wa0301 HTTP/1.1" 200 6692 
0:0:0:0:0:0:0:1 -  -  [11/一月/2016:15:34:33 +0000] "GET /CMD?DimmedLight=DECREASE&__async=true&__source=wa0301 HTTP/1.1" 200 0 
0:0:0:0:0:0:0:1 -  -  [11/一月/2016:15:34:32 +0000] "GET /openhab.app?sitemap=demo&sitemap=demo&w=0301&poll=true&__async=true&__source=wa0301 HTTP/1.1" 200 6692 
0:0:0:0:0:0:0:1 -  -  [11/一月/2016:15:34:33 +0000] "GET /CMD?RGBLight=OFF&__async=true&__source=wa0301 HTTP/1.1" 200 0 
0:0:0:0:0:0:0:1 -  -  [11/一月/2016:15:34:34 +0000] "GET /CMD?RGBLight=DECREASE&__async=true&__source=wa0301 HTTP/1.1" 200 0 
0:0:0:0:0:0:0:1 -  -  [11/一月/2016:15:34:33 +0000] "GET /openhab.app?sitemap=demo&sitemap=demo&w=0301&poll=true&__async=true&__source=wa0301 HTTP/1.1" 200 6694 
0:0:0:0:0:0:0:1 -  -  [11/一月/2016:15:34:35 +0000] "GET /openhab.app?sitemap=demo&sitemap=demo&w=Colorpicker&poll=true&__async=true&__source=waColorpicker HTTP/1.1" 200 0 
0:0:0:0:0:0:0:1 -  -  [11/一月/2016:15:34:40 +0000] "GET /openhab.app?sitemap=demo&sitemap=demo&w=Colorpicker&poll=true&__async=true&__source=waColorpicker HTTP/1.1" 200 0 
0:0:0:0:0:0:0:1 -  -  [11/一月/2016:15:34:34 +0000] "GET /openhab.app?sitemap=demo&sitemap=demo&w=0301&poll=true&__async=true&__source=wa0301 HTTP/1.1" 200 92 
