2016-04-26 14:47:00 - Light_GF_Living_Table state updated to OFF
2016-04-26 14:47:00 - Light_GF_Corridor_Ceiling state updated to OFF
2016-04-26 14:47:00 - Light_GF_Kitchen_Ceiling state updated to ON
2016-04-26 14:47:00 - Light_GF_Kitchen_Table state updated to ON
2016-04-26 14:47:00 - Light_GF_Corridor_Wardrobe state updated to OFF
2016-04-26 14:47:00 - Light_GF_Toilet_Ceiling state updated to OFF
2016-04-26 14:47:00 - Light_GF_Toilet_Mirror state updated to OFF
2016-04-26 14:47:00 - Light_FF_Bath_Ceiling state updated to OFF
2016-04-26 14:47:00 - Light_FF_Bath_Mirror state updated to ON
2016-04-26 14:47:00 - Light_FF_Corridor_Ceiling state updated to OFF
2016-04-26 14:47:00 - Light_FF_Office_Ceiling state updated to OFF
2016-04-26 14:47:00 - Light_FF_Child_Ceiling state updated to OFF
2016-04-26 14:47:00 - Light_FF_Bed_Ceiling state updated to OFF
2016-04-26 14:47:00 - Light_C_Corridor_Ceiling state updated to OFF
2016-04-26 14:47:00 - Light_C_Staircase state updated to ON
2016-04-26 14:47:00 - Light_C_Washing_Ceiling state updated to ON
2016-04-26 14:47:00 - Light_C_Workshop state updated to ON
2016-04-26 14:47:00 - Light_Outdoor_Garage state updated to OFF
2016-04-26 14:47:00 - Light_Outdoor_Terrace state updated to OFF
2016-04-26 14:47:00 - Light_Outdoor_Frontdoor state updated to OFF
2016-04-26 14:47:00 - Heating_GF_Corridor state updated to ON
2016-04-26 14:47:00 - Heating_GF_Toilet state updated to OFF
2016-04-26 14:47:00 - Heating_GF_Living state updated to OFF
2016-04-26 14:47:00 - Heating_GF_Kitchen state updated to ON
2016-04-26 14:47:00 - Heating_FF_Bath state updated to OFF
2016-04-26 14:47:00 - Heating_FF_Office state updated to ON
2016-04-26 14:47:00 - Heating_FF_Child state updated to OFF
2016-04-26 14:47:00 - Heating_FF_Bed state updated to OFF
2016-04-26 14:47:00 - Temperature_Setpoint state updated to 22
2016-04-26 14:47:00 - Window_GF_Frontdoor state updated to CLOSED
2016-04-26 14:47:00 - Window_GF_Kitchen state updated to OPEN
2016-04-26 14:47:00 - Window_GF_Living state updated to CLOSED
2016-04-26 14:47:00 - Window_GF_Toilet state updated to CLOSED
2016-04-26 14:47:00 - Window_FF_Bath state updated to OPEN
2016-04-26 14:47:00 - Window_FF_Bed state updated to CLOSED
2016-04-26 14:47:00 - Window_FF_Office_Window state updated to CLOSED
2016-04-26 14:47:00 - Window_FF_Office_Door state updated to OPEN
2016-04-26 14:47:00 - Garage_Door state updated to OPEN
2016-04-26 14:47:00 - Temperature_GF_Corridor state updated to 21.20000000
2016-04-26 14:47:00 - Temperature_GF_Toilet state updated to 20.70000000
2016-04-26 14:47:01 - Temperature_GF_Living state updated to 17.70000000
2016-04-26 14:47:01 - Temperature_GF_Kitchen state updated to 19.20000000
2016-04-26 14:47:01 - Temperature_FF_Bath state updated to 21.40000000
2016-04-26 14:47:01 - Temperature_FF_Office state updated to 21.10000000
2016-04-26 14:47:01 - Temperature_FF_Child state updated to 18.30000000
2016-04-26 14:47:01 - Temperature_FF_Bed state updated to 21.10000000
2016-04-26 14:47:16 - Weather_Temp_Max state updated to 2
2016-04-26 14:47:16 - Weather_LastUpdate state updated to 2016-04-26T14:47:16
2016-04-26 14:47:16 - Weather_Temp_Min state updated to 2
2016-04-26 14:47:24 - Date state updated to 2016-04-26T14:47:24
2016-04-26 14:50:00 - Temperature_GF_Corridor state updated to 17.70000000
2016-04-26 14:50:00 - Temperature_GF_Toilet state updated to 20.70000000
2016-04-26 14:50:00 - Temperature_GF_Living state updated to 18.50000000
2016-04-26 14:50:00 - Temperature_GF_Kitchen state updated to 20.80000000
2016-04-26 14:50:00 - Temperature_FF_Bath state updated to 19.50000000
2016-04-26 14:50:00 - Temperature_FF_Office state updated to 19.10000000
2016-04-26 14:50:00 - Temperature_FF_Child state updated to 20.00000000
2016-04-26 14:50:00 - Temperature_FF_Bed state updated to 19.30000000
