2015-04-03 22:15:00,050 - Temperature_GF_Corridor  : 19.10000000
2015-04-03 22:15:00,077 - Temperature_GF_Toilet    : 22.10000000
2015-04-03 22:15:00,109 - Temperature_GF_Living    : 22.50000000
2015-04-03 22:15:00,145 - Temperature_GF_Kitchen   : 20.80000000
2015-04-03 22:15:00,221 - Temperature_FF_Bath      : 21.30000000
2015-04-03 22:15:00,248 - Temperature_FF_Office    : 21.00000000
2015-04-03 22:15:00,274 - Temperature_FF_Child     : 21.00000000
2015-04-03 22:15:00,415 - Temperature_FF_Bed       : 21.20000000
2015-04-03 22:20:00,044 - Temperature_GF_Corridor  : 19.40000000
2015-04-03 22:20:00,061 - Temperature_GF_Toilet    : 20.20000000
2015-04-03 22:20:00,076 - Temperature_GF_Living    : 20.00000000
2015-04-03 22:20:00,095 - Temperature_GF_Kitchen   : 19.40000000
2015-04-03 22:20:00,112 - Temperature_FF_Bath      : 22.30000000
2015-04-03 22:20:00,129 - Temperature_FF_Office    : 19.70000000
2015-04-03 22:20:00,144 - Temperature_FF_Child     : 20.10000000
2015-04-03 22:20:00,161 - Temperature_FF_Bed       : 19.80000000
2015-04-07 22:15:00,043 - Temperature_GF_Corridor  : 19.20000000
2015-04-07 22:15:00,074 - Temperature_GF_Toilet    : 19.50000000
2015-04-07 22:15:00,090 - Temperature_GF_Living    : 20.00000000
2015-04-07 22:15:00,105 - Temperature_GF_Kitchen   : 18.50000000
2015-04-07 22:15:00,121 - Temperature_FF_Bath      : 19.20000000
2015-04-07 22:15:00,121 - Temperature_FF_Office    : 21.20000000
2015-04-07 22:15:00,136 - Temperature_FF_Child     : 18.50000000
2015-04-07 22:15:00,152 - Temperature_FF_Bed       : 18.10000000
2016-01-11 23:30:00,197 - Temperature_GF_Corridor  : 18.20000000
2016-01-11 23:30:00,268 - Temperature_GF_Living    : 21.60000000
2016-01-11 23:30:00,285 - Temperature_GF_Kitchen   : 21.10000000
2016-01-11 23:30:00,300 - Temperature_FF_Bath      : 20.10000000
2016-01-11 23:30:00,320 - Temperature_FF_Office    : 18.90000000
2016-01-11 23:30:00,335 - Temperature_FF_Child     : 19.00000000
2016-01-11 23:30:00,353 - Temperature_FF_Bed       : 19.00000000
2016-02-28 16:25:00,051 - Temperature_GF_Corridor  : 21.20000000
2016-02-28 16:25:00,098 - Temperature_GF_Toilet    : 21.80000000
2016-02-28 16:25:00,113 - Temperature_GF_Living    : 18.20000000
2016-02-28 16:25:00,129 - Temperature_GF_Kitchen   : 21.10000000
2016-02-28 16:25:00,144 - Temperature_FF_Bath      : 21.50000000
2016-02-28 16:25:00,160 - Temperature_FF_Office    : 20.70000000
2016-02-28 16:25:00,191 - Temperature_FF_Child     : 18.70000000
2016-02-28 16:25:00,207 - Temperature_FF_Bed       : 18.00000000
2016-02-28 16:45:00,187 - Temperature_GF_Corridor  : 21.80000000
2016-02-28 16:45:00,218 - Temperature_GF_Toilet    : 21.60000000
2016-02-28 16:45:00,234 - Temperature_GF_Living    : 18.20000000
2016-02-28 16:45:00,265 - Temperature_GF_Kitchen   : 18.30000000
2016-02-28 16:45:00,281 - Temperature_FF_Bath      : 21.10000000
2016-02-28 16:45:00,296 - Temperature_FF_Office    : 20.50000000
2016-02-28 16:45:00,312 - Temperature_FF_Child     : 18.70000000
2016-02-28 16:45:00,327 - Temperature_FF_Bed       : 18.70000000
2016-02-28 16:50:00,109 - Temperature_GF_Corridor  : 17.70000000
2016-02-28 16:50:00,140 - Temperature_GF_Toilet    : 20.20000000
2016-02-28 16:50:00,156 - Temperature_GF_Living    : 19.10000000
2016-02-28 16:50:00,171 - Temperature_GF_Kitchen   : 18.90000000
2016-02-28 16:50:00,187 - Temperature_FF_Bath      : 21.40000000
2016-02-28 16:50:00,202 - Temperature_FF_Office    : 21.00000000
2016-02-28 16:50:00,234 - Temperature_FF_Child     : 19.40000000
2016-02-28 16:50:00,249 - Temperature_FF_Bed       : 18.40000000
2016-02-28 16:55:00,109 - Temperature_GF_Corridor  : 18.60000000
2016-02-28 16:55:00,140 - Temperature_GF_Toilet    : 19.30000000
2016-02-28 16:55:00,156 - Temperature_GF_Living    : 18.00000000
2016-02-28 16:55:00,172 - Temperature_GF_Kitchen   : 20.70000000
2016-02-28 16:55:00,207 - Temperature_FF_Bath      : 20.30000000
2016-02-28 16:55:00,225 - Temperature_FF_Office    : 17.90000000
2016-02-28 16:55:00,239 - Temperature_FF_Child     : 18.70000000
2016-02-28 16:55:00,255 - Temperature_FF_Bed       : 19.30000000
2016-02-28 17:00:00,118 - Temperature_GF_Corridor  : 20.20000000
2016-02-28 17:00:00,140 - Temperature_GF_Toilet    : 20.30000000
2016-02-28 17:00:00,160 - Temperature_GF_Living    : 21.80000000
2016-02-28 17:00:00,181 - Temperature_GF_Kitchen   : 20.80000000
2016-02-28 17:00:00,201 - Temperature_FF_Bath      : 18.40000000
2016-02-28 17:00:00,220 - Temperature_FF_Office    : 21.50000000
2016-02-28 17:00:00,238 - Temperature_FF_Child     : 21.70000000
2016-02-28 17:00:00,258 - Temperature_FF_Bed       : 20.20000000
2016-02-28 17:05:00,077 - Temperature_GF_Corridor  : 19.40000000
2016-02-28 17:05:00,102 - Temperature_GF_Toilet    : 17.80000000
2016-02-28 17:05:00,131 - Temperature_GF_Living    : 21.70000000
2016-02-28 17:05:00,153 - Temperature_GF_Kitchen   : 19.30000000
2016-02-28 17:05:00,175 - Temperature_FF_Bath      : 17.60000000
2016-02-28 17:05:00,196 - Temperature_FF_Office    : 18.20000000
2016-02-28 17:05:00,219 - Temperature_FF_Child     : 21.10000000
2016-02-28 17:05:00,242 - Temperature_FF_Bed       : 20.30000000
2016-02-28 17:10:00,095 - Temperature_GF_Corridor  : 22.30000000
2016-02-28 17:10:00,125 - Temperature_GF_Living    : 19.60000000
2016-02-28 17:10:00,142 - Temperature_GF_Kitchen   : 22.40000000
2016-02-28 17:10:00,159 - Temperature_FF_Bath      : 21.70000000
2016-02-28 17:10:00,176 - Temperature_FF_Office    : 20.10000000
2016-02-28 17:10:00,193 - Temperature_FF_Child     : 19.50000000
2016-02-28 17:10:00,209 - Temperature_FF_Bed       : 19.20000000
2016-04-05 21:25:00,064 - Temperature_GF_Corridor  : 20.80000000
2016-04-05 21:25:00,153 - Temperature_GF_Toilet    : 18.10000000
2016-04-05 21:25:00,164 - Temperature_GF_Living    : 19.50000000
2016-04-05 21:25:00,175 - Temperature_GF_Kitchen   : 17.70000000
2016-04-05 21:25:00,186 - Temperature_FF_Bath      : 20.30000000
2016-04-05 21:25:00,198 - Temperature_FF_Office    : 20.30000000
2016-04-05 21:25:00,208 - Temperature_FF_Child     : 18.90000000
2016-04-05 21:25:00,217 - Temperature_FF_Bed       : 19.90000000
